nohup: ignoring input
Using backend: pytorch
2025-06-09 13:33:45.661 | INFO     | failure_dependency_graph.FDG_config:process_args:62 - torch.cuda.is_available()=True
2025-06-09 13:33:45.700 | INFO     | DejaVu.workflow:_train_exp_CFL:34 - 
================================================Config=============================================
{'FI_feature_dim': 4,
 'GAT_layers': 10,
 'GAT_num_heads': 4,
 'GAT_residual': True,
 'GAT_shared_feature_mapper': False,
 'augmentation': True,
 'balance_train_set': True,
 'batch_size': 128,
 'cache_dir': PosixPath('/tmp/SSF/.cache'),
 'checkpoint_metric': 'val_loss',
 'cuda': True,
 'data_dir': PosixPath('data/aiops2022'),
 'dataset_split_ratio': (0.4, 0.2, 0.4),
 'display_epoch_freq': 10,
 'display_second_freq': 5,
 'drop_FDG_edges_fraction': 0.0,
 'dropout': False,
 'early_stopping_epoch_patience': 1500,
 'es': True,
 'faults_path': None,
 'feature_projector_type': 'GRU',
 'flush_dataset_cache': True,
 'gradient_clip_val': 1.0,
 'graph_config_path': None,
 'init_lr': 0.01,
 'max_epoch': 2000,
 'metrics_path': None,
 'output_base_path': PosixPath('/SSF/output'),
 'output_dir': PosixPath('/SSF/output/run_GAT_node_classification.py.2025-06-09T13:33:45.661023'),
 'p': 0.25,
 'q': 0.25,
 'random_walk_length': 8,
 'rec_loss_weight': 1.0,
 'test_batch_size': 128,
 'test_epoch_freq': 100,
 'test_second_freq': 30.0,
 'train_set_repeat': 1,
 'train_set_sampling': 1.0,
 'ts_feature_mode': 'full',
 'use_anomaly_direction_constraint': False,
 'valid_epoch_freq': 10,
 'weight_decay': 0.015,
 'window_size': (10, 10)}
===================================================================================================

2025-06-09 13:33:45.799 | INFO     | DejaVu.workflow:_train_exp_CFL:39 - reproducibility info: {'command_line': 'python run_GAT_node_classification.py -H=4 -L=10 -fe=GRU -aug=True -bal=True --data_dir=./data/aiops2022', 'time': 'Mon Jun  9 13:33:45 2025', 'git_root': '/workspace', 'git_url': 'https://github.com/yijunquan-afk/Dejavu-changed/tree/e249dc2aff6bd781a8e340b9915279636246b408', 'git_has_uncommitted_changes': True}
2025-06-09 13:33:45.977 | INFO     | failure_dependency_graph.failure_dependency_graph:_load_FDG:207 - Loading FDG from data/aiops2022/FDG.pkl
2025-06-09 13:33:46.250 | INFO     | failure_dependency_graph.model_interface:__init__:48 - dataset_cache_dir=/tmp/SSF/.cache/faults=data_aiops2022_faults.csv.graph=None.metrics=data_aiops2022_metrics.norm.pkl.use_anomaly_direction_constraint=False
2025-06-09 13:33:46.263 | INFO     | failure_dependency_graph.model_interface:split_failures_by_type:220 - Dataset splited result: 
2025-06-09 13:33:46.263 | INFO     | failure_dependency_graph.model_interface:split_failures_by_type:221 - len(train_list)=103 len(set(train_list))=103 len(validation_list)=15 len(test_list)=66 
2025-06-09 13:33:46.271 | INFO     | DejaVu.workflow:_train_exp_CFL:51 - 
==========================Model Summary================================================================================================================
Layer (type:depth-idx)                   Param #
=================================================================
GAT                                      --
├─FIFeatureExtractor: 1-1                --
│    └─ModuleList: 2-1                   --
│    │    └─GRUFeatureModule: 3-1        --
│    │    │    └─GRU: 4-1                336
│    │    │    └─Sequential: 4-2         --
│    │    │    │    └─Reshape: 5-1       --
│    │    │    │    └─Conv1d: 5-2        130
│    │    │    │    └─GELU: 5-3          --
│    │    │    │    └─Flatten: 5-4       --
│    │    │    │    └─Linear: 5-5        724
│    │    │    │    └─Reshape: 5-6       --
│    │    └─GRUFeatureModule: 3-2        --
│    │    │    └─GRU: 4-3                96
│    │    │    └─Sequential: 4-4         --
│    │    │    │    └─Reshape: 5-7       --
│    │    │    │    └─Conv1d: 5-8        130
│    │    │    │    └─GELU: 5-9          --
│    │    │    │    └─Flatten: 5-10      --
│    │    │    │    └─Linear: 5-11       724
│    │    │    │    └─Reshape: 5-12      --
├─Identity: 1-2                          --
├─ModuleList: 1-3                        --
│    └─GATConv: 2-2                      --
│    │    └─Linear: 3-3                  64
│    │    └─Dropout: 3-4                 --
│    │    └─Dropout: 3-5                 --
│    │    └─LeakyReLU: 3-6               --
│    │    └─Linear: 3-7                  64
│    └─GATConv: 2-3                      --
│    │    └─Linear: 3-8                  256
│    │    └─Dropout: 3-9                 --
│    │    └─Dropout: 3-10                --
│    │    └─LeakyReLU: 3-11              --
│    │    └─Identity: 3-12               --
│    └─GATConv: 2-4                      --
│    │    └─Linear: 3-13                 256
│    │    └─Dropout: 3-14                --
│    │    └─Dropout: 3-15                --
│    │    └─LeakyReLU: 3-16              --
│    │    └─Identity: 3-17               --
│    └─GATConv: 2-5                      --
│    │    └─Linear: 3-18                 256
│    │    └─Dropout: 3-19                --
│    │    └─Dropout: 3-20                --
│    │    └─LeakyReLU: 3-21              --
│    │    └─Identity: 3-22               --
│    └─GATConv: 2-6                      --
│    │    └─Linear: 3-23                 256
│    │    └─Dropout: 3-24                --
│    │    └─Dropout: 3-25                --
│    │    └─LeakyReLU: 3-26              --
│    │    └─Identity: 3-27               --
│    └─GATConv: 2-7                      --
│    │    └─Linear: 3-28                 256
│    │    └─Dropout: 3-29                --
│    │    └─Dropout: 3-30                --
│    │    └─LeakyReLU: 3-31              --
│    │    └─Identity: 3-32               --
│    └─GATConv: 2-8                      --
│    │    └─Linear: 3-33                 256
│    │    └─Dropout: 3-34                --
│    │    └─Dropout: 3-35                --
│    │    └─LeakyReLU: 3-36              --
│    │    └─Identity: 3-37               --
│    └─GATConv: 2-9                      --
│    │    └─Linear: 3-38                 256
│    │    └─Dropout: 3-39                --
│    │    └─Dropout: 3-40                --
│    │    └─LeakyReLU: 3-41              --
│    │    └─Identity: 3-42               --
│    └─GATConv: 2-10                     --
│    │    └─Linear: 3-43                 256
│    │    └─Dropout: 3-44                --
│    │    └─Dropout: 3-45                --
│    │    └─LeakyReLU: 3-46              --
│    │    └─Identity: 3-47               --
│    └─GATConv: 2-11                     --
│    │    └─Linear: 3-48                 256
│    │    └─Dropout: 3-49                --
│    │    └─Dropout: 3-50                --
│    │    └─LeakyReLU: 3-51              --
│    │    └─Identity: 3-52               --
├─NodeWeightPredictor: 1-4               --
│    └─Sequential: 2-12                  --
│    │    └─Linear: 3-53                 2,176
│    │    └─GELU: 3-54                   --
│    │    └─Linear: 3-55                 128
=================================================================
Total params: 6,876
Trainable params: 6,876
Non-trainable params: 0
=======================================================================================================================================================

GPU available: True, used: False
TPU available: False, using: 0 TPU cores
IPU available: False, using: 0 IPUs
HPU available: False, using: 0 HPUs
<failure_dependency_graph.failure_dependency_graph.FDG object at 0x7f05301a27f0>
preprocess metrics for each instance type:   0%|          | 0/2 [00:00<?, ?it/s]preprocess metrics for each instance type:  50%|█████     | 1/2 [00:02<00:02,  2.94s/it]preprocess metrics for each instance type: 100%|██████████| 2/2 [00:03<00:00,  1.28s/it]preprocess metrics for each instance type: 100%|██████████| 2/2 [00:03<00:00,  1.53s/it]
Auto select gpus: [0]
GPU available: True, used: True
TPU available: False, using: 0 TPU cores
IPU available: False, using: 0 IPUs
HPU available: False, using: 0 HPUs
Missing logger folder: /SSF/output/run_GAT_node_classification.py.2025-06-09T13:33:45.661023/lightning_logs
LOCAL_RANK: 0 - CUDA_VISIBLE_DEVICES: [0,1,2,3]

  | Name    | Type | Params
---------------------------------
0 | _module | GAT  | 7.4 K 
---------------------------------
7.4 K     Trainable params
0         Non-trainable params
7.4 K     Total params
0.029     Total estimated model params size (MB)
2025-06-09 13:33:54.881 | INFO     | DejaVu.models.interface.callbacks:on_validation_epoch_end:54 - epoch=0     val_loss=1.2706     A@1=0.00 % A@2=0.00 % A@3=0.00 % A@4=0.00 % A@5=0.00 % AVG@5=0.00 % MAR=30.13 
2025-06-09 13:33:59.660 | INFO     | DejaVu.models.interface.callbacks:on_train_epoch_end:41 - epoch=0     loss=2.3973    A@1=2.91 % A@2=3.88 % A@3=3.88 % A@4=4.85 % A@5=6.80 % AVG@5=4.47 % MAR=33.52 
2025-06-09 13:34:00.421 | INFO     | DejaVu.models.interface.callbacks:on_train_epoch_end:41 - epoch=2     loss=0.5646    A@1=0.97 % A@2=0.97 % A@3=1.94 % A@4=3.88 % A@5=4.85 % AVG@5=2.52 % MAR=34.22 
2025-06-09 13:34:03.011 | INFO     | DejaVu.models.interface.callbacks:on_validation_epoch_end:54 - epoch=9     val_loss=0.8410     A@1=33.33% A@2=53.33% A@3=80.00% A@4=93.33% A@5=93.33% AVG@5=70.67% MAR=3.33  
Metric val_loss improved. New best score: 0.841
2025-06-09 13:34:03.413 | INFO     | DejaVu.models.interface.callbacks:on_train_epoch_end:41 - epoch=10    loss=0.3760    A@1=20.39% A@2=33.98% A@3=46.60% A@4=50.49% A@5=52.43% AVG@5=40.78% MAR=10.69 
2025-06-09 13:34:06.635 | INFO     | DejaVu.models.interface.callbacks:on_validation_epoch_end:54 - epoch=19    val_loss=0.8156     A@1=53.33% A@2=60.00% A@3=80.00% A@4=93.33% A@5=93.33% AVG@5=76.00% MAR=2.80  
Metric val_loss improved by 0.025 >= min_delta = 0.0. New best score: 0.816
2025-06-09 13:34:07.039 | INFO     | DejaVu.models.interface.callbacks:on_train_epoch_end:41 - epoch=20    loss=0.3846    A@1=30.10% A@2=41.75% A@3=51.46% A@4=58.25% A@5=60.19% AVG@5=48.35% MAR=9.53  
2025-06-09 13:34:10.228 | INFO     | DejaVu.models.interface.callbacks:on_validation_epoch_end:54 - epoch=29    val_loss=0.8130     A@1=53.33% A@2=73.33% A@3=86.67% A@4=93.33% A@5=93.33% AVG@5=80.00% MAR=3.07  
Metric val_loss improved by 0.003 >= min_delta = 0.0. New best score: 0.813
2025-06-09 13:34:10.624 | INFO     | DejaVu.models.interface.callbacks:on_train_epoch_end:41 - epoch=30    loss=0.4193    A@1=35.92% A@2=48.54% A@3=60.19% A@4=63.11% A@5=66.02% AVG@5=54.76% MAR=9.38  
2025-06-09 13:34:13.762 | INFO     | DejaVu.models.interface.callbacks:on_validation_epoch_end:54 - epoch=39    val_loss=0.3451     A@1=60.00% A@2=80.00% A@3=86.67% A@4=93.33% A@5=93.33% AVG@5=82.67% MAR=2.20  
Metric val_loss improved by 0.468 >= min_delta = 0.0. New best score: 0.345
2025-06-09 13:34:14.154 | INFO     | DejaVu.models.interface.callbacks:on_train_epoch_end:41 - epoch=40    loss=0.2653    A@1=36.89% A@2=48.54% A@3=61.17% A@4=66.02% A@5=66.02% AVG@5=55.73% MAR=8.41  
2025-06-09 13:34:17.295 | INFO     | DejaVu.models.interface.callbacks:on_validation_epoch_end:54 - epoch=49    val_loss=0.2221     A@1=60.00% A@2=73.33% A@3=86.67% A@4=93.33% A@5=93.33% AVG@5=81.33% MAR=3.20  
Metric val_loss improved by 0.123 >= min_delta = 0.0. New best score: 0.222
2025-06-09 13:34:17.693 | INFO     | DejaVu.models.interface.callbacks:on_train_epoch_end:41 - epoch=50    loss=0.2406    A@1=44.66% A@2=52.43% A@3=64.08% A@4=69.90% A@5=70.87% AVG@5=60.39% MAR=7.31  
2025-06-09 13:34:20.956 | INFO     | DejaVu.models.interface.callbacks:on_validation_epoch_end:54 - epoch=59    val_loss=0.2182     A@1=60.00% A@2=60.00% A@3=93.33% A@4=93.33% A@5=93.33% AVG@5=80.00% MAR=3.60  
Metric val_loss improved by 0.004 >= min_delta = 0.0. New best score: 0.218
2025-06-09 13:34:21.347 | INFO     | DejaVu.models.interface.callbacks:on_train_epoch_end:41 - epoch=60    loss=0.2305    A@1=42.72% A@2=55.34% A@3=67.96% A@4=75.73% A@5=75.73% AVG@5=63.50% MAR=5.36  
2025-06-09 13:34:24.452 | INFO     | DejaVu.models.interface.callbacks:on_validation_epoch_end:54 - epoch=69    val_loss=0.2470     A@1=60.00% A@2=66.67% A@3=86.67% A@4=93.33% A@5=93.33% AVG@5=80.00% MAR=3.47  
2025-06-09 13:34:24.461 | INFO     | DejaVu.models.interface.callbacks:on_validation_epoch_end:145 - 
=======================Start Test at Epoch 69 ======================
2025-06-09 13:34:24.461 | INFO     | DejaVu.models.interface.callbacks:on_validation_epoch_end:148 - load model from /SSF/output/run_GAT_node_classification.py.2025-06-09T13:33:45.661023/lightning_logs/version_0/checkpoints/epoch=59-A@1=0.600000-val_loss=0.218186-MAR=3.600000.ckpt
2025-06-09 13:34:24.461 | ERROR    | DejaVu.models.interface.callbacks:on_validation_epoch_end:157 - Encounter Exception during test: TypeError("test() got an unexpected keyword argument 'test_dataloaders'")
2025-06-09 13:34:24.841 | INFO     | DejaVu.models.interface.callbacks:on_train_epoch_end:41 - epoch=70    loss=0.2220    A@1=42.72% A@2=55.34% A@3=65.05% A@4=69.90% A@5=72.82% AVG@5=61.17% MAR=5.46  
2025-06-09 13:34:27.927 | INFO     | DejaVu.models.interface.callbacks:on_validation_epoch_end:54 - epoch=79    val_loss=0.2566     A@1=60.00% A@2=66.67% A@3=86.67% A@4=93.33% A@5=93.33% AVG@5=80.00% MAR=3.53  
2025-06-09 13:34:28.317 | INFO     | DejaVu.models.interface.callbacks:on_train_epoch_end:41 - epoch=80    loss=0.2073    A@1=43.69% A@2=57.28% A@3=66.99% A@4=70.87% A@5=73.79% AVG@5=62.52% MAR=5.23  
2025-06-09 13:34:31.379 | INFO     | DejaVu.models.interface.callbacks:on_validation_epoch_end:54 - epoch=89    val_loss=0.2177     A@1=60.00% A@2=60.00% A@3=86.67% A@4=93.33% A@5=93.33% AVG@5=78.67% MAR=3.60  
Metric val_loss improved by 0.000 >= min_delta = 0.0. New best score: 0.218
2025-06-09 13:34:31.770 | INFO     | DejaVu.models.interface.callbacks:on_train_epoch_end:41 - epoch=90    loss=0.1897    A@1=40.78% A@2=48.54% A@3=68.93% A@4=74.76% A@5=76.70% AVG@5=61.94% MAR=5.27  
2025-06-09 13:34:34.876 | INFO     | DejaVu.models.interface.callbacks:on_validation_epoch_end:54 - epoch=99    val_loss=0.2547     A@1=53.33% A@2=66.67% A@3=80.00% A@4=93.33% A@5=93.33% AVG@5=77.33% MAR=3.47  
2025-06-09 13:34:35.267 | INFO     | DejaVu.models.interface.callbacks:on_train_epoch_end:41 - epoch=100   loss=0.1965    A@1=41.75% A@2=48.54% A@3=64.08% A@4=71.84% A@5=74.76% AVG@5=60.19% MAR=5.49  
2025-06-09 13:34:38.369 | INFO     | DejaVu.models.interface.callbacks:on_validation_epoch_end:54 - epoch=109   val_loss=0.2476     A@1=60.00% A@2=66.67% A@3=80.00% A@4=93.33% A@5=93.33% AVG@5=78.67% MAR=3.33  
2025-06-09 13:34:38.760 | INFO     | DejaVu.models.interface.callbacks:on_train_epoch_end:41 - epoch=110   loss=0.2058    A@1=47.57% A@2=57.28% A@3=67.96% A@4=74.76% A@5=76.70% AVG@5=64.85% MAR=5.20  
2025-06-09 13:34:41.864 | INFO     | DejaVu.models.interface.callbacks:on_validation_epoch_end:54 - epoch=119   val_loss=0.2187     A@1=46.67% A@2=66.67% A@3=80.00% A@4=93.33% A@5=93.33% AVG@5=76.00% MAR=3.73  
2025-06-09 13:34:42.254 | INFO     | DejaVu.models.interface.callbacks:on_train_epoch_end:41 - epoch=120   loss=0.2031    A@1=40.78% A@2=53.40% A@3=70.87% A@4=76.70% A@5=77.67% AVG@5=63.88% MAR=4.93  
2025-06-09 13:34:45.370 | INFO     | DejaVu.models.interface.callbacks:on_validation_epoch_end:54 - epoch=129   val_loss=0.2298     A@1=53.33% A@2=66.67% A@3=80.00% A@4=93.33% A@5=93.33% AVG@5=77.33% MAR=3.53  
2025-06-09 13:34:45.758 | INFO     | DejaVu.models.interface.callbacks:on_train_epoch_end:41 - epoch=130   loss=0.2730    A@1=40.78% A@2=54.37% A@3=63.11% A@4=73.79% A@5=74.76% AVG@5=61.36% MAR=5.65  
2025-06-09 13:34:48.862 | INFO     | DejaVu.models.interface.callbacks:on_validation_epoch_end:54 - epoch=139   val_loss=0.2129     A@1=53.33% A@2=66.67% A@3=86.67% A@4=93.33% A@5=93.33% AVG@5=78.67% MAR=3.40  
Metric val_loss improved by 0.005 >= min_delta = 0.0. New best score: 0.213
2025-06-09 13:34:49.248 | INFO     | DejaVu.models.interface.callbacks:on_train_epoch_end:41 - epoch=140   loss=0.1846    A@1=41.75% A@2=52.43% A@3=71.84% A@4=74.76% A@5=77.67% AVG@5=63.69% MAR=5.03  
2025-06-09 13:34:52.480 | INFO     | DejaVu.models.interface.callbacks:on_validation_epoch_end:54 - epoch=149   val_loss=0.2235     A@1=53.33% A@2=66.67% A@3=80.00% A@4=93.33% A@5=93.33% AVG@5=77.33% MAR=3.67  
2025-06-09 13:34:52.850 | INFO     | DejaVu.models.interface.callbacks:on_train_epoch_end:41 - epoch=150   loss=0.2057    A@1=41.75% A@2=57.28% A@3=67.96% A@4=76.70% A@5=79.61% AVG@5=64.66% MAR=4.63  
2025-06-09 13:34:55.952 | INFO     | DejaVu.models.interface.callbacks:on_validation_epoch_end:54 - epoch=159   val_loss=0.2217     A@1=53.33% A@2=66.67% A@3=86.67% A@4=93.33% A@5=93.33% AVG@5=78.67% MAR=3.27  
2025-06-09 13:34:55.960 | INFO     | DejaVu.models.interface.callbacks:on_validation_epoch_end:145 - 
=======================Start Test at Epoch 159 ======================
2025-06-09 13:34:55.961 | INFO     | DejaVu.models.interface.callbacks:on_validation_epoch_end:148 - load model from /SSF/output/run_GAT_node_classification.py.2025-06-09T13:33:45.661023/lightning_logs/version_0/checkpoints/epoch=139-A@1=0.533333-val_loss=0.212880-MAR=3.400000.ckpt
2025-06-09 13:34:55.961 | ERROR    | DejaVu.models.interface.callbacks:on_validation_epoch_end:157 - Encounter Exception during test: TypeError("test() got an unexpected keyword argument 'test_dataloaders'")
2025-06-09 13:34:56.346 | INFO     | DejaVu.models.interface.callbacks:on_train_epoch_end:41 - epoch=160   loss=0.2357    A@1=39.81% A@2=54.37% A@3=62.14% A@4=72.82% A@5=76.70% AVG@5=61.17% MAR=4.91  
2025-06-09 13:34:59.459 | INFO     | DejaVu.models.interface.callbacks:on_validation_epoch_end:54 - epoch=169   val_loss=0.2349     A@1=60.00% A@2=66.67% A@3=86.67% A@4=93.33% A@5=93.33% AVG@5=80.00% MAR=3.27  
2025-06-09 13:34:59.832 | INFO     | DejaVu.models.interface.callbacks:on_train_epoch_end:41 - epoch=170   loss=0.1842    A@1=42.72% A@2=55.34% A@3=66.02% A@4=71.84% A@5=75.73% AVG@5=62.33% MAR=4.98  
2025-06-09 13:35:02.943 | INFO     | DejaVu.models.interface.callbacks:on_validation_epoch_end:54 - epoch=179   val_loss=0.2424     A@1=53.33% A@2=66.67% A@3=86.67% A@4=93.33% A@5=93.33% AVG@5=78.67% MAR=3.47  
2025-06-09 13:35:03.319 | INFO     | DejaVu.models.interface.callbacks:on_train_epoch_end:41 - epoch=180   loss=0.1937    A@1=39.81% A@2=55.34% A@3=71.84% A@4=77.67% A@5=81.55% AVG@5=65.24% MAR=4.50  
2025-06-09 13:35:06.415 | INFO     | DejaVu.models.interface.callbacks:on_validation_epoch_end:54 - epoch=189   val_loss=0.2116     A@1=53.33% A@2=66.67% A@3=86.67% A@4=93.33% A@5=93.33% AVG@5=78.67% MAR=3.47  
Metric val_loss improved by 0.001 >= min_delta = 0.0. New best score: 0.212
2025-06-09 13:35:06.806 | INFO     | DejaVu.models.interface.callbacks:on_train_epoch_end:41 - epoch=190   loss=0.1584    A@1=42.72% A@2=55.34% A@3=69.90% A@4=75.73% A@5=80.58% AVG@5=64.85% MAR=4.27  
2025-06-09 13:35:09.912 | INFO     | DejaVu.models.interface.callbacks:on_validation_epoch_end:54 - epoch=199   val_loss=0.2212     A@1=53.33% A@2=66.67% A@3=86.67% A@4=93.33% A@5=93.33% AVG@5=78.67% MAR=3.53  
2025-06-09 13:35:10.281 | INFO     | DejaVu.models.interface.callbacks:on_train_epoch_end:41 - epoch=200   loss=0.2225    A@1=40.78% A@2=50.49% A@3=69.90% A@4=77.67% A@5=78.64% AVG@5=63.50% MAR=4.50  
2025-06-09 13:35:13.384 | INFO     | DejaVu.models.interface.callbacks:on_validation_epoch_end:54 - epoch=209   val_loss=0.2343     A@1=66.67% A@2=66.67% A@3=80.00% A@4=93.33% A@5=93.33% AVG@5=80.00% MAR=3.33  
2025-06-09 13:35:13.754 | INFO     | DejaVu.models.interface.callbacks:on_train_epoch_end:41 - epoch=210   loss=0.1968    A@1=47.57% A@2=58.25% A@3=69.90% A@4=76.70% A@5=81.55% AVG@5=66.80% MAR=4.01  
2025-06-09 13:35:16.864 | INFO     | DejaVu.models.interface.callbacks:on_validation_epoch_end:54 - epoch=219   val_loss=0.2317     A@1=60.00% A@2=66.67% A@3=86.67% A@4=93.33% A@5=93.33% AVG@5=80.00% MAR=3.40  
2025-06-09 13:35:17.235 | INFO     | DejaVu.models.interface.callbacks:on_train_epoch_end:41 - epoch=220   loss=0.1909    A@1=43.69% A@2=59.22% A@3=72.82% A@4=78.64% A@5=80.58% AVG@5=66.99% MAR=4.16  
2025-06-09 13:35:20.373 | INFO     | DejaVu.models.interface.callbacks:on_validation_epoch_end:54 - epoch=229   val_loss=0.2145     A@1=60.00% A@2=66.67% A@3=86.67% A@4=93.33% A@5=93.33% AVG@5=80.00% MAR=3.53  
2025-06-09 13:35:20.766 | INFO     | DejaVu.models.interface.callbacks:on_train_epoch_end:41 - epoch=230   loss=0.2411    A@1=39.81% A@2=56.31% A@3=70.87% A@4=75.73% A@5=80.58% AVG@5=64.66% MAR=4.76  
2025-06-09 13:35:24.129 | INFO     | DejaVu.models.interface.callbacks:on_validation_epoch_end:54 - epoch=239   val_loss=0.2084     A@1=60.00% A@2=66.67% A@3=80.00% A@4=93.33% A@5=93.33% AVG@5=78.67% MAR=3.33  
Metric val_loss improved by 0.003 >= min_delta = 0.0. New best score: 0.208
2025-06-09 13:35:24.528 | INFO     | DejaVu.models.interface.callbacks:on_train_epoch_end:41 - epoch=240   loss=0.1595    A@1=46.60% A@2=60.19% A@3=71.84% A@4=76.70% A@5=78.64% AVG@5=66.80% MAR=4.50  
2025-06-09 13:35:27.707 | INFO     | DejaVu.models.interface.callbacks:on_validation_epoch_end:54 - epoch=249   val_loss=0.2375     A@1=53.33% A@2=66.67% A@3=80.00% A@4=93.33% A@5=93.33% AVG@5=77.33% MAR=3.47  
2025-06-09 13:35:27.716 | INFO     | DejaVu.models.interface.callbacks:on_validation_epoch_end:145 - 
=======================Start Test at Epoch 249 ======================
2025-06-09 13:35:27.716 | INFO     | DejaVu.models.interface.callbacks:on_validation_epoch_end:148 - load model from /SSF/output/run_GAT_node_classification.py.2025-06-09T13:33:45.661023/lightning_logs/version_0/checkpoints/epoch=239-A@1=0.600000-val_loss=0.208385-MAR=3.333333.ckpt
2025-06-09 13:35:27.716 | ERROR    | DejaVu.models.interface.callbacks:on_validation_epoch_end:157 - Encounter Exception during test: TypeError("test() got an unexpected keyword argument 'test_dataloaders'")
2025-06-09 13:35:28.106 | INFO     | DejaVu.models.interface.callbacks:on_train_epoch_end:41 - epoch=250   loss=0.2154    A@1=41.75% A@2=55.34% A@3=70.87% A@4=78.64% A@5=81.55% AVG@5=65.63% MAR=4.42  
2025-06-09 13:35:31.300 | INFO     | DejaVu.models.interface.callbacks:on_validation_epoch_end:54 - epoch=259   val_loss=0.2226     A@1=53.33% A@2=66.67% A@3=80.00% A@4=93.33% A@5=93.33% AVG@5=77.33% MAR=3.53  
2025-06-09 13:35:31.676 | INFO     | DejaVu.models.interface.callbacks:on_train_epoch_end:41 - epoch=260   loss=0.2359    A@1=40.78% A@2=55.34% A@3=64.08% A@4=76.70% A@5=78.64% AVG@5=63.11% MAR=4.73  
2025-06-09 13:35:34.837 | INFO     | DejaVu.models.interface.callbacks:on_validation_epoch_end:54 - epoch=269   val_loss=0.2325     A@1=53.33% A@2=66.67% A@3=86.67% A@4=93.33% A@5=93.33% AVG@5=78.67% MAR=3.33  
2025-06-09 13:35:35.218 | INFO     | DejaVu.models.interface.callbacks:on_train_epoch_end:41 - epoch=270   loss=0.2089    A@1=40.78% A@2=55.34% A@3=70.87% A@4=78.64% A@5=79.61% AVG@5=65.05% MAR=4.33  
2025-06-09 13:35:38.380 | INFO     | DejaVu.models.interface.callbacks:on_validation_epoch_end:54 - epoch=279   val_loss=0.2365     A@1=60.00% A@2=66.67% A@3=86.67% A@4=93.33% A@5=93.33% AVG@5=80.00% MAR=3.27  
2025-06-09 13:35:38.754 | INFO     | DejaVu.models.interface.callbacks:on_train_epoch_end:41 - epoch=280   loss=0.2084    A@1=45.63% A@2=57.28% A@3=73.79% A@4=79.61% A@5=81.55% AVG@5=67.57% MAR=4.16  
2025-06-09 13:35:41.921 | INFO     | DejaVu.models.interface.callbacks:on_validation_epoch_end:54 - epoch=289   val_loss=0.2336     A@1=66.67% A@2=66.67% A@3=80.00% A@4=93.33% A@5=93.33% AVG@5=80.00% MAR=3.20  
2025-06-09 13:35:42.299 | INFO     | DejaVu.models.interface.callbacks:on_train_epoch_end:41 - epoch=290   loss=0.2163    A@1=45.63% A@2=55.34% A@3=67.96% A@4=76.70% A@5=77.67% AVG@5=64.66% MAR=4.32  
2025-06-09 13:35:45.449 | INFO     | DejaVu.models.interface.callbacks:on_validation_epoch_end:54 - epoch=299   val_loss=0.2108     A@1=53.33% A@2=60.00% A@3=80.00% A@4=93.33% A@5=93.33% AVG@5=76.00% MAR=3.33  
2025-06-09 13:35:45.839 | INFO     | DejaVu.models.interface.callbacks:on_train_epoch_end:41 - epoch=300   loss=0.1871    A@1=42.72% A@2=57.28% A@3=69.90% A@4=76.70% A@5=77.67% AVG@5=64.85% MAR=4.61  
2025-06-09 13:35:49.028 | INFO     | DejaVu.models.interface.callbacks:on_validation_epoch_end:54 - epoch=309   val_loss=0.2188     A@1=53.33% A@2=66.67% A@3=80.00% A@4=93.33% A@5=93.33% AVG@5=77.33% MAR=3.40  
2025-06-09 13:35:49.419 | INFO     | DejaVu.models.interface.callbacks:on_train_epoch_end:41 - epoch=310   loss=0.2058    A@1=39.81% A@2=53.40% A@3=68.93% A@4=77.67% A@5=82.52% AVG@5=64.47% MAR=4.14  
2025-06-09 13:35:53.039 | INFO     | DejaVu.models.interface.callbacks:on_validation_epoch_end:54 - epoch=319   val_loss=0.2232     A@1=53.33% A@2=66.67% A@3=80.00% A@4=93.33% A@5=93.33% AVG@5=77.33% MAR=3.40  
2025-06-09 13:35:53.415 | INFO     | DejaVu.models.interface.callbacks:on_train_epoch_end:41 - epoch=320   loss=0.1586    A@1=39.81% A@2=58.25% A@3=73.79% A@4=77.67% A@5=79.61% AVG@5=65.83% MAR=4.35  
2025-06-09 13:35:56.541 | INFO     | DejaVu.models.interface.callbacks:on_validation_epoch_end:54 - epoch=329   val_loss=0.2200     A@1=60.00% A@2=66.67% A@3=86.67% A@4=93.33% A@5=93.33% AVG@5=80.00% MAR=3.27  
2025-06-09 13:35:56.921 | INFO     | DejaVu.models.interface.callbacks:on_train_epoch_end:41 - epoch=330   loss=0.1624    A@1=47.57% A@2=58.25% A@3=67.96% A@4=77.67% A@5=77.67% AVG@5=65.83% MAR=4.19  
2025-06-09 13:36:00.355 | INFO     | DejaVu.models.interface.callbacks:on_validation_epoch_end:54 - epoch=339   val_loss=0.2206     A@1=66.67% A@2=66.67% A@3=80.00% A@4=93.33% A@5=93.33% AVG@5=80.00% MAR=3.40  
2025-06-09 13:36:00.364 | INFO     | DejaVu.models.interface.callbacks:on_validation_epoch_end:145 - 
=======================Start Test at Epoch 339 ======================
2025-06-09 13:36:00.364 | INFO     | DejaVu.models.interface.callbacks:on_validation_epoch_end:148 - load model from /SSF/output/run_GAT_node_classification.py.2025-06-09T13:33:45.661023/lightning_logs/version_0/checkpoints/epoch=239-A@1=0.600000-val_loss=0.208385-MAR=3.333333.ckpt
2025-06-09 13:36:00.365 | ERROR    | DejaVu.models.interface.callbacks:on_validation_epoch_end:157 - Encounter Exception during test: TypeError("test() got an unexpected keyword argument 'test_dataloaders'")
2025-06-09 13:36:00.796 | INFO     | DejaVu.models.interface.callbacks:on_train_epoch_end:41 - epoch=340   loss=0.2200    A@1=47.57% A@2=61.17% A@3=72.82% A@4=76.70% A@5=78.64% AVG@5=67.38% MAR=4.41  
2025-06-09 13:36:04.364 | INFO     | DejaVu.models.interface.callbacks:on_validation_epoch_end:54 - epoch=349   val_loss=0.2562     A@1=53.33% A@2=66.67% A@3=80.00% A@4=93.33% A@5=93.33% AVG@5=77.33% MAR=3.47  
2025-06-09 13:36:04.795 | INFO     | DejaVu.models.interface.callbacks:on_train_epoch_end:41 - epoch=350   loss=0.1882    A@1=41.75% A@2=53.40% A@3=67.96% A@4=77.67% A@5=80.58% AVG@5=64.27% MAR=4.18  
2025-06-09 13:36:08.354 | INFO     | DejaVu.models.interface.callbacks:on_validation_epoch_end:54 - epoch=359   val_loss=0.2275     A@1=53.33% A@2=66.67% A@3=80.00% A@4=93.33% A@5=93.33% AVG@5=77.33% MAR=3.40  
2025-06-09 13:36:08.784 | INFO     | DejaVu.models.interface.callbacks:on_train_epoch_end:41 - epoch=360   loss=0.1849    A@1=43.69% A@2=54.37% A@3=68.93% A@4=76.70% A@5=78.64% AVG@5=64.47% MAR=4.46  
2025-06-09 13:36:12.343 | INFO     | DejaVu.models.interface.callbacks:on_validation_epoch_end:54 - epoch=369   val_loss=0.2155     A@1=60.00% A@2=66.67% A@3=80.00% A@4=93.33% A@5=93.33% AVG@5=78.67% MAR=3.20  
2025-06-09 13:36:12.773 | INFO     | DejaVu.models.interface.callbacks:on_train_epoch_end:41 - epoch=370   loss=0.2606    A@1=40.78% A@2=57.28% A@3=68.93% A@4=75.73% A@5=78.64% AVG@5=64.27% MAR=4.23  
2025-06-09 13:36:16.352 | INFO     | DejaVu.models.interface.callbacks:on_validation_epoch_end:54 - epoch=379   val_loss=0.2184     A@1=53.33% A@2=66.67% A@3=80.00% A@4=93.33% A@5=93.33% AVG@5=77.33% MAR=3.33  
2025-06-09 13:36:16.782 | INFO     | DejaVu.models.interface.callbacks:on_train_epoch_end:41 - epoch=380   loss=0.1784    A@1=44.66% A@2=54.37% A@3=71.84% A@4=78.64% A@5=80.58% AVG@5=66.02% MAR=4.25  
2025-06-09 13:36:20.351 | INFO     | DejaVu.models.interface.callbacks:on_validation_epoch_end:54 - epoch=389   val_loss=0.2414     A@1=53.33% A@2=66.67% A@3=86.67% A@4=93.33% A@5=93.33% AVG@5=78.67% MAR=3.33  
2025-06-09 13:36:20.781 | INFO     | DejaVu.models.interface.callbacks:on_train_epoch_end:41 - epoch=390   loss=0.1890    A@1=43.69% A@2=59.22% A@3=70.87% A@4=77.67% A@5=77.67% AVG@5=65.83% MAR=4.34  
2025-06-09 13:36:24.497 | INFO     | DejaVu.models.interface.callbacks:on_validation_epoch_end:54 - epoch=399   val_loss=0.2718     A@1=53.33% A@2=66.67% A@3=86.67% A@4=93.33% A@5=93.33% AVG@5=78.67% MAR=3.47  
2025-06-09 13:36:24.923 | INFO     | DejaVu.models.interface.callbacks:on_train_epoch_end:41 - epoch=400   loss=0.2334    A@1=41.75% A@2=53.40% A@3=66.02% A@4=74.76% A@5=76.70% AVG@5=62.52% MAR=4.51  
2025-06-09 13:36:28.518 | INFO     | DejaVu.models.interface.callbacks:on_validation_epoch_end:54 - epoch=409   val_loss=0.2401     A@1=53.33% A@2=66.67% A@3=86.67% A@4=93.33% A@5=93.33% AVG@5=78.67% MAR=3.27  
2025-06-09 13:36:28.952 | INFO     | DejaVu.models.interface.callbacks:on_train_epoch_end:41 - epoch=410   loss=0.1980    A@1=41.75% A@2=65.05% A@3=74.76% A@4=80.58% A@5=83.50% AVG@5=69.13% MAR=3.83  
2025-06-09 13:36:32.513 | INFO     | DejaVu.models.interface.callbacks:on_validation_epoch_end:54 - epoch=419   val_loss=0.2304     A@1=53.33% A@2=66.67% A@3=86.67% A@4=93.33% A@5=93.33% AVG@5=78.67% MAR=3.20  
2025-06-09 13:36:32.522 | INFO     | DejaVu.models.interface.callbacks:on_validation_epoch_end:145 - 
=======================Start Test at Epoch 419 ======================
2025-06-09 13:36:32.523 | INFO     | DejaVu.models.interface.callbacks:on_validation_epoch_end:148 - load model from /SSF/output/run_GAT_node_classification.py.2025-06-09T13:33:45.661023/lightning_logs/version_0/checkpoints/epoch=239-A@1=0.600000-val_loss=0.208385-MAR=3.333333.ckpt
2025-06-09 13:36:32.523 | ERROR    | DejaVu.models.interface.callbacks:on_validation_epoch_end:157 - Encounter Exception during test: TypeError("test() got an unexpected keyword argument 'test_dataloaders'")
2025-06-09 13:36:32.951 | INFO     | DejaVu.models.interface.callbacks:on_train_epoch_end:41 - epoch=420   loss=0.1669    A@1=42.72% A@2=59.22% A@3=74.76% A@4=79.61% A@5=81.55% AVG@5=67.57% MAR=4.25  
2025-06-09 13:36:36.510 | INFO     | DejaVu.models.interface.callbacks:on_validation_epoch_end:54 - epoch=429   val_loss=0.2236     A@1=53.33% A@2=66.67% A@3=80.00% A@4=93.33% A@5=93.33% AVG@5=77.33% MAR=3.40  
2025-06-09 13:36:36.940 | INFO     | DejaVu.models.interface.callbacks:on_train_epoch_end:41 - epoch=430   loss=0.1500    A@1=43.69% A@2=59.22% A@3=69.90% A@4=75.73% A@5=76.70% AVG@5=65.05% MAR=4.26  
2025-06-09 13:36:40.509 | INFO     | DejaVu.models.interface.callbacks:on_validation_epoch_end:54 - epoch=439   val_loss=0.2286     A@1=53.33% A@2=60.00% A@3=80.00% A@4=86.67% A@5=93.33% AVG@5=74.67% MAR=3.53  
2025-06-09 13:36:40.938 | INFO     | DejaVu.models.interface.callbacks:on_train_epoch_end:41 - epoch=440   loss=0.1694    A@1=43.69% A@2=53.40% A@3=70.87% A@4=82.52% A@5=83.50% AVG@5=66.80% MAR=4.37  
2025-06-09 13:36:44.507 | INFO     | DejaVu.models.interface.callbacks:on_validation_epoch_end:54 - epoch=449   val_loss=0.2539     A@1=53.33% A@2=66.67% A@3=86.67% A@4=93.33% A@5=93.33% AVG@5=78.67% MAR=3.27  
2025-06-09 13:36:44.936 | INFO     | DejaVu.models.interface.callbacks:on_train_epoch_end:41 - epoch=450   loss=0.1852    A@1=39.81% A@2=52.43% A@3=70.87% A@4=75.73% A@5=79.61% AVG@5=63.69% MAR=4.77  
2025-06-09 13:36:48.494 | INFO     | DejaVu.models.interface.callbacks:on_validation_epoch_end:54 - epoch=459   val_loss=0.2177     A@1=53.33% A@2=60.00% A@3=80.00% A@4=93.33% A@5=93.33% AVG@5=76.00% MAR=3.40  
2025-06-09 13:36:48.923 | INFO     | DejaVu.models.interface.callbacks:on_train_epoch_end:41 - epoch=460   loss=0.2044    A@1=41.75% A@2=54.37% A@3=68.93% A@4=78.64% A@5=78.64% AVG@5=64.47% MAR=4.36  
2025-06-09 13:36:52.482 | INFO     | DejaVu.models.interface.callbacks:on_validation_epoch_end:54 - epoch=469   val_loss=0.2110     A@1=60.00% A@2=60.00% A@3=80.00% A@4=93.33% A@5=93.33% AVG@5=77.33% MAR=3.40  
2025-06-09 13:36:52.926 | INFO     | DejaVu.models.interface.callbacks:on_train_epoch_end:41 - epoch=470   loss=0.2505    A@1=40.78% A@2=56.31% A@3=68.93% A@4=73.79% A@5=75.73% AVG@5=63.11% MAR=4.66  
2025-06-09 13:36:56.273 | INFO     | DejaVu.models.interface.callbacks:on_validation_epoch_end:54 - epoch=479   val_loss=0.2120     A@1=53.33% A@2=60.00% A@3=86.67% A@4=93.33% A@5=93.33% AVG@5=77.33% MAR=3.53  
2025-06-09 13:36:56.661 | INFO     | DejaVu.models.interface.callbacks:on_train_epoch_end:41 - epoch=480   loss=0.1832    A@1=43.69% A@2=53.40% A@3=65.05% A@4=76.70% A@5=78.64% AVG@5=63.50% MAR=4.38  
2025-06-09 13:36:59.916 | INFO     | DejaVu.models.interface.callbacks:on_validation_epoch_end:54 - epoch=489   val_loss=0.2168     A@1=53.33% A@2=60.00% A@3=80.00% A@4=93.33% A@5=93.33% AVG@5=76.00% MAR=3.53  
2025-06-09 13:37:00.294 | INFO     | DejaVu.models.interface.callbacks:on_train_epoch_end:41 - epoch=490   loss=0.1451    A@1=44.66% A@2=54.37% A@3=65.05% A@4=73.79% A@5=76.70% AVG@5=62.91% MAR=4.44  
2025-06-09 13:37:03.683 | INFO     | DejaVu.models.interface.callbacks:on_validation_epoch_end:54 - epoch=499   val_loss=0.2395     A@1=60.00% A@2=66.67% A@3=80.00% A@4=93.33% A@5=93.33% AVG@5=78.67% MAR=3.47  
2025-06-09 13:37:03.692 | INFO     | DejaVu.models.interface.callbacks:on_validation_epoch_end:145 - 
=======================Start Test at Epoch 499 ======================
2025-06-09 13:37:03.692 | INFO     | DejaVu.models.interface.callbacks:on_validation_epoch_end:148 - load model from /SSF/output/run_GAT_node_classification.py.2025-06-09T13:33:45.661023/lightning_logs/version_0/checkpoints/epoch=239-A@1=0.600000-val_loss=0.208385-MAR=3.333333.ckpt
2025-06-09 13:37:03.692 | ERROR    | DejaVu.models.interface.callbacks:on_validation_epoch_end:157 - Encounter Exception during test: TypeError("test() got an unexpected keyword argument 'test_dataloaders'")
2025-06-09 13:37:04.124 | INFO     | DejaVu.models.interface.callbacks:on_train_epoch_end:41 - epoch=500   loss=0.2563    A@1=38.83% A@2=52.43% A@3=66.99% A@4=75.73% A@5=79.61% AVG@5=62.72% MAR=4.41  
2025-06-09 13:37:07.681 | INFO     | DejaVu.models.interface.callbacks:on_validation_epoch_end:54 - epoch=509   val_loss=0.2139     A@1=60.00% A@2=66.67% A@3=80.00% A@4=93.33% A@5=93.33% AVG@5=78.67% MAR=3.53  
2025-06-09 13:37:08.113 | INFO     | DejaVu.models.interface.callbacks:on_train_epoch_end:41 - epoch=510   loss=0.1797    A@1=40.78% A@2=51.46% A@3=68.93% A@4=76.70% A@5=80.58% AVG@5=63.69% MAR=4.11  
2025-06-09 13:37:11.723 | INFO     | DejaVu.models.interface.callbacks:on_validation_epoch_end:54 - epoch=519   val_loss=0.2078     A@1=60.00% A@2=66.67% A@3=80.00% A@4=93.33% A@5=93.33% AVG@5=78.67% MAR=3.67  
Metric val_loss improved by 0.001 >= min_delta = 0.0. New best score: 0.208
2025-06-09 13:37:12.182 | INFO     | DejaVu.models.interface.callbacks:on_train_epoch_end:41 - epoch=520   loss=0.1936    A@1=44.66% A@2=54.37% A@3=66.02% A@4=73.79% A@5=76.70% AVG@5=63.11% MAR=4.85  
2025-06-09 13:37:15.513 | INFO     | DejaVu.models.interface.callbacks:on_validation_epoch_end:54 - epoch=529   val_loss=0.2141     A@1=53.33% A@2=66.67% A@3=86.67% A@4=93.33% A@5=93.33% AVG@5=78.67% MAR=3.60  
2025-06-09 13:37:15.890 | INFO     | DejaVu.models.interface.callbacks:on_train_epoch_end:41 - epoch=530   loss=0.1785    A@1=41.75% A@2=51.46% A@3=69.90% A@4=77.67% A@5=79.61% AVG@5=64.08% MAR=4.34  
2025-06-09 13:37:19.260 | INFO     | DejaVu.models.interface.callbacks:on_validation_epoch_end:54 - epoch=539   val_loss=0.2223     A@1=53.33% A@2=60.00% A@3=86.67% A@4=93.33% A@5=93.33% AVG@5=77.33% MAR=3.53  
2025-06-09 13:37:19.675 | INFO     | DejaVu.models.interface.callbacks:on_train_epoch_end:41 - epoch=540   loss=0.2208    A@1=42.72% A@2=56.31% A@3=66.99% A@4=75.73% A@5=77.67% AVG@5=63.88% MAR=5.08  
2025-06-09 13:37:23.231 | INFO     | DejaVu.models.interface.callbacks:on_validation_epoch_end:54 - epoch=549   val_loss=0.2274     A@1=53.33% A@2=60.00% A@3=86.67% A@4=93.33% A@5=93.33% AVG@5=77.33% MAR=3.53  
2025-06-09 13:37:23.659 | INFO     | DejaVu.models.interface.callbacks:on_train_epoch_end:41 - epoch=550   loss=0.1979    A@1=44.66% A@2=52.43% A@3=67.96% A@4=76.70% A@5=80.58% AVG@5=64.47% MAR=4.10  
2025-06-09 13:37:27.232 | INFO     | DejaVu.models.interface.callbacks:on_validation_epoch_end:54 - epoch=559   val_loss=0.2136     A@1=53.33% A@2=66.67% A@3=93.33% A@4=93.33% A@5=93.33% AVG@5=80.00% MAR=3.33  
2025-06-09 13:37:27.662 | INFO     | DejaVu.models.interface.callbacks:on_train_epoch_end:41 - epoch=560   loss=0.2449    A@1=44.66% A@2=58.25% A@3=69.90% A@4=77.67% A@5=79.61% AVG@5=66.02% MAR=4.60  
2025-06-09 13:37:31.356 | INFO     | DejaVu.models.interface.callbacks:on_validation_epoch_end:54 - epoch=569   val_loss=0.2107     A@1=60.00% A@2=66.67% A@3=86.67% A@4=93.33% A@5=93.33% AVG@5=80.00% MAR=3.47  
2025-06-09 13:37:31.806 | INFO     | DejaVu.models.interface.callbacks:on_train_epoch_end:41 - epoch=570   loss=0.1824    A@1=38.83% A@2=53.40% A@3=71.84% A@4=75.73% A@5=77.67% AVG@5=63.50% MAR=4.73  
2025-06-09 13:37:35.393 | INFO     | DejaVu.models.interface.callbacks:on_validation_epoch_end:54 - epoch=579   val_loss=0.2152     A@1=53.33% A@2=66.67% A@3=86.67% A@4=93.33% A@5=93.33% AVG@5=78.67% MAR=3.40  
2025-06-09 13:37:35.402 | INFO     | DejaVu.models.interface.callbacks:on_validation_epoch_end:145 - 
=======================Start Test at Epoch 579 ======================
2025-06-09 13:37:35.402 | INFO     | DejaVu.models.interface.callbacks:on_validation_epoch_end:148 - load model from /SSF/output/run_GAT_node_classification.py.2025-06-09T13:33:45.661023/lightning_logs/version_0/checkpoints/epoch=519-A@1=0.600000-val_loss=0.207783-MAR=3.666667.ckpt
2025-06-09 13:37:35.403 | ERROR    | DejaVu.models.interface.callbacks:on_validation_epoch_end:157 - Encounter Exception during test: TypeError("test() got an unexpected keyword argument 'test_dataloaders'")
2025-06-09 13:37:35.834 | INFO     | DejaVu.models.interface.callbacks:on_train_epoch_end:41 - epoch=580   loss=0.1872    A@1=44.66% A@2=56.31% A@3=69.90% A@4=78.64% A@5=80.58% AVG@5=66.02% MAR=4.08  
2025-06-09 13:37:39.402 | INFO     | DejaVu.models.interface.callbacks:on_validation_epoch_end:54 - epoch=589   val_loss=0.2176     A@1=53.33% A@2=66.67% A@3=93.33% A@4=93.33% A@5=93.33% AVG@5=80.00% MAR=3.53  
2025-06-09 13:37:39.830 | INFO     | DejaVu.models.interface.callbacks:on_train_epoch_end:41 - epoch=590   loss=0.1920    A@1=41.75% A@2=57.28% A@3=69.90% A@4=78.64% A@5=78.64% AVG@5=65.24% MAR=4.51  
2025-06-09 13:37:43.401 | INFO     | DejaVu.models.interface.callbacks:on_validation_epoch_end:54 - epoch=599   val_loss=0.2157     A@1=53.33% A@2=66.67% A@3=80.00% A@4=93.33% A@5=93.33% AVG@5=77.33% MAR=3.53  
2025-06-09 13:37:43.828 | INFO     | DejaVu.models.interface.callbacks:on_train_epoch_end:41 - epoch=600   loss=0.1695    A@1=41.75% A@2=50.49% A@3=65.05% A@4=74.76% A@5=77.67% AVG@5=61.94% MAR=4.89  
2025-06-09 13:37:47.389 | INFO     | DejaVu.models.interface.callbacks:on_validation_epoch_end:54 - epoch=609   val_loss=0.2088     A@1=66.67% A@2=66.67% A@3=80.00% A@4=93.33% A@5=93.33% AVG@5=80.00% MAR=3.27  
2025-06-09 13:37:47.840 | INFO     | DejaVu.models.interface.callbacks:on_train_epoch_end:41 - epoch=610   loss=0.1448    A@1=43.69% A@2=55.34% A@3=67.96% A@4=76.70% A@5=78.64% AVG@5=64.47% MAR=4.05  
2025-06-09 13:37:51.435 | INFO     | DejaVu.models.interface.callbacks:on_validation_epoch_end:54 - epoch=619   val_loss=0.2041     A@1=60.00% A@2=66.67% A@3=93.33% A@4=93.33% A@5=93.33% AVG@5=81.33% MAR=3.13  
Metric val_loss improved by 0.004 >= min_delta = 0.0. New best score: 0.204
2025-06-09 13:37:51.889 | INFO     | DejaVu.models.interface.callbacks:on_train_epoch_end:41 - epoch=620   loss=0.2113    A@1=44.66% A@2=53.40% A@3=66.99% A@4=78.64% A@5=81.55% AVG@5=65.05% MAR=4.29  
2025-06-09 13:37:55.051 | INFO     | DejaVu.models.interface.callbacks:on_validation_epoch_end:54 - epoch=629   val_loss=0.2115     A@1=60.00% A@2=66.67% A@3=93.33% A@4=93.33% A@5=93.33% AVG@5=81.33% MAR=3.20  
2025-06-09 13:37:55.440 | INFO     | DejaVu.models.interface.callbacks:on_train_epoch_end:41 - epoch=630   loss=0.1271    A@1=46.60% A@2=56.31% A@3=69.90% A@4=72.82% A@5=76.70% AVG@5=64.47% MAR=4.61  
2025-06-09 13:37:58.604 | INFO     | DejaVu.models.interface.callbacks:on_validation_epoch_end:54 - epoch=639   val_loss=0.2163     A@1=60.00% A@2=66.67% A@3=86.67% A@4=93.33% A@5=93.33% AVG@5=80.00% MAR=3.20  
2025-06-09 13:37:58.993 | INFO     | DejaVu.models.interface.callbacks:on_train_epoch_end:41 - epoch=640   loss=0.1825    A@1=43.69% A@2=56.31% A@3=68.93% A@4=78.64% A@5=81.55% AVG@5=65.83% MAR=4.07  
2025-06-09 13:38:02.132 | INFO     | DejaVu.models.interface.callbacks:on_validation_epoch_end:54 - epoch=649   val_loss=0.2070     A@1=53.33% A@2=66.67% A@3=80.00% A@4=93.33% A@5=93.33% AVG@5=77.33% MAR=3.53  
2025-06-09 13:38:02.521 | INFO     | DejaVu.models.interface.callbacks:on_train_epoch_end:41 - epoch=650   loss=0.1898    A@1=42.72% A@2=57.28% A@3=71.84% A@4=78.64% A@5=78.64% AVG@5=65.83% MAR=4.33  
2025-06-09 13:38:05.649 | INFO     | DejaVu.models.interface.callbacks:on_validation_epoch_end:54 - epoch=659   val_loss=0.2044     A@1=60.00% A@2=66.67% A@3=80.00% A@4=93.33% A@5=93.33% AVG@5=78.67% MAR=3.27  
2025-06-09 13:38:05.658 | INFO     | DejaVu.models.interface.callbacks:on_validation_epoch_end:145 - 
=======================Start Test at Epoch 659 ======================
2025-06-09 13:38:05.658 | INFO     | DejaVu.models.interface.callbacks:on_validation_epoch_end:148 - load model from /SSF/output/run_GAT_node_classification.py.2025-06-09T13:33:45.661023/lightning_logs/version_0/checkpoints/epoch=619-A@1=0.600000-val_loss=0.204088-MAR=3.133333.ckpt
2025-06-09 13:38:05.658 | ERROR    | DejaVu.models.interface.callbacks:on_validation_epoch_end:157 - Encounter Exception during test: TypeError("test() got an unexpected keyword argument 'test_dataloaders'")
2025-06-09 13:38:06.048 | INFO     | DejaVu.models.interface.callbacks:on_train_epoch_end:41 - epoch=660   loss=0.1650    A@1=42.72% A@2=56.31% A@3=71.84% A@4=78.64% A@5=81.55% AVG@5=66.21% MAR=4.00  
2025-06-09 13:38:09.287 | INFO     | DejaVu.models.interface.callbacks:on_validation_epoch_end:54 - epoch=669   val_loss=0.2097     A@1=53.33% A@2=60.00% A@3=86.67% A@4=93.33% A@5=93.33% AVG@5=77.33% MAR=3.40  
2025-06-09 13:38:09.659 | INFO     | DejaVu.models.interface.callbacks:on_train_epoch_end:41 - epoch=670   loss=0.1948    A@1=43.69% A@2=56.31% A@3=66.02% A@4=74.76% A@5=78.64% AVG@5=63.88% MAR=3.90  
2025-06-09 13:38:12.766 | INFO     | DejaVu.models.interface.callbacks:on_validation_epoch_end:54 - epoch=679   val_loss=0.2169     A@1=53.33% A@2=60.00% A@3=86.67% A@4=93.33% A@5=93.33% AVG@5=77.33% MAR=3.53  
2025-06-09 13:38:13.134 | INFO     | DejaVu.models.interface.callbacks:on_train_epoch_end:41 - epoch=680   loss=0.1717    A@1=41.75% A@2=52.43% A@3=71.84% A@4=77.67% A@5=81.55% AVG@5=65.05% MAR=4.18  
2025-06-09 13:38:16.247 | INFO     | DejaVu.models.interface.callbacks:on_validation_epoch_end:54 - epoch=689   val_loss=0.2035     A@1=60.00% A@2=73.33% A@3=80.00% A@4=86.67% A@5=93.33% AVG@5=78.67% MAR=3.33  
Metric val_loss improved by 0.001 >= min_delta = 0.0. New best score: 0.203
2025-06-09 13:38:16.639 | INFO     | DejaVu.models.interface.callbacks:on_train_epoch_end:41 - epoch=690   loss=0.1683    A@1=44.66% A@2=62.14% A@3=70.87% A@4=77.67% A@5=77.67% AVG@5=66.60% MAR=4.11  
2025-06-09 13:38:19.749 | INFO     | DejaVu.models.interface.callbacks:on_validation_epoch_end:54 - epoch=699   val_loss=0.2292     A@1=53.33% A@2=66.67% A@3=86.67% A@4=93.33% A@5=93.33% AVG@5=78.67% MAR=3.33  
2025-06-09 13:38:20.120 | INFO     | DejaVu.models.interface.callbacks:on_train_epoch_end:41 - epoch=700   loss=0.1412    A@1=41.75% A@2=55.34% A@3=72.82% A@4=82.52% A@5=82.52% AVG@5=66.99% MAR=4.19  
2025-06-09 13:38:23.225 | INFO     | DejaVu.models.interface.callbacks:on_validation_epoch_end:54 - epoch=709   val_loss=0.2101     A@1=53.33% A@2=66.67% A@3=80.00% A@4=93.33% A@5=93.33% AVG@5=77.33% MAR=3.40  
2025-06-09 13:38:23.594 | INFO     | DejaVu.models.interface.callbacks:on_train_epoch_end:41 - epoch=710   loss=0.1759    A@1=46.60% A@2=55.34% A@3=66.99% A@4=75.73% A@5=78.64% AVG@5=64.66% MAR=4.41  
2025-06-09 13:38:26.701 | INFO     | DejaVu.models.interface.callbacks:on_validation_epoch_end:54 - epoch=719   val_loss=0.2056     A@1=53.33% A@2=66.67% A@3=86.67% A@4=93.33% A@5=93.33% AVG@5=78.67% MAR=3.40  
2025-06-09 13:38:27.091 | INFO     | DejaVu.models.interface.callbacks:on_train_epoch_end:41 - epoch=720   loss=0.1822    A@1=43.69% A@2=57.28% A@3=66.99% A@4=73.79% A@5=76.70% AVG@5=63.69% MAR=4.52  
2025-06-09 13:38:30.235 | INFO     | DejaVu.models.interface.callbacks:on_validation_epoch_end:54 - epoch=729   val_loss=0.2102     A@1=53.33% A@2=66.67% A@3=86.67% A@4=93.33% A@5=93.33% AVG@5=78.67% MAR=3.53  
2025-06-09 13:38:30.616 | INFO     | DejaVu.models.interface.callbacks:on_train_epoch_end:41 - epoch=730   loss=0.1845    A@1=41.75% A@2=56.31% A@3=76.70% A@4=82.52% A@5=83.50% AVG@5=68.16% MAR=4.17  
2025-06-09 13:38:33.791 | INFO     | DejaVu.models.interface.callbacks:on_validation_epoch_end:54 - epoch=739   val_loss=0.2044     A@1=53.33% A@2=66.67% A@3=86.67% A@4=93.33% A@5=93.33% AVG@5=78.67% MAR=3.07  
2025-06-09 13:38:34.192 | INFO     | DejaVu.models.interface.callbacks:on_train_epoch_end:41 - epoch=740   loss=0.1731    A@1=44.66% A@2=58.25% A@3=72.82% A@4=80.58% A@5=83.50% AVG@5=67.96% MAR=3.86  
2025-06-09 13:38:37.317 | INFO     | DejaVu.models.interface.callbacks:on_validation_epoch_end:54 - epoch=749   val_loss=0.2006     A@1=66.67% A@2=66.67% A@3=86.67% A@4=93.33% A@5=93.33% AVG@5=81.33% MAR=3.00  
2025-06-09 13:38:37.325 | INFO     | DejaVu.models.interface.callbacks:on_validation_epoch_end:145 - 
=======================Start Test at Epoch 749 ======================
2025-06-09 13:38:37.326 | INFO     | DejaVu.models.interface.callbacks:on_validation_epoch_end:148 - load model from /SSF/output/run_GAT_node_classification.py.2025-06-09T13:33:45.661023/lightning_logs/version_0/checkpoints/epoch=689-A@1=0.600000-val_loss=0.203487-MAR=3.333333.ckpt
2025-06-09 13:38:37.326 | ERROR    | DejaVu.models.interface.callbacks:on_validation_epoch_end:157 - Encounter Exception during test: TypeError("test() got an unexpected keyword argument 'test_dataloaders'")
Metric val_loss improved by 0.003 >= min_delta = 0.0. New best score: 0.201
2025-06-09 13:38:37.839 | INFO     | DejaVu.models.interface.callbacks:on_train_epoch_end:41 - epoch=750   loss=0.1777    A@1=42.72% A@2=53.40% A@3=68.93% A@4=78.64% A@5=80.58% AVG@5=64.85% MAR=4.24  
2025-06-09 13:38:40.980 | INFO     | DejaVu.models.interface.callbacks:on_validation_epoch_end:54 - epoch=759   val_loss=0.2026     A@1=60.00% A@2=66.67% A@3=93.33% A@4=93.33% A@5=93.33% AVG@5=81.33% MAR=3.33  
2025-06-09 13:38:41.380 | INFO     | DejaVu.models.interface.callbacks:on_train_epoch_end:41 - epoch=760   loss=0.2479    A@1=42.72% A@2=58.25% A@3=72.82% A@4=78.64% A@5=79.61% AVG@5=66.41% MAR=4.77  
2025-06-09 13:38:44.555 | INFO     | DejaVu.models.interface.callbacks:on_validation_epoch_end:54 - epoch=769   val_loss=0.2048     A@1=53.33% A@2=66.67% A@3=80.00% A@4=93.33% A@5=93.33% AVG@5=77.33% MAR=3.33  
2025-06-09 13:38:44.927 | INFO     | DejaVu.models.interface.callbacks:on_train_epoch_end:41 - epoch=770   loss=0.2027    A@1=42.72% A@2=60.19% A@3=73.79% A@4=79.61% A@5=80.58% AVG@5=67.38% MAR=4.87  
2025-06-09 13:38:48.039 | INFO     | DejaVu.models.interface.callbacks:on_validation_epoch_end:54 - epoch=779   val_loss=0.2104     A@1=60.00% A@2=60.00% A@3=80.00% A@4=93.33% A@5=93.33% AVG@5=77.33% MAR=3.13  
2025-06-09 13:38:48.411 | INFO     | DejaVu.models.interface.callbacks:on_train_epoch_end:41 - epoch=780   loss=0.2165    A@1=41.75% A@2=55.34% A@3=69.90% A@4=77.67% A@5=81.55% AVG@5=65.24% MAR=4.05  
2025-06-09 13:38:51.515 | INFO     | DejaVu.models.interface.callbacks:on_validation_epoch_end:54 - epoch=789   val_loss=0.2057     A@1=53.33% A@2=66.67% A@3=80.00% A@4=93.33% A@5=93.33% AVG@5=77.33% MAR=3.07  
2025-06-09 13:38:51.885 | INFO     | DejaVu.models.interface.callbacks:on_train_epoch_end:41 - epoch=790   loss=0.2803    A@1=41.75% A@2=55.34% A@3=70.87% A@4=78.64% A@5=81.55% AVG@5=65.63% MAR=3.97  
2025-06-09 13:38:54.991 | INFO     | DejaVu.models.interface.callbacks:on_validation_epoch_end:54 - epoch=799   val_loss=0.1954     A@1=66.67% A@2=66.67% A@3=86.67% A@4=93.33% A@5=93.33% AVG@5=81.33% MAR=3.20  
Metric val_loss improved by 0.005 >= min_delta = 0.0. New best score: 0.195
2025-06-09 13:38:55.379 | INFO     | DejaVu.models.interface.callbacks:on_train_epoch_end:41 - epoch=800   loss=0.1988    A@1=42.72% A@2=60.19% A@3=74.76% A@4=79.61% A@5=85.44% AVG@5=68.54% MAR=3.58  
2025-06-09 13:38:58.537 | INFO     | DejaVu.models.interface.callbacks:on_validation_epoch_end:54 - epoch=809   val_loss=0.2157     A@1=60.00% A@2=66.67% A@3=86.67% A@4=93.33% A@5=93.33% AVG@5=80.00% MAR=3.20  
2025-06-09 13:38:58.932 | INFO     | DejaVu.models.interface.callbacks:on_train_epoch_end:41 - epoch=810   loss=0.1866    A@1=45.63% A@2=63.11% A@3=73.79% A@4=78.64% A@5=81.55% AVG@5=68.54% MAR=4.11  
2025-06-09 13:39:02.205 | INFO     | DejaVu.models.interface.callbacks:on_validation_epoch_end:54 - epoch=819   val_loss=0.2017     A@1=60.00% A@2=66.67% A@3=80.00% A@4=93.33% A@5=93.33% AVG@5=78.67% MAR=3.27  
2025-06-09 13:39:02.603 | INFO     | DejaVu.models.interface.callbacks:on_train_epoch_end:41 - epoch=820   loss=0.1547    A@1=45.63% A@2=58.25% A@3=72.82% A@4=77.67% A@5=81.55% AVG@5=67.18% MAR=4.47  
2025-06-09 13:39:05.830 | INFO     | DejaVu.models.interface.callbacks:on_validation_epoch_end:54 - epoch=829   val_loss=0.2058     A@1=60.00% A@2=66.67% A@3=86.67% A@4=93.33% A@5=93.33% AVG@5=80.00% MAR=3.00  
2025-06-09 13:39:06.220 | INFO     | DejaVu.models.interface.callbacks:on_train_epoch_end:41 - epoch=830   loss=0.1966    A@1=41.75% A@2=55.34% A@3=69.90% A@4=75.73% A@5=79.61% AVG@5=64.47% MAR=4.22  
2025-06-09 13:39:09.608 | INFO     | DejaVu.models.interface.callbacks:on_validation_epoch_end:54 - epoch=839   val_loss=0.2087     A@1=60.00% A@2=66.67% A@3=86.67% A@4=93.33% A@5=93.33% AVG@5=80.00% MAR=3.07  
2025-06-09 13:39:09.617 | INFO     | DejaVu.models.interface.callbacks:on_validation_epoch_end:145 - 
=======================Start Test at Epoch 839 ======================
2025-06-09 13:39:09.617 | INFO     | DejaVu.models.interface.callbacks:on_validation_epoch_end:148 - load model from /SSF/output/run_GAT_node_classification.py.2025-06-09T13:33:45.661023/lightning_logs/version_0/checkpoints/epoch=799-A@1=0.666667-val_loss=0.195376-MAR=3.200000.ckpt
2025-06-09 13:39:09.617 | ERROR    | DejaVu.models.interface.callbacks:on_validation_epoch_end:157 - Encounter Exception during test: TypeError("test() got an unexpected keyword argument 'test_dataloaders'")
2025-06-09 13:39:09.999 | INFO     | DejaVu.models.interface.callbacks:on_train_epoch_end:41 - epoch=840   loss=0.1809    A@1=44.66% A@2=54.37% A@3=69.90% A@4=77.67% A@5=81.55% AVG@5=65.63% MAR=4.50  
2025-06-09 13:39:13.225 | INFO     | DejaVu.models.interface.callbacks:on_validation_epoch_end:54 - epoch=849   val_loss=0.1993     A@1=66.67% A@2=66.67% A@3=86.67% A@4=93.33% A@5=93.33% AVG@5=81.33% MAR=3.33  
2025-06-09 13:39:13.626 | INFO     | DejaVu.models.interface.callbacks:on_train_epoch_end:41 - epoch=850   loss=0.2103    A@1=38.83% A@2=53.40% A@3=63.11% A@4=71.84% A@5=76.70% AVG@5=60.78% MAR=5.13  
2025-06-09 13:39:16.788 | INFO     | DejaVu.models.interface.callbacks:on_validation_epoch_end:54 - epoch=859   val_loss=0.2236     A@1=66.67% A@2=66.67% A@3=80.00% A@4=93.33% A@5=93.33% AVG@5=80.00% MAR=3.33  
2025-06-09 13:39:17.171 | INFO     | DejaVu.models.interface.callbacks:on_train_epoch_end:41 - epoch=860   loss=0.1637    A@1=41.75% A@2=54.37% A@3=67.96% A@4=74.76% A@5=79.61% AVG@5=63.69% MAR=4.28  
2025-06-09 13:39:20.397 | INFO     | DejaVu.models.interface.callbacks:on_validation_epoch_end:54 - epoch=869   val_loss=0.2115     A@1=66.67% A@2=66.67% A@3=86.67% A@4=93.33% A@5=93.33% AVG@5=81.33% MAR=3.40  
2025-06-09 13:39:20.787 | INFO     | DejaVu.models.interface.callbacks:on_train_epoch_end:41 - epoch=870   loss=0.1480    A@1=46.60% A@2=59.22% A@3=69.90% A@4=80.58% A@5=83.50% AVG@5=67.96% MAR=4.16  
2025-06-09 13:39:24.006 | INFO     | DejaVu.models.interface.callbacks:on_validation_epoch_end:54 - epoch=879   val_loss=0.2068     A@1=60.00% A@2=73.33% A@3=80.00% A@4=86.67% A@5=93.33% AVG@5=78.67% MAR=3.33  
2025-06-09 13:39:24.394 | INFO     | DejaVu.models.interface.callbacks:on_train_epoch_end:41 - epoch=880   loss=0.1635    A@1=42.72% A@2=58.25% A@3=69.90% A@4=78.64% A@5=79.61% AVG@5=65.83% MAR=4.07  
2025-06-09 13:39:27.549 | INFO     | DejaVu.models.interface.callbacks:on_validation_epoch_end:54 - epoch=889   val_loss=0.1986     A@1=66.67% A@2=66.67% A@3=80.00% A@4=86.67% A@5=93.33% AVG@5=78.67% MAR=3.33  
2025-06-09 13:39:27.942 | INFO     | DejaVu.models.interface.callbacks:on_train_epoch_end:41 - epoch=890   loss=0.1825    A@1=45.63% A@2=58.25% A@3=71.84% A@4=77.67% A@5=77.67% AVG@5=66.21% MAR=4.23  
2025-06-09 13:39:31.047 | INFO     | DejaVu.models.interface.callbacks:on_validation_epoch_end:54 - epoch=899   val_loss=0.2022     A@1=66.67% A@2=66.67% A@3=93.33% A@4=93.33% A@5=93.33% AVG@5=82.67% MAR=3.13  
2025-06-09 13:39:31.425 | INFO     | DejaVu.models.interface.callbacks:on_train_epoch_end:41 - epoch=900   loss=0.2290    A@1=42.72% A@2=54.37% A@3=66.99% A@4=76.70% A@5=80.58% AVG@5=64.27% MAR=4.53  
2025-06-09 13:39:34.619 | INFO     | DejaVu.models.interface.callbacks:on_validation_epoch_end:54 - epoch=909   val_loss=0.1974     A@1=60.00% A@2=66.67% A@3=93.33% A@4=93.33% A@5=93.33% AVG@5=81.33% MAR=3.13  
2025-06-09 13:39:35.011 | INFO     | DejaVu.models.interface.callbacks:on_train_epoch_end:41 - epoch=910   loss=0.2036    A@1=41.75% A@2=55.34% A@3=68.93% A@4=78.64% A@5=81.55% AVG@5=65.24% MAR=4.08  
2025-06-09 13:39:38.236 | INFO     | DejaVu.models.interface.callbacks:on_validation_epoch_end:54 - epoch=919   val_loss=0.2033     A@1=60.00% A@2=66.67% A@3=80.00% A@4=93.33% A@5=93.33% AVG@5=78.67% MAR=3.33  
2025-06-09 13:39:38.607 | INFO     | DejaVu.models.interface.callbacks:on_train_epoch_end:41 - epoch=920   loss=0.1825    A@1=42.72% A@2=51.46% A@3=71.84% A@4=82.52% A@5=83.50% AVG@5=66.41% MAR=4.20  
2025-06-09 13:39:41.761 | INFO     | DejaVu.models.interface.callbacks:on_validation_epoch_end:54 - epoch=929   val_loss=0.1919     A@1=66.67% A@2=66.67% A@3=80.00% A@4=93.33% A@5=93.33% AVG@5=80.00% MAR=3.00  
2025-06-09 13:39:41.769 | INFO     | DejaVu.models.interface.callbacks:on_validation_epoch_end:145 - 
=======================Start Test at Epoch 929 ======================
2025-06-09 13:39:41.769 | INFO     | DejaVu.models.interface.callbacks:on_validation_epoch_end:148 - load model from /SSF/output/run_GAT_node_classification.py.2025-06-09T13:33:45.661023/lightning_logs/version_0/checkpoints/epoch=799-A@1=0.666667-val_loss=0.195376-MAR=3.200000.ckpt
2025-06-09 13:39:41.770 | ERROR    | DejaVu.models.interface.callbacks:on_validation_epoch_end:157 - Encounter Exception during test: TypeError("test() got an unexpected keyword argument 'test_dataloaders'")
Metric val_loss improved by 0.003 >= min_delta = 0.0. New best score: 0.192
2025-06-09 13:39:42.174 | INFO     | DejaVu.models.interface.callbacks:on_train_epoch_end:41 - epoch=930   loss=0.1703    A@1=48.54% A@2=56.31% A@3=67.96% A@4=76.70% A@5=80.58% AVG@5=66.02% MAR=4.22  
2025-06-09 13:39:45.307 | INFO     | DejaVu.models.interface.callbacks:on_validation_epoch_end:54 - epoch=939   val_loss=0.1914     A@1=73.33% A@2=73.33% A@3=86.67% A@4=93.33% A@5=93.33% AVG@5=84.00% MAR=2.93  
Metric val_loss improved by 0.001 >= min_delta = 0.0. New best score: 0.191
2025-06-09 13:39:45.694 | INFO     | DejaVu.models.interface.callbacks:on_train_epoch_end:41 - epoch=940   loss=0.2102    A@1=41.75% A@2=47.57% A@3=65.05% A@4=76.70% A@5=80.58% AVG@5=62.33% MAR=4.23  
2025-06-09 13:39:48.800 | INFO     | DejaVu.models.interface.callbacks:on_validation_epoch_end:54 - epoch=949   val_loss=0.1983     A@1=66.67% A@2=66.67% A@3=86.67% A@4=93.33% A@5=93.33% AVG@5=81.33% MAR=3.07  
2025-06-09 13:39:49.188 | INFO     | DejaVu.models.interface.callbacks:on_train_epoch_end:41 - epoch=950   loss=0.1786    A@1=40.78% A@2=54.37% A@3=67.96% A@4=80.58% A@5=81.55% AVG@5=65.05% MAR=4.17  
2025-06-09 13:39:52.265 | INFO     | DejaVu.models.interface.callbacks:on_validation_epoch_end:54 - epoch=959   val_loss=0.1986     A@1=66.67% A@2=66.67% A@3=80.00% A@4=93.33% A@5=93.33% AVG@5=80.00% MAR=3.33  
2025-06-09 13:39:52.636 | INFO     | DejaVu.models.interface.callbacks:on_train_epoch_end:41 - epoch=960   loss=0.1731    A@1=44.66% A@2=57.28% A@3=70.87% A@4=76.70% A@5=78.64% AVG@5=65.63% MAR=4.24  
2025-06-09 13:39:55.741 | INFO     | DejaVu.models.interface.callbacks:on_validation_epoch_end:54 - epoch=969   val_loss=0.1959     A@1=60.00% A@2=73.33% A@3=80.00% A@4=93.33% A@5=93.33% AVG@5=80.00% MAR=3.27  
2025-06-09 13:39:56.132 | INFO     | DejaVu.models.interface.callbacks:on_train_epoch_end:41 - epoch=970   loss=0.2259    A@1=40.78% A@2=55.34% A@3=70.87% A@4=78.64% A@5=80.58% AVG@5=65.24% MAR=4.02  
2025-06-09 13:39:59.236 | INFO     | DejaVu.models.interface.callbacks:on_validation_epoch_end:54 - epoch=979   val_loss=0.1978     A@1=66.67% A@2=66.67% A@3=80.00% A@4=93.33% A@5=93.33% AVG@5=80.00% MAR=3.27  
2025-06-09 13:39:59.607 | INFO     | DejaVu.models.interface.callbacks:on_train_epoch_end:41 - epoch=980   loss=0.1736    A@1=42.72% A@2=59.22% A@3=69.90% A@4=79.61% A@5=80.58% AVG@5=66.41% MAR=4.29  
2025-06-09 13:40:02.717 | INFO     | DejaVu.models.interface.callbacks:on_validation_epoch_end:54 - epoch=989   val_loss=0.1975     A@1=66.67% A@2=66.67% A@3=86.67% A@4=93.33% A@5=93.33% AVG@5=81.33% MAR=3.47  
2025-06-09 13:40:03.089 | INFO     | DejaVu.models.interface.callbacks:on_train_epoch_end:41 - epoch=990   loss=0.1640    A@1=47.57% A@2=62.14% A@3=72.82% A@4=80.58% A@5=81.55% AVG@5=68.93% MAR=4.18  
2025-06-09 13:40:06.323 | INFO     | DejaVu.models.interface.callbacks:on_validation_epoch_end:54 - epoch=999   val_loss=0.1919     A@1=66.67% A@2=66.67% A@3=80.00% A@4=93.33% A@5=93.33% AVG@5=80.00% MAR=3.20  
2025-06-09 13:40:06.715 | INFO     | DejaVu.models.interface.callbacks:on_train_epoch_end:41 - epoch=1000  loss=0.1875    A@1=42.72% A@2=54.37% A@3=68.93% A@4=77.67% A@5=82.52% AVG@5=65.24% MAR=4.16  
2025-06-09 13:40:09.819 | INFO     | DejaVu.models.interface.callbacks:on_validation_epoch_end:54 - epoch=1009  val_loss=0.2003     A@1=66.67% A@2=66.67% A@3=80.00% A@4=93.33% A@5=93.33% AVG@5=80.00% MAR=3.40  
2025-06-09 13:40:10.191 | INFO     | DejaVu.models.interface.callbacks:on_train_epoch_end:41 - epoch=1010  loss=0.2198    A@1=38.83% A@2=47.57% A@3=67.96% A@4=74.76% A@5=76.70% AVG@5=61.17% MAR=5.12  
2025-06-09 13:40:13.296 | INFO     | DejaVu.models.interface.callbacks:on_validation_epoch_end:54 - epoch=1019  val_loss=0.1986     A@1=66.67% A@2=66.67% A@3=86.67% A@4=93.33% A@5=93.33% AVG@5=81.33% MAR=3.40  
2025-06-09 13:40:13.305 | INFO     | DejaVu.models.interface.callbacks:on_validation_epoch_end:145 - 
=======================Start Test at Epoch 1019 ======================
2025-06-09 13:40:13.305 | INFO     | DejaVu.models.interface.callbacks:on_validation_epoch_end:148 - load model from /SSF/output/run_GAT_node_classification.py.2025-06-09T13:33:45.661023/lightning_logs/version_0/checkpoints/epoch=939-A@1=0.733333-val_loss=0.191371-MAR=2.933333.ckpt
2025-06-09 13:40:13.305 | ERROR    | DejaVu.models.interface.callbacks:on_validation_epoch_end:157 - Encounter Exception during test: TypeError("test() got an unexpected keyword argument 'test_dataloaders'")
2025-06-09 13:40:13.675 | INFO     | DejaVu.models.interface.callbacks:on_train_epoch_end:41 - epoch=1020  loss=0.2128    A@1=41.75% A@2=56.31% A@3=70.87% A@4=77.67% A@5=78.64% AVG@5=65.05% MAR=4.78  
2025-06-09 13:40:16.788 | INFO     | DejaVu.models.interface.callbacks:on_validation_epoch_end:54 - epoch=1029  val_loss=0.1985     A@1=60.00% A@2=66.67% A@3=93.33% A@4=93.33% A@5=93.33% AVG@5=81.33% MAR=3.13  
2025-06-09 13:40:17.160 | INFO     | DejaVu.models.interface.callbacks:on_train_epoch_end:41 - epoch=1030  loss=0.1855    A@1=44.66% A@2=56.31% A@3=68.93% A@4=76.70% A@5=79.61% AVG@5=65.24% MAR=4.31  
2025-06-09 13:40:20.284 | INFO     | DejaVu.models.interface.callbacks:on_validation_epoch_end:54 - epoch=1039  val_loss=0.2419     A@1=66.67% A@2=66.67% A@3=93.33% A@4=93.33% A@5=93.33% AVG@5=82.67% MAR=3.20  
2025-06-09 13:40:20.653 | INFO     | DejaVu.models.interface.callbacks:on_train_epoch_end:41 - epoch=1040  loss=0.1896    A@1=43.69% A@2=58.25% A@3=68.93% A@4=79.61% A@5=84.47% AVG@5=66.99% MAR=3.88  
2025-06-09 13:40:23.766 | INFO     | DejaVu.models.interface.callbacks:on_validation_epoch_end:54 - epoch=1049  val_loss=0.2033     A@1=66.67% A@2=73.33% A@3=93.33% A@4=93.33% A@5=93.33% AVG@5=84.00% MAR=3.13  
2025-06-09 13:40:24.136 | INFO     | DejaVu.models.interface.callbacks:on_train_epoch_end:41 - epoch=1050  loss=0.1952    A@1=41.75% A@2=54.37% A@3=68.93% A@4=76.70% A@5=78.64% AVG@5=64.08% MAR=4.70  
2025-06-09 13:40:27.249 | INFO     | DejaVu.models.interface.callbacks:on_validation_epoch_end:54 - epoch=1059  val_loss=0.1982     A@1=66.67% A@2=66.67% A@3=80.00% A@4=93.33% A@5=93.33% AVG@5=80.00% MAR=3.27  
2025-06-09 13:40:27.622 | INFO     | DejaVu.models.interface.callbacks:on_train_epoch_end:41 - epoch=1060  loss=0.2310    A@1=43.69% A@2=54.37% A@3=69.90% A@4=79.61% A@5=79.61% AVG@5=65.44% MAR=4.27  
2025-06-09 13:40:30.729 | INFO     | DejaVu.models.interface.callbacks:on_validation_epoch_end:54 - epoch=1069  val_loss=0.2053     A@1=60.00% A@2=66.67% A@3=86.67% A@4=93.33% A@5=93.33% AVG@5=80.00% MAR=3.07  
2025-06-09 13:40:31.101 | INFO     | DejaVu.models.interface.callbacks:on_train_epoch_end:41 - epoch=1070  loss=0.1523    A@1=48.54% A@2=55.34% A@3=67.96% A@4=78.64% A@5=82.52% AVG@5=66.60% MAR=3.85  
2025-06-09 13:40:34.212 | INFO     | DejaVu.models.interface.callbacks:on_validation_epoch_end:54 - epoch=1079  val_loss=0.1967     A@1=66.67% A@2=66.67% A@3=86.67% A@4=93.33% A@5=93.33% AVG@5=81.33% MAR=3.13  
2025-06-09 13:40:34.583 | INFO     | DejaVu.models.interface.callbacks:on_train_epoch_end:41 - epoch=1080  loss=0.1824    A@1=44.66% A@2=61.17% A@3=74.76% A@4=79.61% A@5=80.58% AVG@5=68.16% MAR=3.81  
2025-06-09 13:40:37.819 | INFO     | DejaVu.models.interface.callbacks:on_validation_epoch_end:54 - epoch=1089  val_loss=0.1967     A@1=73.33% A@2=73.33% A@3=86.67% A@4=93.33% A@5=93.33% AVG@5=84.00% MAR=3.20  
2025-06-09 13:40:38.189 | INFO     | DejaVu.models.interface.callbacks:on_train_epoch_end:41 - epoch=1090  loss=0.1416    A@1=44.66% A@2=60.19% A@3=70.87% A@4=75.73% A@5=79.61% AVG@5=66.21% MAR=4.61  
2025-06-09 13:40:41.295 | INFO     | DejaVu.models.interface.callbacks:on_validation_epoch_end:54 - epoch=1099  val_loss=0.1935     A@1=66.67% A@2=66.67% A@3=80.00% A@4=93.33% A@5=93.33% AVG@5=80.00% MAR=3.20  
2025-06-09 13:40:41.686 | INFO     | DejaVu.models.interface.callbacks:on_train_epoch_end:41 - epoch=1100  loss=0.2219    A@1=43.69% A@2=57.28% A@3=67.96% A@4=77.67% A@5=80.58% AVG@5=65.44% MAR=4.38  
2025-06-09 13:40:44.789 | INFO     | DejaVu.models.interface.callbacks:on_validation_epoch_end:54 - epoch=1109  val_loss=0.1977     A@1=66.67% A@2=66.67% A@3=86.67% A@4=93.33% A@5=93.33% AVG@5=81.33% MAR=3.00  
2025-06-09 13:40:44.798 | INFO     | DejaVu.models.interface.callbacks:on_validation_epoch_end:145 - 
=======================Start Test at Epoch 1109 ======================
2025-06-09 13:40:44.798 | INFO     | DejaVu.models.interface.callbacks:on_validation_epoch_end:148 - load model from /SSF/output/run_GAT_node_classification.py.2025-06-09T13:33:45.661023/lightning_logs/version_0/checkpoints/epoch=939-A@1=0.733333-val_loss=0.191371-MAR=2.933333.ckpt
2025-06-09 13:40:44.798 | ERROR    | DejaVu.models.interface.callbacks:on_validation_epoch_end:157 - Encounter Exception during test: TypeError("test() got an unexpected keyword argument 'test_dataloaders'")
2025-06-09 13:40:45.174 | INFO     | DejaVu.models.interface.callbacks:on_train_epoch_end:41 - epoch=1110  loss=0.1976    A@1=48.54% A@2=58.25% A@3=67.96% A@4=74.76% A@5=78.64% AVG@5=65.63% MAR=4.20  
2025-06-09 13:40:48.338 | INFO     | DejaVu.models.interface.callbacks:on_validation_epoch_end:54 - epoch=1119  val_loss=0.1998     A@1=66.67% A@2=66.67% A@3=80.00% A@4=93.33% A@5=93.33% AVG@5=80.00% MAR=3.40  
2025-06-09 13:40:48.718 | INFO     | DejaVu.models.interface.callbacks:on_train_epoch_end:41 - epoch=1120  loss=0.1894    A@1=44.66% A@2=56.31% A@3=70.87% A@4=78.64% A@5=81.55% AVG@5=66.41% MAR=4.01  
2025-06-09 13:40:51.862 | INFO     | DejaVu.models.interface.callbacks:on_validation_epoch_end:54 - epoch=1129  val_loss=0.2070     A@1=66.67% A@2=66.67% A@3=86.67% A@4=93.33% A@5=93.33% AVG@5=81.33% MAR=3.20  
2025-06-09 13:40:52.233 | INFO     | DejaVu.models.interface.callbacks:on_train_epoch_end:41 - epoch=1130  loss=0.1381    A@1=46.60% A@2=57.28% A@3=72.82% A@4=76.70% A@5=78.64% AVG@5=66.41% MAR=3.88  
2025-06-09 13:40:55.343 | INFO     | DejaVu.models.interface.callbacks:on_validation_epoch_end:54 - epoch=1139  val_loss=0.2025     A@1=60.00% A@2=66.67% A@3=86.67% A@4=93.33% A@5=93.33% AVG@5=80.00% MAR=3.27  
2025-06-09 13:40:55.719 | INFO     | DejaVu.models.interface.callbacks:on_train_epoch_end:41 - epoch=1140  loss=0.1855    A@1=40.78% A@2=57.28% A@3=70.87% A@4=78.64% A@5=81.55% AVG@5=65.83% MAR=4.34  
2025-06-09 13:40:58.843 | INFO     | DejaVu.models.interface.callbacks:on_validation_epoch_end:54 - epoch=1149  val_loss=0.1987     A@1=66.67% A@2=66.67% A@3=86.67% A@4=93.33% A@5=93.33% AVG@5=81.33% MAR=3.00  
2025-06-09 13:40:59.213 | INFO     | DejaVu.models.interface.callbacks:on_train_epoch_end:41 - epoch=1150  loss=0.1727    A@1=43.69% A@2=55.34% A@3=72.82% A@4=82.52% A@5=83.50% AVG@5=67.57% MAR=3.94  
2025-06-09 13:41:02.296 | INFO     | DejaVu.models.interface.callbacks:on_validation_epoch_end:54 - epoch=1159  val_loss=0.1892     A@1=60.00% A@2=66.67% A@3=80.00% A@4=93.33% A@5=93.33% AVG@5=78.67% MAR=3.47  
Metric val_loss improved by 0.002 >= min_delta = 0.0. New best score: 0.189
2025-06-09 13:41:02.689 | INFO     | DejaVu.models.interface.callbacks:on_train_epoch_end:41 - epoch=1160  loss=0.1887    A@1=43.69% A@2=58.25% A@3=67.96% A@4=75.73% A@5=77.67% AVG@5=64.66% MAR=4.11  
2025-06-09 13:41:05.912 | INFO     | DejaVu.models.interface.callbacks:on_validation_epoch_end:54 - epoch=1169  val_loss=0.1936     A@1=66.67% A@2=66.67% A@3=86.67% A@4=93.33% A@5=93.33% AVG@5=81.33% MAR=3.07  
2025-06-09 13:41:06.289 | INFO     | DejaVu.models.interface.callbacks:on_train_epoch_end:41 - epoch=1170  loss=0.1995    A@1=42.72% A@2=57.28% A@3=67.96% A@4=76.70% A@5=78.64% AVG@5=64.66% MAR=4.56  
2025-06-09 13:41:09.394 | INFO     | DejaVu.models.interface.callbacks:on_validation_epoch_end:54 - epoch=1179  val_loss=0.1952     A@1=66.67% A@2=66.67% A@3=86.67% A@4=93.33% A@5=93.33% AVG@5=81.33% MAR=3.07  
2025-06-09 13:41:09.765 | INFO     | DejaVu.models.interface.callbacks:on_train_epoch_end:41 - epoch=1180  loss=0.1791    A@1=45.63% A@2=54.37% A@3=67.96% A@4=74.76% A@5=75.73% AVG@5=63.69% MAR=4.46  
2025-06-09 13:41:12.879 | INFO     | DejaVu.models.interface.callbacks:on_validation_epoch_end:54 - epoch=1189  val_loss=0.1889     A@1=60.00% A@2=66.67% A@3=86.67% A@4=93.33% A@5=93.33% AVG@5=80.00% MAR=3.27  
Metric val_loss improved by 0.000 >= min_delta = 0.0. New best score: 0.189
2025-06-09 13:41:13.272 | INFO     | DejaVu.models.interface.callbacks:on_train_epoch_end:41 - epoch=1190  loss=0.1830    A@1=39.81% A@2=54.37% A@3=69.90% A@4=77.67% A@5=80.58% AVG@5=64.47% MAR=3.96  
2025-06-09 13:41:16.385 | INFO     | DejaVu.models.interface.callbacks:on_validation_epoch_end:54 - epoch=1199  val_loss=0.1963     A@1=60.00% A@2=66.67% A@3=80.00% A@4=86.67% A@5=93.33% AVG@5=77.33% MAR=3.40  
2025-06-09 13:41:16.393 | INFO     | DejaVu.models.interface.callbacks:on_validation_epoch_end:145 - 
=======================Start Test at Epoch 1199 ======================
2025-06-09 13:41:16.394 | INFO     | DejaVu.models.interface.callbacks:on_validation_epoch_end:148 - load model from /SSF/output/run_GAT_node_classification.py.2025-06-09T13:33:45.661023/lightning_logs/version_0/checkpoints/epoch=1189-A@1=0.600000-val_loss=0.188899-MAR=3.266667.ckpt
2025-06-09 13:41:16.394 | ERROR    | DejaVu.models.interface.callbacks:on_validation_epoch_end:157 - Encounter Exception during test: TypeError("test() got an unexpected keyword argument 'test_dataloaders'")
2025-06-09 13:41:16.765 | INFO     | DejaVu.models.interface.callbacks:on_train_epoch_end:41 - epoch=1200  loss=0.2265    A@1=44.66% A@2=51.46% A@3=65.05% A@4=73.79% A@5=75.73% AVG@5=62.14% MAR=4.09  
2025-06-09 13:41:19.869 | INFO     | DejaVu.models.interface.callbacks:on_validation_epoch_end:54 - epoch=1209  val_loss=0.2043     A@1=60.00% A@2=73.33% A@3=86.67% A@4=93.33% A@5=93.33% AVG@5=81.33% MAR=3.13  
2025-06-09 13:41:20.241 | INFO     | DejaVu.models.interface.callbacks:on_train_epoch_end:41 - epoch=1210  loss=0.1684    A@1=45.63% A@2=62.14% A@3=75.73% A@4=79.61% A@5=80.58% AVG@5=68.74% MAR=3.86  
2025-06-09 13:41:23.347 | INFO     | DejaVu.models.interface.callbacks:on_validation_epoch_end:54 - epoch=1219  val_loss=0.2023     A@1=60.00% A@2=66.67% A@3=93.33% A@4=93.33% A@5=93.33% AVG@5=81.33% MAR=3.13  
2025-06-09 13:41:23.721 | INFO     | DejaVu.models.interface.callbacks:on_train_epoch_end:41 - epoch=1220  loss=0.1781    A@1=44.66% A@2=59.22% A@3=71.84% A@4=79.61% A@5=81.55% AVG@5=67.38% MAR=4.71  
2025-06-09 13:41:26.813 | INFO     | DejaVu.models.interface.callbacks:on_validation_epoch_end:54 - epoch=1229  val_loss=0.1987     A@1=53.33% A@2=73.33% A@3=80.00% A@4=93.33% A@5=93.33% AVG@5=78.67% MAR=3.20  
2025-06-09 13:41:27.173 | INFO     | DejaVu.models.interface.callbacks:on_train_epoch_end:41 - epoch=1230  loss=0.1639    A@1=42.72% A@2=62.14% A@3=73.79% A@4=77.67% A@5=78.64% AVG@5=66.99% MAR=3.75  
2025-06-09 13:41:30.289 | INFO     | DejaVu.models.interface.callbacks:on_validation_epoch_end:54 - epoch=1239  val_loss=0.2116     A@1=60.00% A@2=73.33% A@3=93.33% A@4=93.33% A@5=93.33% AVG@5=82.67% MAR=3.00  
2025-06-09 13:41:30.662 | INFO     | DejaVu.models.interface.callbacks:on_train_epoch_end:41 - epoch=1240  loss=0.1827    A@1=47.57% A@2=56.31% A@3=75.73% A@4=78.64% A@5=81.55% AVG@5=67.96% MAR=3.70  
2025-06-09 13:41:33.775 | INFO     | DejaVu.models.interface.callbacks:on_validation_epoch_end:54 - epoch=1249  val_loss=0.2066     A@1=66.67% A@2=66.67% A@3=80.00% A@4=93.33% A@5=93.33% AVG@5=80.00% MAR=3.20  
2025-06-09 13:41:34.146 | INFO     | DejaVu.models.interface.callbacks:on_train_epoch_end:41 - epoch=1250  loss=0.1925    A@1=44.66% A@2=61.17% A@3=73.79% A@4=80.58% A@5=84.47% AVG@5=68.93% MAR=3.86  
2025-06-09 13:41:37.371 | INFO     | DejaVu.models.interface.callbacks:on_validation_epoch_end:54 - epoch=1259  val_loss=0.2001     A@1=60.00% A@2=66.67% A@3=80.00% A@4=93.33% A@5=93.33% AVG@5=78.67% MAR=3.60  
2025-06-09 13:41:37.743 | INFO     | DejaVu.models.interface.callbacks:on_train_epoch_end:41 - epoch=1260  loss=0.1854    A@1=46.60% A@2=59.22% A@3=73.79% A@4=77.67% A@5=78.64% AVG@5=67.18% MAR=4.25  
2025-06-09 13:41:40.847 | INFO     | DejaVu.models.interface.callbacks:on_validation_epoch_end:54 - epoch=1269  val_loss=0.1981     A@1=60.00% A@2=66.67% A@3=86.67% A@4=93.33% A@5=93.33% AVG@5=80.00% MAR=3.27  
2025-06-09 13:41:41.225 | INFO     | DejaVu.models.interface.callbacks:on_train_epoch_end:41 - epoch=1270  loss=0.1796    A@1=44.66% A@2=59.22% A@3=71.84% A@4=80.58% A@5=81.55% AVG@5=67.57% MAR=4.17  
2025-06-09 13:41:44.334 | INFO     | DejaVu.models.interface.callbacks:on_validation_epoch_end:54 - epoch=1279  val_loss=0.1937     A@1=60.00% A@2=66.67% A@3=80.00% A@4=93.33% A@5=93.33% AVG@5=78.67% MAR=3.40  
2025-06-09 13:41:44.706 | INFO     | DejaVu.models.interface.callbacks:on_train_epoch_end:41 - epoch=1280  loss=0.1651    A@1=41.75% A@2=55.34% A@3=71.84% A@4=77.67% A@5=79.61% AVG@5=65.24% MAR=4.55  
2025-06-09 13:41:47.812 | INFO     | DejaVu.models.interface.callbacks:on_validation_epoch_end:54 - epoch=1289  val_loss=0.2006     A@1=60.00% A@2=66.67% A@3=86.67% A@4=93.33% A@5=93.33% AVG@5=80.00% MAR=3.27  
2025-06-09 13:41:47.821 | INFO     | DejaVu.models.interface.callbacks:on_validation_epoch_end:145 - 
=======================Start Test at Epoch 1289 ======================
2025-06-09 13:41:47.821 | INFO     | DejaVu.models.interface.callbacks:on_validation_epoch_end:148 - load model from /SSF/output/run_GAT_node_classification.py.2025-06-09T13:33:45.661023/lightning_logs/version_0/checkpoints/epoch=1189-A@1=0.600000-val_loss=0.188899-MAR=3.266667.ckpt
2025-06-09 13:41:47.821 | ERROR    | DejaVu.models.interface.callbacks:on_validation_epoch_end:157 - Encounter Exception during test: TypeError("test() got an unexpected keyword argument 'test_dataloaders'")
2025-06-09 13:41:48.194 | INFO     | DejaVu.models.interface.callbacks:on_train_epoch_end:41 - epoch=1290  loss=0.1652    A@1=44.66% A@2=58.25% A@3=69.90% A@4=77.67% A@5=81.55% AVG@5=66.41% MAR=3.89  
2025-06-09 13:41:51.299 | INFO     | DejaVu.models.interface.callbacks:on_validation_epoch_end:54 - epoch=1299  val_loss=0.2067     A@1=53.33% A@2=60.00% A@3=80.00% A@4=93.33% A@5=93.33% AVG@5=76.00% MAR=3.40  
2025-06-09 13:41:51.670 | INFO     | DejaVu.models.interface.callbacks:on_train_epoch_end:41 - epoch=1300  loss=0.2138    A@1=40.78% A@2=55.34% A@3=69.90% A@4=78.64% A@5=80.58% AVG@5=65.05% MAR=4.18  
2025-06-09 13:41:54.775 | INFO     | DejaVu.models.interface.callbacks:on_validation_epoch_end:54 - epoch=1309  val_loss=0.1977     A@1=60.00% A@2=66.67% A@3=80.00% A@4=93.33% A@5=93.33% AVG@5=78.67% MAR=3.40  
2025-06-09 13:41:55.145 | INFO     | DejaVu.models.interface.callbacks:on_train_epoch_end:41 - epoch=1310  loss=0.2217    A@1=43.69% A@2=58.25% A@3=68.93% A@4=81.55% A@5=82.52% AVG@5=66.99% MAR=4.37  
2025-06-09 13:41:58.249 | INFO     | DejaVu.models.interface.callbacks:on_validation_epoch_end:54 - epoch=1319  val_loss=0.2165     A@1=66.67% A@2=73.33% A@3=93.33% A@4=93.33% A@5=93.33% AVG@5=84.00% MAR=3.07  
2025-06-09 13:41:58.620 | INFO     | DejaVu.models.interface.callbacks:on_train_epoch_end:41 - epoch=1320  loss=0.2345    A@1=41.75% A@2=56.31% A@3=69.90% A@4=77.67% A@5=77.67% AVG@5=64.66% MAR=4.55  
2025-06-09 13:42:01.736 | INFO     | DejaVu.models.interface.callbacks:on_validation_epoch_end:54 - epoch=1329  val_loss=0.2006     A@1=66.67% A@2=66.67% A@3=93.33% A@4=93.33% A@5=93.33% AVG@5=82.67% MAR=3.40  
2025-06-09 13:42:02.107 | INFO     | DejaVu.models.interface.callbacks:on_train_epoch_end:41 - epoch=1330  loss=0.1390    A@1=46.60% A@2=59.22% A@3=70.87% A@4=79.61% A@5=84.47% AVG@5=68.16% MAR=4.28  
2025-06-09 13:42:05.352 | INFO     | DejaVu.models.interface.callbacks:on_validation_epoch_end:54 - epoch=1339  val_loss=0.2017     A@1=66.67% A@2=66.67% A@3=86.67% A@4=93.33% A@5=93.33% AVG@5=81.33% MAR=3.13  
2025-06-09 13:42:05.723 | INFO     | DejaVu.models.interface.callbacks:on_train_epoch_end:41 - epoch=1340  loss=0.1986    A@1=46.60% A@2=58.25% A@3=73.79% A@4=79.61% A@5=82.52% AVG@5=68.16% MAR=4.15  
2025-06-09 13:42:08.828 | INFO     | DejaVu.models.interface.callbacks:on_validation_epoch_end:54 - epoch=1349  val_loss=0.2025     A@1=60.00% A@2=66.67% A@3=93.33% A@4=93.33% A@5=93.33% AVG@5=81.33% MAR=3.20  
2025-06-09 13:42:09.199 | INFO     | DejaVu.models.interface.callbacks:on_train_epoch_end:41 - epoch=1350  loss=0.2225    A@1=43.69% A@2=61.17% A@3=69.90% A@4=78.64% A@5=81.55% AVG@5=66.99% MAR=4.12  
2025-06-09 13:42:12.303 | INFO     | DejaVu.models.interface.callbacks:on_validation_epoch_end:54 - epoch=1359  val_loss=0.2009     A@1=60.00% A@2=66.67% A@3=93.33% A@4=93.33% A@5=93.33% AVG@5=81.33% MAR=3.40  
2025-06-09 13:42:12.675 | INFO     | DejaVu.models.interface.callbacks:on_train_epoch_end:41 - epoch=1360  loss=0.2143    A@1=44.66% A@2=59.22% A@3=71.84% A@4=80.58% A@5=80.58% AVG@5=67.38% MAR=4.28  
2025-06-09 13:42:15.801 | INFO     | DejaVu.models.interface.callbacks:on_validation_epoch_end:54 - epoch=1369  val_loss=0.2018     A@1=60.00% A@2=66.67% A@3=93.33% A@4=93.33% A@5=93.33% AVG@5=81.33% MAR=3.33  
2025-06-09 13:42:16.173 | INFO     | DejaVu.models.interface.callbacks:on_train_epoch_end:41 - epoch=1370  loss=0.1959    A@1=47.57% A@2=58.25% A@3=71.84% A@4=79.61% A@5=81.55% AVG@5=67.77% MAR=3.89  
2025-06-09 13:42:19.291 | INFO     | DejaVu.models.interface.callbacks:on_validation_epoch_end:54 - epoch=1379  val_loss=0.2075     A@1=60.00% A@2=66.67% A@3=93.33% A@4=93.33% A@5=93.33% AVG@5=81.33% MAR=3.07  
2025-06-09 13:42:19.300 | INFO     | DejaVu.models.interface.callbacks:on_validation_epoch_end:145 - 
=======================Start Test at Epoch 1379 ======================
2025-06-09 13:42:19.300 | INFO     | DejaVu.models.interface.callbacks:on_validation_epoch_end:148 - load model from /SSF/output/run_GAT_node_classification.py.2025-06-09T13:33:45.661023/lightning_logs/version_0/checkpoints/epoch=1189-A@1=0.600000-val_loss=0.188899-MAR=3.266667.ckpt
2025-06-09 13:42:19.301 | ERROR    | DejaVu.models.interface.callbacks:on_validation_epoch_end:157 - Encounter Exception during test: TypeError("test() got an unexpected keyword argument 'test_dataloaders'")
2025-06-09 13:42:19.679 | INFO     | DejaVu.models.interface.callbacks:on_train_epoch_end:41 - epoch=1380  loss=0.1456    A@1=39.81% A@2=51.46% A@3=69.90% A@4=76.70% A@5=82.52% AVG@5=64.08% MAR=4.07  
2025-06-09 13:42:22.794 | INFO     | DejaVu.models.interface.callbacks:on_validation_epoch_end:54 - epoch=1389  val_loss=0.1937     A@1=60.00% A@2=66.67% A@3=93.33% A@4=93.33% A@5=93.33% AVG@5=81.33% MAR=3.07  
2025-06-09 13:42:23.169 | INFO     | DejaVu.models.interface.callbacks:on_train_epoch_end:41 - epoch=1390  loss=0.1667    A@1=43.69% A@2=55.34% A@3=67.96% A@4=75.73% A@5=77.67% AVG@5=64.08% MAR=4.29  
2025-06-09 13:42:26.280 | INFO     | DejaVu.models.interface.callbacks:on_validation_epoch_end:54 - epoch=1399  val_loss=0.1976     A@1=60.00% A@2=66.67% A@3=86.67% A@4=93.33% A@5=93.33% AVG@5=80.00% MAR=3.00  
2025-06-09 13:42:26.651 | INFO     | DejaVu.models.interface.callbacks:on_train_epoch_end:41 - epoch=1400  loss=0.1861    A@1=41.75% A@2=54.37% A@3=68.93% A@4=74.76% A@5=77.67% AVG@5=63.50% MAR=5.14  
2025-06-09 13:42:29.754 | INFO     | DejaVu.models.interface.callbacks:on_validation_epoch_end:54 - epoch=1409  val_loss=0.1940     A@1=60.00% A@2=66.67% A@3=93.33% A@4=93.33% A@5=93.33% AVG@5=81.33% MAR=3.00  
2025-06-09 13:42:30.126 | INFO     | DejaVu.models.interface.callbacks:on_train_epoch_end:41 - epoch=1410  loss=0.1881    A@1=42.72% A@2=60.19% A@3=70.87% A@4=75.73% A@5=78.64% AVG@5=65.63% MAR=4.35  
2025-06-09 13:42:33.345 | INFO     | DejaVu.models.interface.callbacks:on_validation_epoch_end:54 - epoch=1419  val_loss=0.1937     A@1=66.67% A@2=66.67% A@3=86.67% A@4=93.33% A@5=93.33% AVG@5=81.33% MAR=3.33  
2025-06-09 13:42:33.716 | INFO     | DejaVu.models.interface.callbacks:on_train_epoch_end:41 - epoch=1420  loss=0.2433    A@1=41.75% A@2=55.34% A@3=67.96% A@4=75.73% A@5=79.61% AVG@5=64.08% MAR=4.53  
2025-06-09 13:42:36.876 | INFO     | DejaVu.models.interface.callbacks:on_validation_epoch_end:54 - epoch=1429  val_loss=0.2033     A@1=53.33% A@2=66.67% A@3=86.67% A@4=93.33% A@5=93.33% AVG@5=78.67% MAR=3.33  
2025-06-09 13:42:37.254 | INFO     | DejaVu.models.interface.callbacks:on_train_epoch_end:41 - epoch=1430  loss=0.2209    A@1=44.66% A@2=57.28% A@3=66.02% A@4=77.67% A@5=77.67% AVG@5=64.66% MAR=4.38  
2025-06-09 13:42:40.409 | INFO     | DejaVu.models.interface.callbacks:on_validation_epoch_end:54 - epoch=1439  val_loss=0.1977     A@1=66.67% A@2=66.67% A@3=86.67% A@4=93.33% A@5=93.33% AVG@5=81.33% MAR=2.73  
2025-06-09 13:42:40.780 | INFO     | DejaVu.models.interface.callbacks:on_train_epoch_end:41 - epoch=1440  loss=0.2447    A@1=38.83% A@2=48.54% A@3=69.90% A@4=76.70% A@5=79.61% AVG@5=62.72% MAR=5.10  
2025-06-09 13:42:43.916 | INFO     | DejaVu.models.interface.callbacks:on_validation_epoch_end:54 - epoch=1449  val_loss=0.1982     A@1=66.67% A@2=73.33% A@3=86.67% A@4=93.33% A@5=93.33% AVG@5=82.67% MAR=3.07  
2025-06-09 13:42:44.285 | INFO     | DejaVu.models.interface.callbacks:on_train_epoch_end:41 - epoch=1450  loss=0.2499    A@1=42.72% A@2=51.46% A@3=64.08% A@4=74.76% A@5=78.64% AVG@5=62.33% MAR=4.83  
2025-06-09 13:42:47.482 | INFO     | DejaVu.models.interface.callbacks:on_validation_epoch_end:54 - epoch=1459  val_loss=0.1916     A@1=73.33% A@2=73.33% A@3=86.67% A@4=93.33% A@5=93.33% AVG@5=84.00% MAR=3.07  
2025-06-09 13:42:47.873 | INFO     | DejaVu.models.interface.callbacks:on_train_epoch_end:41 - epoch=1460  loss=0.2256    A@1=47.57% A@2=57.28% A@3=72.82% A@4=76.70% A@5=76.70% AVG@5=66.21% MAR=4.04  
2025-06-09 13:42:51.070 | INFO     | DejaVu.models.interface.callbacks:on_validation_epoch_end:54 - epoch=1469  val_loss=0.2043     A@1=66.67% A@2=66.67% A@3=86.67% A@4=93.33% A@5=93.33% AVG@5=81.33% MAR=3.13  
2025-06-09 13:42:51.079 | INFO     | DejaVu.models.interface.callbacks:on_validation_epoch_end:145 - 
=======================Start Test at Epoch 1469 ======================
2025-06-09 13:42:51.079 | INFO     | DejaVu.models.interface.callbacks:on_validation_epoch_end:148 - load model from /SSF/output/run_GAT_node_classification.py.2025-06-09T13:33:45.661023/lightning_logs/version_0/checkpoints/epoch=1189-A@1=0.600000-val_loss=0.188899-MAR=3.266667.ckpt
2025-06-09 13:42:51.079 | ERROR    | DejaVu.models.interface.callbacks:on_validation_epoch_end:157 - Encounter Exception during test: TypeError("test() got an unexpected keyword argument 'test_dataloaders'")
2025-06-09 13:42:51.460 | INFO     | DejaVu.models.interface.callbacks:on_train_epoch_end:41 - epoch=1470  loss=0.2207    A@1=46.60% A@2=56.31% A@3=71.84% A@4=80.58% A@5=82.52% AVG@5=67.57% MAR=4.51  
2025-06-09 13:42:54.626 | INFO     | DejaVu.models.interface.callbacks:on_validation_epoch_end:54 - epoch=1479  val_loss=0.2040     A@1=66.67% A@2=66.67% A@3=86.67% A@4=93.33% A@5=93.33% AVG@5=81.33% MAR=3.07  
2025-06-09 13:42:54.987 | INFO     | DejaVu.models.interface.callbacks:on_train_epoch_end:41 - epoch=1480  loss=0.1824    A@1=41.75% A@2=51.46% A@3=66.02% A@4=74.76% A@5=76.70% AVG@5=62.14% MAR=4.55  
2025-06-09 13:42:58.123 | INFO     | DejaVu.models.interface.callbacks:on_validation_epoch_end:54 - epoch=1489  val_loss=0.1936     A@1=66.67% A@2=66.67% A@3=86.67% A@4=93.33% A@5=93.33% AVG@5=81.33% MAR=3.20  
2025-06-09 13:42:58.513 | INFO     | DejaVu.models.interface.callbacks:on_train_epoch_end:41 - epoch=1490  loss=0.2080    A@1=45.63% A@2=55.34% A@3=67.96% A@4=75.73% A@5=79.61% AVG@5=64.85% MAR=4.57  
2025-06-09 13:43:01.597 | INFO     | DejaVu.models.interface.callbacks:on_validation_epoch_end:54 - epoch=1499  val_loss=0.1936     A@1=53.33% A@2=66.67% A@3=80.00% A@4=93.33% A@5=93.33% AVG@5=77.33% MAR=3.40  
2025-06-09 13:43:01.966 | INFO     | DejaVu.models.interface.callbacks:on_train_epoch_end:41 - epoch=1500  loss=0.1578    A@1=47.57% A@2=59.22% A@3=71.84% A@4=77.67% A@5=81.55% AVG@5=67.57% MAR=3.99  
2025-06-09 13:43:05.182 | INFO     | DejaVu.models.interface.callbacks:on_validation_epoch_end:54 - epoch=1509  val_loss=0.2087     A@1=60.00% A@2=66.67% A@3=93.33% A@4=93.33% A@5=93.33% AVG@5=81.33% MAR=3.13  
2025-06-09 13:43:05.554 | INFO     | DejaVu.models.interface.callbacks:on_train_epoch_end:41 - epoch=1510  loss=0.1781    A@1=39.81% A@2=60.19% A@3=71.84% A@4=80.58% A@5=82.52% AVG@5=66.99% MAR=4.17  
2025-06-09 13:43:08.658 | INFO     | DejaVu.models.interface.callbacks:on_validation_epoch_end:54 - epoch=1519  val_loss=0.2032     A@1=60.00% A@2=66.67% A@3=80.00% A@4=93.33% A@5=93.33% AVG@5=78.67% MAR=3.47  
2025-06-09 13:43:09.030 | INFO     | DejaVu.models.interface.callbacks:on_train_epoch_end:41 - epoch=1520  loss=0.1873    A@1=38.83% A@2=54.37% A@3=70.87% A@4=80.58% A@5=82.52% AVG@5=65.44% MAR=4.08  
2025-06-09 13:43:12.137 | INFO     | DejaVu.models.interface.callbacks:on_validation_epoch_end:54 - epoch=1529  val_loss=0.1958     A@1=60.00% A@2=66.67% A@3=86.67% A@4=93.33% A@5=93.33% AVG@5=80.00% MAR=3.33  
2025-06-09 13:43:12.504 | INFO     | DejaVu.models.interface.callbacks:on_train_epoch_end:41 - epoch=1530  loss=0.1621    A@1=43.69% A@2=56.31% A@3=69.90% A@4=78.64% A@5=81.55% AVG@5=66.02% MAR=3.78  
2025-06-09 13:43:15.609 | INFO     | DejaVu.models.interface.callbacks:on_validation_epoch_end:54 - epoch=1539  val_loss=0.1981     A@1=60.00% A@2=66.67% A@3=86.67% A@4=93.33% A@5=93.33% AVG@5=80.00% MAR=3.33  
2025-06-09 13:43:15.984 | INFO     | DejaVu.models.interface.callbacks:on_train_epoch_end:41 - epoch=1540  loss=0.2012    A@1=44.66% A@2=60.19% A@3=71.84% A@4=81.55% A@5=82.52% AVG@5=68.16% MAR=4.03  
2025-06-09 13:43:19.161 | INFO     | DejaVu.models.interface.callbacks:on_validation_epoch_end:54 - epoch=1549  val_loss=0.2101     A@1=60.00% A@2=66.67% A@3=86.67% A@4=93.33% A@5=93.33% AVG@5=80.00% MAR=3.13  
2025-06-09 13:43:19.534 | INFO     | DejaVu.models.interface.callbacks:on_train_epoch_end:41 - epoch=1550  loss=0.1856    A@1=44.66% A@2=62.14% A@3=69.90% A@4=77.67% A@5=81.55% AVG@5=67.18% MAR=4.14  
2025-06-09 13:43:22.640 | INFO     | DejaVu.models.interface.callbacks:on_validation_epoch_end:54 - epoch=1559  val_loss=0.1894     A@1=60.00% A@2=66.67% A@3=80.00% A@4=93.33% A@5=93.33% AVG@5=78.67% MAR=3.40  
2025-06-09 13:43:22.648 | INFO     | DejaVu.models.interface.callbacks:on_validation_epoch_end:145 - 
=======================Start Test at Epoch 1559 ======================
2025-06-09 13:43:22.648 | INFO     | DejaVu.models.interface.callbacks:on_validation_epoch_end:148 - load model from /SSF/output/run_GAT_node_classification.py.2025-06-09T13:33:45.661023/lightning_logs/version_0/checkpoints/epoch=1189-A@1=0.600000-val_loss=0.188899-MAR=3.266667.ckpt
2025-06-09 13:43:22.648 | ERROR    | DejaVu.models.interface.callbacks:on_validation_epoch_end:157 - Encounter Exception during test: TypeError("test() got an unexpected keyword argument 'test_dataloaders'")
2025-06-09 13:43:23.034 | INFO     | DejaVu.models.interface.callbacks:on_train_epoch_end:41 - epoch=1560  loss=0.2240    A@1=40.78% A@2=53.40% A@3=72.82% A@4=81.55% A@5=82.52% AVG@5=66.21% MAR=4.20  
2025-06-09 13:43:26.117 | INFO     | DejaVu.models.interface.callbacks:on_validation_epoch_end:54 - epoch=1569  val_loss=0.1994     A@1=60.00% A@2=73.33% A@3=86.67% A@4=93.33% A@5=93.33% AVG@5=81.33% MAR=3.07  
2025-06-09 13:43:26.492 | INFO     | DejaVu.models.interface.callbacks:on_train_epoch_end:41 - epoch=1570  loss=0.1925    A@1=43.69% A@2=53.40% A@3=65.05% A@4=76.70% A@5=78.64% AVG@5=63.50% MAR=4.62  
2025-06-09 13:43:29.614 | INFO     | DejaVu.models.interface.callbacks:on_validation_epoch_end:54 - epoch=1579  val_loss=0.2009     A@1=53.33% A@2=66.67% A@3=86.67% A@4=93.33% A@5=93.33% AVG@5=78.67% MAR=3.20  
2025-06-09 13:43:29.985 | INFO     | DejaVu.models.interface.callbacks:on_train_epoch_end:41 - epoch=1580  loss=0.1436    A@1=49.51% A@2=57.28% A@3=66.02% A@4=77.67% A@5=82.52% AVG@5=66.60% MAR=4.30  
2025-06-09 13:43:33.077 | INFO     | DejaVu.models.interface.callbacks:on_validation_epoch_end:54 - epoch=1589  val_loss=0.2021     A@1=60.00% A@2=66.67% A@3=86.67% A@4=93.33% A@5=93.33% AVG@5=80.00% MAR=3.27  
2025-06-09 13:43:33.450 | INFO     | DejaVu.models.interface.callbacks:on_train_epoch_end:41 - epoch=1590  loss=0.2153    A@1=49.51% A@2=58.25% A@3=71.84% A@4=78.64% A@5=82.52% AVG@5=68.16% MAR=4.40  
2025-06-09 13:43:36.727 | INFO     | DejaVu.models.interface.callbacks:on_validation_epoch_end:54 - epoch=1599  val_loss=0.2010     A@1=53.33% A@2=66.67% A@3=93.33% A@4=93.33% A@5=93.33% AVG@5=80.00% MAR=3.00  
2025-06-09 13:43:37.107 | INFO     | DejaVu.models.interface.callbacks:on_train_epoch_end:41 - epoch=1600  loss=0.1579    A@1=41.75% A@2=55.34% A@3=68.93% A@4=75.73% A@5=77.67% AVG@5=63.88% MAR=4.33  
2025-06-09 13:43:40.244 | INFO     | DejaVu.models.interface.callbacks:on_validation_epoch_end:54 - epoch=1609  val_loss=0.1998     A@1=60.00% A@2=66.67% A@3=86.67% A@4=93.33% A@5=93.33% AVG@5=80.00% MAR=2.93  
2025-06-09 13:43:40.614 | INFO     | DejaVu.models.interface.callbacks:on_train_epoch_end:41 - epoch=1610  loss=0.1785    A@1=44.66% A@2=57.28% A@3=69.90% A@4=80.58% A@5=80.58% AVG@5=66.60% MAR=4.34  
2025-06-09 13:43:43.740 | INFO     | DejaVu.models.interface.callbacks:on_validation_epoch_end:54 - epoch=1619  val_loss=0.1951     A@1=60.00% A@2=73.33% A@3=86.67% A@4=93.33% A@5=93.33% AVG@5=81.33% MAR=2.80  
2025-06-09 13:43:44.122 | INFO     | DejaVu.models.interface.callbacks:on_train_epoch_end:41 - epoch=1620  loss=0.2069    A@1=43.69% A@2=55.34% A@3=66.99% A@4=72.82% A@5=75.73% AVG@5=62.91% MAR=5.10  
2025-06-09 13:43:47.268 | INFO     | DejaVu.models.interface.callbacks:on_validation_epoch_end:54 - epoch=1629  val_loss=0.2124     A@1=60.00% A@2=66.67% A@3=80.00% A@4=93.33% A@5=93.33% AVG@5=78.67% MAR=3.00  
2025-06-09 13:43:47.648 | INFO     | DejaVu.models.interface.callbacks:on_train_epoch_end:41 - epoch=1630  loss=0.1997    A@1=47.57% A@2=57.28% A@3=71.84% A@4=78.64% A@5=81.55% AVG@5=67.38% MAR=3.86  
2025-06-09 13:43:50.795 | INFO     | DejaVu.models.interface.callbacks:on_validation_epoch_end:54 - epoch=1639  val_loss=0.1994     A@1=60.00% A@2=66.67% A@3=86.67% A@4=93.33% A@5=93.33% AVG@5=80.00% MAR=3.33  
2025-06-09 13:43:51.176 | INFO     | DejaVu.models.interface.callbacks:on_train_epoch_end:41 - epoch=1640  loss=0.2220    A@1=39.81% A@2=55.34% A@3=71.84% A@4=80.58% A@5=82.52% AVG@5=66.02% MAR=4.11  
2025-06-09 13:43:54.330 | INFO     | DejaVu.models.interface.callbacks:on_validation_epoch_end:54 - epoch=1649  val_loss=0.2238     A@1=60.00% A@2=66.67% A@3=93.33% A@4=93.33% A@5=93.33% AVG@5=81.33% MAR=3.00  
2025-06-09 13:43:54.338 | INFO     | DejaVu.models.interface.callbacks:on_validation_epoch_end:145 - 
=======================Start Test at Epoch 1649 ======================
2025-06-09 13:43:54.339 | INFO     | DejaVu.models.interface.callbacks:on_validation_epoch_end:148 - load model from /SSF/output/run_GAT_node_classification.py.2025-06-09T13:33:45.661023/lightning_logs/version_0/checkpoints/epoch=1189-A@1=0.600000-val_loss=0.188899-MAR=3.266667.ckpt
2025-06-09 13:43:54.339 | ERROR    | DejaVu.models.interface.callbacks:on_validation_epoch_end:157 - Encounter Exception during test: TypeError("test() got an unexpected keyword argument 'test_dataloaders'")
2025-06-09 13:43:54.719 | INFO     | DejaVu.models.interface.callbacks:on_train_epoch_end:41 - epoch=1650  loss=0.1566    A@1=45.63% A@2=60.19% A@3=72.82% A@4=81.55% A@5=83.50% AVG@5=68.74% MAR=4.08  
2025-06-09 13:43:57.865 | INFO     | DejaVu.models.interface.callbacks:on_validation_epoch_end:54 - epoch=1659  val_loss=0.2014     A@1=60.00% A@2=73.33% A@3=93.33% A@4=93.33% A@5=93.33% AVG@5=82.67% MAR=3.13  
2025-06-09 13:43:58.242 | INFO     | DejaVu.models.interface.callbacks:on_train_epoch_end:41 - epoch=1660  loss=0.1750    A@1=44.66% A@2=63.11% A@3=75.73% A@4=84.47% A@5=86.41% AVG@5=70.87% MAR=3.73  
