Using backend: pytorch
2025-06-06 03:50:05.863 | INFO     | failure_dependency_graph.FDG_config:process_args:62 - torch.cuda.is_available()=False
2025-06-06 03:50:05.942 | INFO     | DejaVu.workflow:_train_exp_CFL:34 - 
================================================Config=============================================
{'FI_feature_dim': 3,
 'GAT_layers': 8,
 'GAT_num_heads': 4,
 'GAT_residual': True,
 'GAT_shared_feature_mapper': False,
 'augmentation': True,
 'balance_train_set': True,
 'batch_size': 16,
 'cache_dir': PosixPath('/tmp/SSF/.cache'),
 'checkpoint_metric': 'val_loss',
 'cuda': False,
 'data_dir': PosixPath('data/TrainTicket/gt'),
 'dataset_split_ratio': (0.4, 0.2, 0.4),
 'display_epoch_freq': 10,
 'display_second_freq': 5,
 'drop_FDG_edges_fraction': 0.0,
 'dropout': False,
 'early_stopping_epoch_patience': 500,
 'es': True,
 'faults_path': None,
 'feature_projector_type': 'GRU',
 'flush_dataset_cache': True,
 'gradient_clip_val': 1.0,
 'graph_config_path': None,
 'init_lr': 0.01,
 'max_epoch': 300,
 'metrics_path': None,
 'output_base_path': PosixPath('/SSF/output'),
 'output_dir': PosixPath('/SSF/output/run_GAT_node_classification.py.2025-06-06T03:50:05.862676'),
 'p': 0.25,
 'q': 0.25,
 'random_walk_length': 8,
 'rec_loss_weight': 1.0,
 'test_batch_size': 128,
 'test_epoch_freq': 100,
 'test_second_freq': 30.0,
 'train_set_repeat': 1,
 'train_set_sampling': 1.0,
 'ts_feature_mode': 'full',
 'use_anomaly_direction_constraint': False,
 'valid_epoch_freq': 10,
 'weight_decay': 0.01,
 'window_size': (10, 10)}
===================================================================================================

2025-06-06 03:50:06.247 | INFO     | DejaVu.workflow:_train_exp_CFL:39 - reproducibility info: {'command_line': 'python run_GAT_node_classification.py -H=4 -L=8 -fe=GRU -aug=True -bal=True --data_dir=./data/TrainTicket/gt', 'time': 'Fri Jun  6 03:50:05 2025', 'git_root': '/workspace', 'git_url': 'https://github.com/yijunquan-afk/Dejavu-changed/tree/d99ce0eca31a5fb966cfab615bb0fae5d949140e', 'git_has_uncommitted_changes': True}
2025-06-06 03:50:06.679 | INFO     | failure_dependency_graph.failure_dependency_graph:_load_FDG:207 - Loading FDG from data/TrainTicket/gt/FDG.pkl
2025-06-06 03:50:07.036 | INFO     | failure_dependency_graph.model_interface:__init__:48 - dataset_cache_dir=/tmp/SSF/.cache/faults=data_TrainTicket_gt_faults.csv.graph=None.metrics=data_TrainTicket_gt_metrics.norm.pkl.use_anomaly_direction_constraint=False
2025-06-06 03:50:07.155 | INFO     | DejaVu.workflow:_train_exp_CFL:51 - 
==========================Model Summary================================================================================================================
Layer (type:depth-idx)                   Param #
=================================================================
GAT                                      --
├─FIFeatureExtractor: 1-1                --
│    └─ModuleList: 2-1                   --
│    │    └─GRUFeatureModule: 3-1        --
│    │    │    └─GRU: 4-1                117
│    │    │    └─Sequential: 4-2         --
│    │    │    │    └─Reshape: 5-1       --
│    │    │    │    └─Conv1d: 5-2        100
│    │    │    │    └─GELU: 5-3          --
│    │    │    │    └─Flatten: 5-4       --
│    │    │    │    └─Linear: 5-5        543
│    │    │    │    └─Reshape: 5-6       --
│    │    └─GRUFeatureModule: 3-2        --
│    │    │    └─GRU: 4-3                63
│    │    │    └─Sequential: 4-4         --
│    │    │    │    └─Reshape: 5-7       --
│    │    │    │    └─Conv1d: 5-8        100
│    │    │    │    └─GELU: 5-9          --
│    │    │    │    └─Flatten: 5-10      --
│    │    │    │    └─Linear: 5-11       543
│    │    │    │    └─Reshape: 5-12      --
├─Identity: 1-2                          --
├─ModuleList: 1-3                        --
│    └─GATConv: 2-2                      --
│    │    └─Linear: 3-3                  36
│    │    └─Dropout: 3-4                 --
│    │    └─Dropout: 3-5                 --
│    │    └─LeakyReLU: 3-6               --
│    │    └─Linear: 3-7                  36
│    └─GATConv: 2-3                      --
│    │    └─Linear: 3-8                  144
│    │    └─Dropout: 3-9                 --
│    │    └─Dropout: 3-10                --
│    │    └─LeakyReLU: 3-11              --
│    │    └─Identity: 3-12               --
│    └─GATConv: 2-4                      --
│    │    └─Linear: 3-13                 144
│    │    └─Dropout: 3-14                --
│    │    └─Dropout: 3-15                --
│    │    └─LeakyReLU: 3-16              --
│    │    └─Identity: 3-17               --
│    └─GATConv: 2-5                      --
│    │    └─Linear: 3-18                 144
│    │    └─Dropout: 3-19                --
│    │    └─Dropout: 3-20                --
│    │    └─LeakyReLU: 3-21              --
│    │    └─Identity: 3-22               --
│    └─GATConv: 2-6                      --
│    │    └─Linear: 3-23                 144
│    │    └─Dropout: 3-24                --
│    │    └─Dropout: 3-25                --
│    │    └─LeakyReLU: 3-26              --
│    │    └─Identity: 3-27               --
│    └─GATConv: 2-7                      --
│    │    └─Linear: 3-28                 144
│    │    └─Dropout: 3-29                --
│    │    └─Dropout: 3-30                --
│    │    └─LeakyReLU: 3-31              --
│    │    └─Identity: 3-32               --
│    └─GATConv: 2-8                      --
│    │    └─Linear: 3-33                 144
│    │    └─Dropout: 3-34                --
│    │    └─Dropout: 3-35                --
│    │    └─LeakyReLU: 3-36              --
│    │    └─Identity: 3-37               --
│    └─GATConv: 2-9                      --
│    │    └─Linear: 3-38                 144
│    │    └─Dropout: 3-39                --
│    │    └─Dropout: 3-40                --
│    │    └─LeakyReLU: 3-41              --
│    │    └─Identity: 3-42               --
├─NodeWeightPredictor: 1-4               --
│    └─Sequential: 2-10                  --
│    │    └─Linear: 3-43                 1,664
│    │    └─GELU: 3-44                   --
│    │    └─Linear: 3-45                 128
=================================================================
Total params: 4,338
Trainable params: 4,338
Non-trainable params: 0
=======================================================================================================================================================

GPU available: False, used: False
TPU available: False, using: 0 TPU cores
IPU available: False, using: 0 IPUs
HPU available: False, using: 0 HPUs
<failure_dependency_graph.failure_dependency_graph.FDG object at 0x7edffc663910>
len(train_list)=104 len(set(train_list))=104 len(validation_list)=20 len(test_list)=58 
preprocess metrics for each instance type:   0%|          | 0/2 [00:00<?, ?it/s]preprocess metrics for each instance type:  50%|█████     | 1/2 [00:01<00:01,  1.13s/it]preprocess metrics for each instance type: 100%|██████████| 2/2 [00:01<00:00,  1.53it/s]preprocess metrics for each instance type: 100%|██████████| 2/2 [00:01<00:00,  1.38it/s]
GPU available: False, used: False
TPU available: False, using: 0 TPU cores
IPU available: False, using: 0 IPUs
HPU available: False, using: 0 HPUs
Missing logger folder: /SSF/output/run_GAT_node_classification.py.2025-06-06T03:50:05.862676/lightning_logs

  | Name    | Type | Params
---------------------------------
0 | _module | GAT  | 4.6 K 
---------------------------------
4.6 K     Trainable params
0         Non-trainable params
4.6 K     Total params
0.019     Total estimated model params size (MB)
2025-06-06 03:50:10.737 | INFO     | DejaVu.models.interface.callbacks:on_validation_epoch_end:52 - epoch=0     val_loss=1.1941     A@1=0.00 % A@2=0.00 % A@3=0.00 % A@5=0.00 % MAR=46.25 
2025-06-06 03:50:15.280 | INFO     | DejaVu.models.interface.callbacks:on_train_epoch_end:41 - epoch=0     loss=0.6406    A@1=9.62 % A@2=15.38% A@3=19.23% A@5=27.88% MAR=15.20 
2025-06-06 03:50:20.131 | INFO     | DejaVu.models.interface.callbacks:on_train_epoch_end:41 - epoch=2     loss=0.4889    A@1=28.85% A@2=39.42% A@3=45.19% A@5=59.62% MAR=7.78  
2025-06-06 03:50:27.144 | INFO     | DejaVu.models.interface.callbacks:on_train_epoch_end:41 - epoch=5     loss=0.1698    A@1=46.15% A@2=66.35% A@3=75.96% A@5=81.73% MAR=3.43  
2025-06-06 03:50:34.057 | INFO     | DejaVu.models.interface.callbacks:on_train_epoch_end:41 - epoch=8     loss=0.1474    A@1=75.96% A@2=89.42% A@3=94.23% A@5=96.15% MAR=1.55  
2025-06-06 03:50:36.638 | INFO     | DejaVu.models.interface.callbacks:on_validation_epoch_end:52 - epoch=9     val_loss=0.4776     A@1=75.00% A@2=75.00% A@3=75.00% A@5=75.00% MAR=6.10  
Metric val_loss improved. New best score: 0.478
2025-06-06 03:50:38.951 | INFO     | DejaVu.models.interface.callbacks:on_train_epoch_end:41 - epoch=10    loss=0.0904    A@1=79.81% A@2=91.35% A@3=94.23% A@5=97.12% MAR=1.44  
2025-06-06 03:50:45.904 | INFO     | DejaVu.models.interface.callbacks:on_train_epoch_end:41 - epoch=13    loss=0.0664    A@1=86.54% A@2=91.35% A@3=96.15% A@5=98.08% MAR=1.31  
2025-06-06 03:50:53.007 | INFO     | DejaVu.models.interface.callbacks:on_train_epoch_end:41 - epoch=16    loss=0.0312    A@1=88.46% A@2=93.27% A@3=95.19% A@5=99.04% MAR=1.26  
2025-06-06 03:50:59.945 | INFO     | DejaVu.models.interface.callbacks:on_validation_epoch_end:52 - epoch=19    val_loss=0.4454     A@1=75.00% A@2=75.00% A@3=75.00% A@5=75.00% MAR=7.00  
2025-06-06 03:50:59.961 | INFO     | DejaVu.models.interface.callbacks:on_validation_epoch_end:133 - 
=======================Start Test at Epoch 19 ======================
2025-06-06 03:50:59.962 | INFO     | DejaVu.models.interface.callbacks:on_validation_epoch_end:136 - load model from /SSF/output/run_GAT_node_classification.py.2025-06-06T03:50:05.862676/lightning_logs/version_0/checkpoints/epoch=9-A@1=0.750000-val_loss=0.477620-MAR=6.100000.ckpt
2025-06-06 03:50:59.962 | ERROR    | DejaVu.models.interface.callbacks:on_validation_epoch_end:145 - Encounter Exception during test: TypeError("test() got an unexpected keyword argument 'test_dataloaders'")
Metric val_loss improved by 0.032 >= min_delta = 0.0. New best score: 0.445
2025-06-06 03:51:00.020 | INFO     | DejaVu.models.interface.callbacks:on_train_epoch_end:41 - epoch=19    loss=0.1627    A@1=80.77% A@2=88.46% A@3=93.27% A@5=97.12% MAR=1.47  
2025-06-06 03:51:02.257 | INFO     | DejaVu.models.interface.callbacks:on_train_epoch_end:41 - epoch=20    loss=0.1523    A@1=80.77% A@2=88.46% A@3=94.23% A@5=98.08% MAR=1.40  
2025-06-06 03:51:08.935 | INFO     | DejaVu.models.interface.callbacks:on_train_epoch_end:41 - epoch=23    loss=0.0487    A@1=87.50% A@2=95.19% A@3=98.08% A@5=98.08% MAR=1.29  
2025-06-06 03:51:15.641 | INFO     | DejaVu.models.interface.callbacks:on_train_epoch_end:41 - epoch=26    loss=0.0455    A@1=87.50% A@2=94.23% A@3=96.15% A@5=100.00% MAR=1.23  
2025-06-06 03:51:22.399 | INFO     | DejaVu.models.interface.callbacks:on_validation_epoch_end:52 - epoch=29    val_loss=0.4060     A@1=75.00% A@2=75.00% A@3=75.00% A@5=75.00% MAR=7.15  
Metric val_loss improved by 0.039 >= min_delta = 0.0. New best score: 0.406
2025-06-06 03:51:22.458 | INFO     | DejaVu.models.interface.callbacks:on_train_epoch_end:41 - epoch=29    loss=0.0275    A@1=85.58% A@2=94.23% A@3=97.12% A@5=100.00% MAR=1.23  
2025-06-06 03:51:24.717 | INFO     | DejaVu.models.interface.callbacks:on_train_epoch_end:41 - epoch=30    loss=0.0801    A@1=89.42% A@2=97.12% A@3=98.08% A@5=100.00% MAR=1.17  
2025-06-06 03:51:31.912 | INFO     | DejaVu.models.interface.callbacks:on_train_epoch_end:41 - epoch=33    loss=0.0709    A@1=82.69% A@2=91.35% A@3=97.12% A@5=98.08% MAR=1.35  
2025-06-06 03:51:37.004 | INFO     | DejaVu.models.interface.callbacks:on_train_epoch_end:41 - epoch=35    loss=0.0643    A@1=77.88% A@2=88.46% A@3=94.23% A@5=100.00% MAR=1.40  
2025-06-06 03:51:42.106 | INFO     | DejaVu.models.interface.callbacks:on_train_epoch_end:41 - epoch=37    loss=0.0736    A@1=82.69% A@2=91.35% A@3=96.15% A@5=99.04% MAR=1.34  
2025-06-06 03:51:47.468 | INFO     | DejaVu.models.interface.callbacks:on_validation_epoch_end:52 - epoch=39    val_loss=0.5388     A@1=75.00% A@2=75.00% A@3=75.00% A@5=80.00% MAR=3.70  
2025-06-06 03:51:47.483 | INFO     | DejaVu.models.interface.callbacks:on_validation_epoch_end:133 - 
=======================Start Test at Epoch 39 ======================
2025-06-06 03:51:47.484 | INFO     | DejaVu.models.interface.callbacks:on_validation_epoch_end:136 - load model from /SSF/output/run_GAT_node_classification.py.2025-06-06T03:50:05.862676/lightning_logs/version_0/checkpoints/epoch=29-A@1=0.750000-val_loss=0.406023-MAR=7.150000.ckpt
2025-06-06 03:51:47.484 | ERROR    | DejaVu.models.interface.callbacks:on_validation_epoch_end:145 - Encounter Exception during test: TypeError("test() got an unexpected keyword argument 'test_dataloaders'")
2025-06-06 03:51:47.543 | INFO     | DejaVu.models.interface.callbacks:on_train_epoch_end:41 - epoch=39    loss=0.0304    A@1=86.54% A@2=91.35% A@3=97.12% A@5=99.04% MAR=1.28  
2025-06-06 03:51:50.296 | INFO     | DejaVu.models.interface.callbacks:on_train_epoch_end:41 - epoch=40    loss=0.0722    A@1=83.65% A@2=93.27% A@3=96.15% A@5=99.04% MAR=1.31  
2025-06-06 03:51:55.525 | INFO     | DejaVu.models.interface.callbacks:on_train_epoch_end:41 - epoch=42    loss=0.0743    A@1=87.50% A@2=95.19% A@3=96.15% A@5=99.04% MAR=1.26  
2025-06-06 03:52:00.646 | INFO     | DejaVu.models.interface.callbacks:on_train_epoch_end:41 - epoch=44    loss=0.0567    A@1=86.54% A@2=96.15% A@3=99.04% A@5=99.04% MAR=1.23  
2025-06-06 03:52:05.920 | INFO     | DejaVu.models.interface.callbacks:on_train_epoch_end:41 - epoch=46    loss=0.0396    A@1=82.69% A@2=95.19% A@3=97.12% A@5=98.08% MAR=1.31  
2025-06-06 03:52:11.297 | INFO     | DejaVu.models.interface.callbacks:on_train_epoch_end:41 - epoch=48    loss=0.0626    A@1=85.58% A@2=95.19% A@3=99.04% A@5=100.00% MAR=1.20  
2025-06-06 03:52:13.962 | INFO     | DejaVu.models.interface.callbacks:on_validation_epoch_end:52 - epoch=49    val_loss=0.5286     A@1=75.00% A@2=75.00% A@3=75.00% A@5=75.00% MAR=7.35  
2025-06-06 03:52:16.788 | INFO     | DejaVu.models.interface.callbacks:on_train_epoch_end:41 - epoch=50    loss=0.0722    A@1=85.58% A@2=96.15% A@3=98.08% A@5=98.08% MAR=1.33  
2025-06-06 03:52:22.385 | INFO     | DejaVu.models.interface.callbacks:on_train_epoch_end:41 - epoch=52    loss=0.0502    A@1=85.58% A@2=96.15% A@3=98.08% A@5=100.00% MAR=1.20  
2025-06-06 03:52:27.974 | INFO     | DejaVu.models.interface.callbacks:on_train_epoch_end:41 - epoch=54    loss=0.0261    A@1=90.38% A@2=96.15% A@3=97.12% A@5=99.04% MAR=1.19  
2025-06-06 03:52:33.454 | INFO     | DejaVu.models.interface.callbacks:on_train_epoch_end:41 - epoch=56    loss=0.0227    A@1=90.38% A@2=92.31% A@3=92.31% A@5=98.08% MAR=1.32  
2025-06-06 03:52:38.714 | INFO     | DejaVu.models.interface.callbacks:on_train_epoch_end:41 - epoch=58    loss=0.0364    A@1=91.35% A@2=98.08% A@3=98.08% A@5=100.00% MAR=1.12  
2025-06-06 03:52:41.218 | INFO     | DejaVu.models.interface.callbacks:on_validation_epoch_end:52 - epoch=59    val_loss=0.5331     A@1=75.00% A@2=75.00% A@3=75.00% A@5=75.00% MAR=6.90  
2025-06-06 03:52:41.233 | INFO     | DejaVu.models.interface.callbacks:on_validation_epoch_end:133 - 
=======================Start Test at Epoch 59 ======================
2025-06-06 03:52:41.234 | INFO     | DejaVu.models.interface.callbacks:on_validation_epoch_end:136 - load model from /SSF/output/run_GAT_node_classification.py.2025-06-06T03:50:05.862676/lightning_logs/version_0/checkpoints/epoch=29-A@1=0.750000-val_loss=0.406023-MAR=7.150000.ckpt
2025-06-06 03:52:41.235 | ERROR    | DejaVu.models.interface.callbacks:on_validation_epoch_end:145 - Encounter Exception during test: TypeError("test() got an unexpected keyword argument 'test_dataloaders'")
2025-06-06 03:52:43.909 | INFO     | DejaVu.models.interface.callbacks:on_train_epoch_end:41 - epoch=60    loss=0.0540    A@1=87.50% A@2=94.23% A@3=97.12% A@5=99.04% MAR=1.24  
2025-06-06 03:52:51.148 | INFO     | DejaVu.models.interface.callbacks:on_train_epoch_end:41 - epoch=63    loss=0.0950    A@1=86.54% A@2=95.19% A@3=97.12% A@5=98.08% MAR=1.28  
2025-06-06 03:52:56.144 | INFO     | DejaVu.models.interface.callbacks:on_train_epoch_end:41 - epoch=65    loss=0.0423    A@1=81.73% A@2=96.15% A@3=97.12% A@5=99.04% MAR=1.31  
2025-06-06 03:53:01.221 | INFO     | DejaVu.models.interface.callbacks:on_train_epoch_end:41 - epoch=67    loss=0.0448    A@1=81.73% A@2=94.23% A@3=97.12% A@5=98.08% MAR=1.32  
2025-06-06 03:53:06.322 | INFO     | DejaVu.models.interface.callbacks:on_validation_epoch_end:52 - epoch=69    val_loss=0.4332     A@1=75.00% A@2=75.00% A@3=75.00% A@5=75.00% MAR=8.30  
2025-06-06 03:53:06.381 | INFO     | DejaVu.models.interface.callbacks:on_train_epoch_end:41 - epoch=69    loss=0.0516    A@1=88.46% A@2=96.15% A@3=98.08% A@5=99.04% MAR=1.21  
2025-06-06 03:53:08.968 | INFO     | DejaVu.models.interface.callbacks:on_train_epoch_end:41 - epoch=70    loss=0.0516    A@1=88.46% A@2=94.23% A@3=97.12% A@5=98.08% MAR=1.28  
2025-06-06 03:53:16.352 | INFO     | DejaVu.models.interface.callbacks:on_train_epoch_end:41 - epoch=73    loss=0.0496    A@1=88.46% A@2=95.19% A@3=97.12% A@5=98.08% MAR=1.23  
2025-06-06 03:53:24.240 | INFO     | DejaVu.models.interface.callbacks:on_train_epoch_end:41 - epoch=76    loss=0.0175    A@1=91.35% A@2=96.15% A@3=99.04% A@5=100.00% MAR=1.13  
2025-06-06 03:53:29.708 | INFO     | DejaVu.models.interface.callbacks:on_train_epoch_end:41 - epoch=78    loss=0.0491    A@1=85.58% A@2=94.23% A@3=96.15% A@5=99.04% MAR=1.28  
2025-06-06 03:53:32.733 | INFO     | DejaVu.models.interface.callbacks:on_validation_epoch_end:52 - epoch=79    val_loss=0.5438     A@1=75.00% A@2=75.00% A@3=75.00% A@5=75.00% MAR=6.70  
2025-06-06 03:53:32.748 | INFO     | DejaVu.models.interface.callbacks:on_validation_epoch_end:133 - 
=======================Start Test at Epoch 79 ======================
2025-06-06 03:53:32.749 | INFO     | DejaVu.models.interface.callbacks:on_validation_epoch_end:136 - load model from /SSF/output/run_GAT_node_classification.py.2025-06-06T03:50:05.862676/lightning_logs/version_0/checkpoints/epoch=29-A@1=0.750000-val_loss=0.406023-MAR=7.150000.ckpt
2025-06-06 03:53:32.749 | ERROR    | DejaVu.models.interface.callbacks:on_validation_epoch_end:145 - Encounter Exception during test: TypeError("test() got an unexpected keyword argument 'test_dataloaders'")
2025-06-06 03:53:35.460 | INFO     | DejaVu.models.interface.callbacks:on_train_epoch_end:41 - epoch=80    loss=0.0390    A@1=88.46% A@2=95.19% A@3=98.08% A@5=99.04% MAR=1.25  
2025-06-06 03:53:41.004 | INFO     | DejaVu.models.interface.callbacks:on_train_epoch_end:41 - epoch=82    loss=0.0730    A@1=83.65% A@2=94.23% A@3=98.08% A@5=100.00% MAR=1.24  
2025-06-06 03:53:46.396 | INFO     | DejaVu.models.interface.callbacks:on_train_epoch_end:41 - epoch=84    loss=0.0400    A@1=87.50% A@2=94.23% A@3=97.12% A@5=100.00% MAR=1.22  
2025-06-06 03:53:52.813 | INFO     | DejaVu.models.interface.callbacks:on_train_epoch_end:41 - epoch=86    loss=0.0929    A@1=89.42% A@2=96.15% A@3=98.08% A@5=99.04% MAR=1.18  
2025-06-06 03:53:58.960 | INFO     | DejaVu.models.interface.callbacks:on_train_epoch_end:41 - epoch=88    loss=0.1907    A@1=86.54% A@2=92.31% A@3=95.19% A@5=98.08% MAR=1.50  
2025-06-06 03:54:01.928 | INFO     | DejaVu.models.interface.callbacks:on_validation_epoch_end:52 - epoch=89    val_loss=0.4830     A@1=75.00% A@2=75.00% A@3=75.00% A@5=75.00% MAR=8.90  
2025-06-06 03:54:05.023 | INFO     | DejaVu.models.interface.callbacks:on_train_epoch_end:41 - epoch=90    loss=0.0374    A@1=88.46% A@2=95.19% A@3=96.15% A@5=99.04% MAR=1.23  
2025-06-06 03:54:10.108 | INFO     | DejaVu.models.interface.callbacks:on_train_epoch_end:41 - epoch=92    loss=0.0478    A@1=92.31% A@2=96.15% A@3=97.12% A@5=100.00% MAR=1.15  
2025-06-06 03:54:15.238 | INFO     | DejaVu.models.interface.callbacks:on_train_epoch_end:41 - epoch=94    loss=0.0508    A@1=86.54% A@2=94.23% A@3=97.12% A@5=98.08% MAR=1.36  
2025-06-06 03:54:20.526 | INFO     | DejaVu.models.interface.callbacks:on_train_epoch_end:41 - epoch=96    loss=0.0205    A@1=90.38% A@2=97.12% A@3=99.04% A@5=100.00% MAR=1.13  
2025-06-06 03:54:25.683 | INFO     | DejaVu.models.interface.callbacks:on_train_epoch_end:41 - epoch=98    loss=0.1417    A@1=82.69% A@2=91.35% A@3=95.19% A@5=98.08% MAR=1.41  
2025-06-06 03:54:28.451 | INFO     | DejaVu.models.interface.callbacks:on_validation_epoch_end:52 - epoch=99    val_loss=0.5161     A@1=75.00% A@2=75.00% A@3=75.00% A@5=75.00% MAR=8.90  
2025-06-06 03:54:28.467 | INFO     | DejaVu.models.interface.callbacks:on_validation_epoch_end:133 - 
=======================Start Test at Epoch 99 ======================
2025-06-06 03:54:28.467 | INFO     | DejaVu.models.interface.callbacks:on_validation_epoch_end:136 - load model from /SSF/output/run_GAT_node_classification.py.2025-06-06T03:50:05.862676/lightning_logs/version_0/checkpoints/epoch=29-A@1=0.750000-val_loss=0.406023-MAR=7.150000.ckpt
2025-06-06 03:54:28.468 | ERROR    | DejaVu.models.interface.callbacks:on_validation_epoch_end:145 - Encounter Exception during test: TypeError("test() got an unexpected keyword argument 'test_dataloaders'")
2025-06-06 03:54:31.370 | INFO     | DejaVu.models.interface.callbacks:on_train_epoch_end:41 - epoch=100   loss=0.0628    A@1=93.27% A@2=98.08% A@3=99.04% A@5=100.00% MAR=1.10  
2025-06-06 03:54:37.047 | INFO     | DejaVu.models.interface.callbacks:on_train_epoch_end:41 - epoch=102   loss=0.0337    A@1=89.42% A@2=98.08% A@3=99.04% A@5=100.00% MAR=1.14  
2025-06-06 03:54:42.681 | INFO     | DejaVu.models.interface.callbacks:on_train_epoch_end:41 - epoch=104   loss=0.0530    A@1=89.42% A@2=97.12% A@3=99.04% A@5=100.00% MAR=1.15  
2025-06-06 03:54:48.356 | INFO     | DejaVu.models.interface.callbacks:on_train_epoch_end:41 - epoch=106   loss=0.0339    A@1=89.42% A@2=93.27% A@3=98.08% A@5=100.00% MAR=1.20  
2025-06-06 03:54:54.080 | INFO     | DejaVu.models.interface.callbacks:on_train_epoch_end:41 - epoch=108   loss=0.0470    A@1=90.38% A@2=95.19% A@3=97.12% A@5=100.00% MAR=1.18  
2025-06-06 03:54:57.026 | INFO     | DejaVu.models.interface.callbacks:on_validation_epoch_end:52 - epoch=109   val_loss=0.6432     A@1=75.00% A@2=75.00% A@3=75.00% A@5=75.00% MAR=8.00  
2025-06-06 03:54:59.791 | INFO     | DejaVu.models.interface.callbacks:on_train_epoch_end:41 - epoch=110   loss=0.0284    A@1=89.42% A@2=93.27% A@3=95.19% A@5=98.08% MAR=1.29  
2025-06-06 03:55:05.113 | INFO     | DejaVu.models.interface.callbacks:on_train_epoch_end:41 - epoch=112   loss=0.0476    A@1=87.50% A@2=95.19% A@3=99.04% A@5=100.00% MAR=1.19  
2025-06-06 03:55:10.378 | INFO     | DejaVu.models.interface.callbacks:on_train_epoch_end:41 - epoch=114   loss=0.0814    A@1=84.62% A@2=92.31% A@3=98.08% A@5=99.04% MAR=1.29  
2025-06-06 03:55:15.698 | INFO     | DejaVu.models.interface.callbacks:on_train_epoch_end:41 - epoch=116   loss=0.0432    A@1=83.65% A@2=94.23% A@3=99.04% A@5=99.04% MAR=1.25  
2025-06-06 03:55:20.971 | INFO     | DejaVu.models.interface.callbacks:on_train_epoch_end:41 - epoch=118   loss=0.0190    A@1=85.58% A@2=95.19% A@3=98.08% A@5=99.04% MAR=1.23  
2025-06-06 03:55:23.880 | INFO     | DejaVu.models.interface.callbacks:on_validation_epoch_end:52 - epoch=119   val_loss=0.5159     A@1=75.00% A@2=75.00% A@3=75.00% A@5=75.00% MAR=7.85  
2025-06-06 03:55:23.895 | INFO     | DejaVu.models.interface.callbacks:on_validation_epoch_end:133 - 
=======================Start Test at Epoch 119 ======================
2025-06-06 03:55:23.896 | INFO     | DejaVu.models.interface.callbacks:on_validation_epoch_end:136 - load model from /SSF/output/run_GAT_node_classification.py.2025-06-06T03:50:05.862676/lightning_logs/version_0/checkpoints/epoch=29-A@1=0.750000-val_loss=0.406023-MAR=7.150000.ckpt
2025-06-06 03:55:23.897 | ERROR    | DejaVu.models.interface.callbacks:on_validation_epoch_end:145 - Encounter Exception during test: TypeError("test() got an unexpected keyword argument 'test_dataloaders'")
2025-06-06 03:55:26.454 | INFO     | DejaVu.models.interface.callbacks:on_train_epoch_end:41 - epoch=120   loss=0.0514    A@1=83.65% A@2=97.12% A@3=98.08% A@5=99.04% MAR=1.24  
2025-06-06 03:55:31.728 | INFO     | DejaVu.models.interface.callbacks:on_train_epoch_end:41 - epoch=122   loss=0.0691    A@1=91.35% A@2=95.19% A@3=97.12% A@5=100.00% MAR=1.16  
2025-06-06 03:55:37.692 | INFO     | DejaVu.models.interface.callbacks:on_train_epoch_end:41 - epoch=124   loss=0.0824    A@1=87.50% A@2=95.19% A@3=96.15% A@5=99.04% MAR=1.24  
2025-06-06 03:55:43.760 | INFO     | DejaVu.models.interface.callbacks:on_train_epoch_end:41 - epoch=126   loss=0.0309    A@1=88.46% A@2=94.23% A@3=96.15% A@5=100.00% MAR=1.23  
2025-06-06 03:55:49.813 | INFO     | DejaVu.models.interface.callbacks:on_train_epoch_end:41 - epoch=128   loss=0.0366    A@1=86.54% A@2=95.19% A@3=98.08% A@5=100.00% MAR=1.20  
2025-06-06 03:55:52.958 | INFO     | DejaVu.models.interface.callbacks:on_validation_epoch_end:52 - epoch=129   val_loss=0.4549     A@1=75.00% A@2=75.00% A@3=75.00% A@5=75.00% MAR=8.55  
2025-06-06 03:55:55.783 | INFO     | DejaVu.models.interface.callbacks:on_train_epoch_end:41 - epoch=130   loss=0.0306    A@1=92.31% A@2=99.04% A@3=100.00% A@5=100.00% MAR=1.09  
2025-06-06 03:56:01.558 | INFO     | DejaVu.models.interface.callbacks:on_train_epoch_end:41 - epoch=132   loss=0.0902    A@1=82.69% A@2=92.31% A@3=96.15% A@5=99.04% MAR=1.34  
2025-06-06 03:56:07.263 | INFO     | DejaVu.models.interface.callbacks:on_train_epoch_end:41 - epoch=134   loss=0.0303    A@1=92.31% A@2=94.23% A@3=96.15% A@5=100.00% MAR=1.18  
2025-06-06 03:56:13.301 | INFO     | DejaVu.models.interface.callbacks:on_train_epoch_end:41 - epoch=136   loss=0.1249    A@1=86.54% A@2=94.23% A@3=96.15% A@5=100.00% MAR=1.24  
2025-06-06 03:56:19.464 | INFO     | DejaVu.models.interface.callbacks:on_train_epoch_end:41 - epoch=138   loss=0.0786    A@1=82.69% A@2=94.23% A@3=98.08% A@5=100.00% MAR=1.25  
2025-06-06 03:56:22.586 | INFO     | DejaVu.models.interface.callbacks:on_validation_epoch_end:52 - epoch=139   val_loss=0.5139     A@1=75.00% A@2=75.00% A@3=75.00% A@5=75.00% MAR=8.60  
2025-06-06 03:56:22.601 | INFO     | DejaVu.models.interface.callbacks:on_validation_epoch_end:133 - 
=======================Start Test at Epoch 139 ======================
2025-06-06 03:56:22.602 | INFO     | DejaVu.models.interface.callbacks:on_validation_epoch_end:136 - load model from /SSF/output/run_GAT_node_classification.py.2025-06-06T03:50:05.862676/lightning_logs/version_0/checkpoints/epoch=29-A@1=0.750000-val_loss=0.406023-MAR=7.150000.ckpt
2025-06-06 03:56:22.602 | ERROR    | DejaVu.models.interface.callbacks:on_validation_epoch_end:145 - Encounter Exception during test: TypeError("test() got an unexpected keyword argument 'test_dataloaders'")
2025-06-06 03:56:25.483 | INFO     | DejaVu.models.interface.callbacks:on_train_epoch_end:41 - epoch=140   loss=0.0260    A@1=95.19% A@2=96.15% A@3=98.08% A@5=99.04% MAR=1.12  
2025-06-06 03:56:31.582 | INFO     | DejaVu.models.interface.callbacks:on_train_epoch_end:41 - epoch=142   loss=0.0337    A@1=86.54% A@2=99.04% A@3=100.00% A@5=100.00% MAR=1.14  
2025-06-06 03:56:37.618 | INFO     | DejaVu.models.interface.callbacks:on_train_epoch_end:41 - epoch=144   loss=0.0196    A@1=89.42% A@2=96.15% A@3=99.04% A@5=100.00% MAR=1.15  
2025-06-06 03:56:43.358 | INFO     | DejaVu.models.interface.callbacks:on_train_epoch_end:41 - epoch=146   loss=0.0454    A@1=91.35% A@2=96.15% A@3=98.08% A@5=100.00% MAR=1.15  
2025-06-06 03:56:49.229 | INFO     | DejaVu.models.interface.callbacks:on_train_epoch_end:41 - epoch=148   loss=0.0599    A@1=89.42% A@2=96.15% A@3=98.08% A@5=98.08% MAR=1.20  
2025-06-06 03:56:52.099 | INFO     | DejaVu.models.interface.callbacks:on_validation_epoch_end:52 - epoch=149   val_loss=0.5532     A@1=75.00% A@2=75.00% A@3=75.00% A@5=75.00% MAR=7.05  
2025-06-06 03:56:55.227 | INFO     | DejaVu.models.interface.callbacks:on_train_epoch_end:41 - epoch=150   loss=0.0191    A@1=89.42% A@2=94.23% A@3=99.04% A@5=100.00% MAR=1.18  
2025-06-06 03:57:00.921 | INFO     | DejaVu.models.interface.callbacks:on_train_epoch_end:41 - epoch=152   loss=0.0979    A@1=88.46% A@2=96.15% A@3=98.08% A@5=99.04% MAR=1.20  
2025-06-06 03:57:07.028 | INFO     | DejaVu.models.interface.callbacks:on_train_epoch_end:41 - epoch=154   loss=0.0612    A@1=88.46% A@2=91.35% A@3=96.15% A@5=98.08% MAR=1.30  
2025-06-06 03:57:12.777 | INFO     | DejaVu.models.interface.callbacks:on_train_epoch_end:41 - epoch=156   loss=0.0622    A@1=86.54% A@2=96.15% A@3=98.08% A@5=99.04% MAR=1.25  
2025-06-06 03:57:18.662 | INFO     | DejaVu.models.interface.callbacks:on_train_epoch_end:41 - epoch=158   loss=0.0534    A@1=87.50% A@2=94.23% A@3=96.15% A@5=98.08% MAR=1.29  
2025-06-06 03:57:22.109 | INFO     | DejaVu.models.interface.callbacks:on_validation_epoch_end:52 - epoch=159   val_loss=0.5447     A@1=75.00% A@2=75.00% A@3=75.00% A@5=75.00% MAR=8.85  
2025-06-06 03:57:22.124 | INFO     | DejaVu.models.interface.callbacks:on_validation_epoch_end:133 - 
=======================Start Test at Epoch 159 ======================
2025-06-06 03:57:22.125 | INFO     | DejaVu.models.interface.callbacks:on_validation_epoch_end:136 - load model from /SSF/output/run_GAT_node_classification.py.2025-06-06T03:50:05.862676/lightning_logs/version_0/checkpoints/epoch=29-A@1=0.750000-val_loss=0.406023-MAR=7.150000.ckpt
2025-06-06 03:57:22.125 | ERROR    | DejaVu.models.interface.callbacks:on_validation_epoch_end:145 - Encounter Exception during test: TypeError("test() got an unexpected keyword argument 'test_dataloaders'")
2025-06-06 03:57:25.008 | INFO     | DejaVu.models.interface.callbacks:on_train_epoch_end:41 - epoch=160   loss=0.0249    A@1=88.46% A@2=95.19% A@3=98.08% A@5=100.00% MAR=1.18  
2025-06-06 03:57:30.868 | INFO     | DejaVu.models.interface.callbacks:on_train_epoch_end:41 - epoch=162   loss=0.0441    A@1=86.54% A@2=92.31% A@3=100.00% A@5=100.00% MAR=1.21  
2025-06-06 03:57:36.644 | INFO     | DejaVu.models.interface.callbacks:on_train_epoch_end:41 - epoch=164   loss=0.0587    A@1=91.35% A@2=98.08% A@3=99.04% A@5=100.00% MAR=1.12  
2025-06-06 03:57:43.050 | INFO     | DejaVu.models.interface.callbacks:on_train_epoch_end:41 - epoch=166   loss=0.0523    A@1=88.46% A@2=94.23% A@3=99.04% A@5=100.00% MAR=1.18  
2025-06-06 03:57:49.107 | INFO     | DejaVu.models.interface.callbacks:on_train_epoch_end:41 - epoch=168   loss=0.0912    A@1=89.42% A@2=96.15% A@3=99.04% A@5=99.04% MAR=1.19  
2025-06-06 03:57:52.230 | INFO     | DejaVu.models.interface.callbacks:on_validation_epoch_end:52 - epoch=169   val_loss=0.4783     A@1=75.00% A@2=75.00% A@3=75.00% A@5=75.00% MAR=8.35  
2025-06-06 03:57:52.245 | INFO     | DejaVu.models.interface.callbacks:on_validation_epoch_end:133 - 
=======================Start Test at Epoch 169 ======================
2025-06-06 03:57:52.246 | INFO     | DejaVu.models.interface.callbacks:on_validation_epoch_end:136 - load model from /SSF/output/run_GAT_node_classification.py.2025-06-06T03:50:05.862676/lightning_logs/version_0/checkpoints/epoch=29-A@1=0.750000-val_loss=0.406023-MAR=7.150000.ckpt
2025-06-06 03:57:52.246 | ERROR    | DejaVu.models.interface.callbacks:on_validation_epoch_end:145 - Encounter Exception during test: TypeError("test() got an unexpected keyword argument 'test_dataloaders'")
2025-06-06 03:57:55.145 | INFO     | DejaVu.models.interface.callbacks:on_train_epoch_end:41 - epoch=170   loss=0.0228    A@1=85.58% A@2=93.27% A@3=97.12% A@5=99.04% MAR=1.28  
2025-06-06 03:58:01.478 | INFO     | DejaVu.models.interface.callbacks:on_train_epoch_end:41 - epoch=172   loss=0.0317    A@1=91.35% A@2=95.19% A@3=99.04% A@5=99.04% MAR=1.17  
2025-06-06 03:58:07.568 | INFO     | DejaVu.models.interface.callbacks:on_train_epoch_end:41 - epoch=174   loss=0.0881    A@1=91.35% A@2=98.08% A@3=98.08% A@5=99.04% MAR=1.14  
2025-06-06 03:58:13.458 | INFO     | DejaVu.models.interface.callbacks:on_train_epoch_end:41 - epoch=176   loss=0.0191    A@1=91.35% A@2=96.15% A@3=97.12% A@5=99.04% MAR=1.17  
2025-06-06 03:58:19.733 | INFO     | DejaVu.models.interface.callbacks:on_train_epoch_end:41 - epoch=178   loss=0.0159    A@1=85.58% A@2=92.31% A@3=96.15% A@5=99.04% MAR=1.30  
2025-06-06 03:58:23.103 | INFO     | DejaVu.models.interface.callbacks:on_validation_epoch_end:52 - epoch=179   val_loss=0.5749     A@1=75.00% A@2=75.00% A@3=75.00% A@5=75.00% MAR=8.70  
2025-06-06 03:58:23.118 | INFO     | DejaVu.models.interface.callbacks:on_validation_epoch_end:133 - 
=======================Start Test at Epoch 179 ======================
2025-06-06 03:58:23.118 | INFO     | DejaVu.models.interface.callbacks:on_validation_epoch_end:136 - load model from /SSF/output/run_GAT_node_classification.py.2025-06-06T03:50:05.862676/lightning_logs/version_0/checkpoints/epoch=29-A@1=0.750000-val_loss=0.406023-MAR=7.150000.ckpt
2025-06-06 03:58:23.119 | ERROR    | DejaVu.models.interface.callbacks:on_validation_epoch_end:145 - Encounter Exception during test: TypeError("test() got an unexpected keyword argument 'test_dataloaders'")
2025-06-06 03:58:26.120 | INFO     | DejaVu.models.interface.callbacks:on_train_epoch_end:41 - epoch=180   loss=0.0254    A@1=83.65% A@2=95.19% A@3=98.08% A@5=100.00% MAR=1.24  
2025-06-06 03:58:32.076 | INFO     | DejaVu.models.interface.callbacks:on_train_epoch_end:41 - epoch=182   loss=0.0422    A@1=87.50% A@2=94.23% A@3=98.08% A@5=99.04% MAR=1.24  
2025-06-06 03:58:37.920 | INFO     | DejaVu.models.interface.callbacks:on_train_epoch_end:41 - epoch=184   loss=0.0336    A@1=84.62% A@2=93.27% A@3=95.19% A@5=96.15% MAR=1.37  
2025-06-06 03:58:43.800 | INFO     | DejaVu.models.interface.callbacks:on_train_epoch_end:41 - epoch=186   loss=0.0906    A@1=85.58% A@2=94.23% A@3=96.15% A@5=98.08% MAR=1.34  
2025-06-06 03:58:49.753 | INFO     | DejaVu.models.interface.callbacks:on_train_epoch_end:41 - epoch=188   loss=0.0534    A@1=87.50% A@2=95.19% A@3=98.08% A@5=100.00% MAR=1.21  
2025-06-06 03:58:52.908 | INFO     | DejaVu.models.interface.callbacks:on_validation_epoch_end:52 - epoch=189   val_loss=0.5245     A@1=75.00% A@2=75.00% A@3=75.00% A@5=75.00% MAR=8.05  
2025-06-06 03:58:55.811 | INFO     | DejaVu.models.interface.callbacks:on_train_epoch_end:41 - epoch=190   loss=0.1194    A@1=86.54% A@2=95.19% A@3=99.04% A@5=100.00% MAR=1.19  
2025-06-06 03:59:01.875 | INFO     | DejaVu.models.interface.callbacks:on_train_epoch_end:41 - epoch=192   loss=0.0197    A@1=86.54% A@2=91.35% A@3=97.12% A@5=100.00% MAR=1.25  
2025-06-06 03:59:07.815 | INFO     | DejaVu.models.interface.callbacks:on_train_epoch_end:41 - epoch=194   loss=0.0666    A@1=87.50% A@2=95.19% A@3=98.08% A@5=100.00% MAR=1.19  
2025-06-06 03:59:13.729 | INFO     | DejaVu.models.interface.callbacks:on_train_epoch_end:41 - epoch=196   loss=0.0440    A@1=82.69% A@2=93.27% A@3=99.04% A@5=100.00% MAR=1.25  
2025-06-06 03:59:19.623 | INFO     | DejaVu.models.interface.callbacks:on_train_epoch_end:41 - epoch=198   loss=0.0429    A@1=85.58% A@2=91.35% A@3=94.23% A@5=97.12% MAR=1.40  
2025-06-06 03:59:22.569 | INFO     | DejaVu.models.interface.callbacks:on_validation_epoch_end:52 - epoch=199   val_loss=0.5862     A@1=75.00% A@2=75.00% A@3=75.00% A@5=75.00% MAR=8.50  
2025-06-06 03:59:22.584 | INFO     | DejaVu.models.interface.callbacks:on_validation_epoch_end:133 - 
=======================Start Test at Epoch 199 ======================
2025-06-06 03:59:22.585 | INFO     | DejaVu.models.interface.callbacks:on_validation_epoch_end:136 - load model from /SSF/output/run_GAT_node_classification.py.2025-06-06T03:50:05.862676/lightning_logs/version_0/checkpoints/epoch=29-A@1=0.750000-val_loss=0.406023-MAR=7.150000.ckpt
2025-06-06 03:59:22.585 | ERROR    | DejaVu.models.interface.callbacks:on_validation_epoch_end:145 - Encounter Exception during test: TypeError("test() got an unexpected keyword argument 'test_dataloaders'")
2025-06-06 03:59:25.892 | INFO     | DejaVu.models.interface.callbacks:on_train_epoch_end:41 - epoch=200   loss=0.0183    A@1=90.38% A@2=98.08% A@3=98.08% A@5=99.04% MAR=1.16  
2025-06-06 03:59:31.687 | INFO     | DejaVu.models.interface.callbacks:on_train_epoch_end:41 - epoch=202   loss=0.0585    A@1=87.50% A@2=95.19% A@3=98.08% A@5=99.04% MAR=1.22  
2025-06-06 03:59:37.963 | INFO     | DejaVu.models.interface.callbacks:on_train_epoch_end:41 - epoch=204   loss=0.0286    A@1=90.38% A@2=97.12% A@3=98.08% A@5=99.04% MAR=1.16  
2025-06-06 03:59:44.034 | INFO     | DejaVu.models.interface.callbacks:on_train_epoch_end:41 - epoch=206   loss=0.0366    A@1=88.46% A@2=95.19% A@3=98.08% A@5=100.00% MAR=1.18  
2025-06-06 03:59:50.038 | INFO     | DejaVu.models.interface.callbacks:on_train_epoch_end:41 - epoch=208   loss=0.0154    A@1=91.35% A@2=96.15% A@3=98.08% A@5=100.00% MAR=1.16  
2025-06-06 03:59:53.341 | INFO     | DejaVu.models.interface.callbacks:on_validation_epoch_end:52 - epoch=209   val_loss=0.5315     A@1=75.00% A@2=75.00% A@3=75.00% A@5=75.00% MAR=8.45  
2025-06-06 03:59:53.355 | INFO     | DejaVu.models.interface.callbacks:on_validation_epoch_end:133 - 
=======================Start Test at Epoch 209 ======================
2025-06-06 03:59:53.356 | INFO     | DejaVu.models.interface.callbacks:on_validation_epoch_end:136 - load model from /SSF/output/run_GAT_node_classification.py.2025-06-06T03:50:05.862676/lightning_logs/version_0/checkpoints/epoch=29-A@1=0.750000-val_loss=0.406023-MAR=7.150000.ckpt
2025-06-06 03:59:53.357 | ERROR    | DejaVu.models.interface.callbacks:on_validation_epoch_end:145 - Encounter Exception during test: TypeError("test() got an unexpected keyword argument 'test_dataloaders'")
2025-06-06 03:59:56.270 | INFO     | DejaVu.models.interface.callbacks:on_train_epoch_end:41 - epoch=210   loss=0.0822    A@1=90.38% A@2=98.08% A@3=99.04% A@5=100.00% MAR=1.13  
2025-06-06 04:00:02.313 | INFO     | DejaVu.models.interface.callbacks:on_train_epoch_end:41 - epoch=212   loss=0.0302    A@1=87.50% A@2=95.19% A@3=98.08% A@5=99.04% MAR=1.21  
2025-06-06 04:00:08.310 | INFO     | DejaVu.models.interface.callbacks:on_train_epoch_end:41 - epoch=214   loss=0.0949    A@1=84.62% A@2=91.35% A@3=96.15% A@5=100.00% MAR=1.29  
2025-06-06 04:00:14.260 | INFO     | DejaVu.models.interface.callbacks:on_train_epoch_end:41 - epoch=216   loss=0.0231    A@1=89.42% A@2=95.19% A@3=97.12% A@5=100.00% MAR=1.19  
2025-06-06 04:00:20.174 | INFO     | DejaVu.models.interface.callbacks:on_train_epoch_end:41 - epoch=218   loss=0.0834    A@1=89.42% A@2=96.15% A@3=97.12% A@5=98.08% MAR=1.24  
2025-06-06 04:00:23.427 | INFO     | DejaVu.models.interface.callbacks:on_validation_epoch_end:52 - epoch=219   val_loss=0.5170     A@1=75.00% A@2=75.00% A@3=75.00% A@5=75.00% MAR=8.30  
2025-06-06 04:00:23.442 | INFO     | DejaVu.models.interface.callbacks:on_validation_epoch_end:133 - 
=======================Start Test at Epoch 219 ======================
2025-06-06 04:00:23.442 | INFO     | DejaVu.models.interface.callbacks:on_validation_epoch_end:136 - load model from /SSF/output/run_GAT_node_classification.py.2025-06-06T03:50:05.862676/lightning_logs/version_0/checkpoints/epoch=29-A@1=0.750000-val_loss=0.406023-MAR=7.150000.ckpt
2025-06-06 04:00:23.443 | ERROR    | DejaVu.models.interface.callbacks:on_validation_epoch_end:145 - Encounter Exception during test: TypeError("test() got an unexpected keyword argument 'test_dataloaders'")
2025-06-06 04:00:26.315 | INFO     | DejaVu.models.interface.callbacks:on_train_epoch_end:41 - epoch=220   loss=0.2927    A@1=83.65% A@2=94.23% A@3=97.12% A@5=99.04% MAR=1.28  
2025-06-06 04:00:32.333 | INFO     | DejaVu.models.interface.callbacks:on_train_epoch_end:41 - epoch=222   loss=0.0357    A@1=86.54% A@2=94.23% A@3=96.15% A@5=99.04% MAR=1.27  
2025-06-06 04:00:38.367 | INFO     | DejaVu.models.interface.callbacks:on_train_epoch_end:41 - epoch=224   loss=0.0656    A@1=84.62% A@2=95.19% A@3=97.12% A@5=99.04% MAR=1.28  
2025-06-06 04:00:44.216 | INFO     | DejaVu.models.interface.callbacks:on_train_epoch_end:41 - epoch=226   loss=0.0700    A@1=86.54% A@2=96.15% A@3=100.00% A@5=100.00% MAR=1.17  
2025-06-06 04:00:50.367 | INFO     | DejaVu.models.interface.callbacks:on_train_epoch_end:41 - epoch=228   loss=0.0395    A@1=91.35% A@2=95.19% A@3=98.08% A@5=100.00% MAR=1.16  
2025-06-06 04:00:53.528 | INFO     | DejaVu.models.interface.callbacks:on_validation_epoch_end:52 - epoch=229   val_loss=0.5881     A@1=75.00% A@2=75.00% A@3=75.00% A@5=75.00% MAR=8.55  
2025-06-06 04:00:53.544 | INFO     | DejaVu.models.interface.callbacks:on_validation_epoch_end:133 - 
=======================Start Test at Epoch 229 ======================
2025-06-06 04:00:53.544 | INFO     | DejaVu.models.interface.callbacks:on_validation_epoch_end:136 - load model from /SSF/output/run_GAT_node_classification.py.2025-06-06T03:50:05.862676/lightning_logs/version_0/checkpoints/epoch=29-A@1=0.750000-val_loss=0.406023-MAR=7.150000.ckpt
2025-06-06 04:00:53.545 | ERROR    | DejaVu.models.interface.callbacks:on_validation_epoch_end:145 - Encounter Exception during test: TypeError("test() got an unexpected keyword argument 'test_dataloaders'")
2025-06-06 04:00:56.424 | INFO     | DejaVu.models.interface.callbacks:on_train_epoch_end:41 - epoch=230   loss=0.0695    A@1=84.62% A@2=91.35% A@3=97.12% A@5=98.08% MAR=1.34  
2025-06-06 04:01:02.742 | INFO     | DejaVu.models.interface.callbacks:on_train_epoch_end:41 - epoch=232   loss=0.0876    A@1=83.65% A@2=91.35% A@3=95.19% A@5=99.04% MAR=1.35  
2025-06-06 04:01:08.742 | INFO     | DejaVu.models.interface.callbacks:on_train_epoch_end:41 - epoch=234   loss=0.0597    A@1=88.46% A@2=95.19% A@3=97.12% A@5=98.08% MAR=1.24  
2025-06-06 04:01:14.911 | INFO     | DejaVu.models.interface.callbacks:on_train_epoch_end:41 - epoch=236   loss=0.0665    A@1=86.54% A@2=95.19% A@3=97.12% A@5=100.00% MAR=1.22  
2025-06-06 04:01:20.993 | INFO     | DejaVu.models.interface.callbacks:on_train_epoch_end:41 - epoch=238   loss=0.0647    A@1=86.54% A@2=96.15% A@3=98.08% A@5=99.04% MAR=1.21  
2025-06-06 04:01:24.132 | INFO     | DejaVu.models.interface.callbacks:on_validation_epoch_end:52 - epoch=239   val_loss=0.5036     A@1=75.00% A@2=75.00% A@3=75.00% A@5=75.00% MAR=8.25  
2025-06-06 04:01:24.147 | INFO     | DejaVu.models.interface.callbacks:on_validation_epoch_end:133 - 
=======================Start Test at Epoch 239 ======================
2025-06-06 04:01:24.148 | INFO     | DejaVu.models.interface.callbacks:on_validation_epoch_end:136 - load model from /SSF/output/run_GAT_node_classification.py.2025-06-06T03:50:05.862676/lightning_logs/version_0/checkpoints/epoch=29-A@1=0.750000-val_loss=0.406023-MAR=7.150000.ckpt
2025-06-06 04:01:24.149 | ERROR    | DejaVu.models.interface.callbacks:on_validation_epoch_end:145 - Encounter Exception during test: TypeError("test() got an unexpected keyword argument 'test_dataloaders'")
2025-06-06 04:01:27.296 | INFO     | DejaVu.models.interface.callbacks:on_train_epoch_end:41 - epoch=240   loss=0.1636    A@1=85.58% A@2=92.31% A@3=96.15% A@5=98.08% MAR=1.33  
2025-06-06 04:01:33.612 | INFO     | DejaVu.models.interface.callbacks:on_train_epoch_end:41 - epoch=242   loss=0.0785    A@1=86.54% A@2=95.19% A@3=98.08% A@5=99.04% MAR=1.26  
2025-06-06 04:01:40.024 | INFO     | DejaVu.models.interface.callbacks:on_train_epoch_end:41 - epoch=244   loss=0.0556    A@1=86.54% A@2=94.23% A@3=97.12% A@5=97.12% MAR=1.30  
2025-06-06 04:01:46.440 | INFO     | DejaVu.models.interface.callbacks:on_train_epoch_end:41 - epoch=246   loss=0.0599    A@1=83.65% A@2=96.15% A@3=100.00% A@5=100.00% MAR=1.20  
2025-06-06 04:01:52.487 | INFO     | DejaVu.models.interface.callbacks:on_train_epoch_end:41 - epoch=248   loss=0.0214    A@1=89.42% A@2=94.23% A@3=97.12% A@5=99.04% MAR=1.22  
2025-06-06 04:01:55.720 | INFO     | DejaVu.models.interface.callbacks:on_validation_epoch_end:52 - epoch=249   val_loss=0.6003     A@1=75.00% A@2=75.00% A@3=75.00% A@5=75.00% MAR=8.20  
2025-06-06 04:01:55.735 | INFO     | DejaVu.models.interface.callbacks:on_validation_epoch_end:133 - 
=======================Start Test at Epoch 249 ======================
2025-06-06 04:01:55.736 | INFO     | DejaVu.models.interface.callbacks:on_validation_epoch_end:136 - load model from /SSF/output/run_GAT_node_classification.py.2025-06-06T03:50:05.862676/lightning_logs/version_0/checkpoints/epoch=29-A@1=0.750000-val_loss=0.406023-MAR=7.150000.ckpt
2025-06-06 04:01:55.736 | ERROR    | DejaVu.models.interface.callbacks:on_validation_epoch_end:145 - Encounter Exception during test: TypeError("test() got an unexpected keyword argument 'test_dataloaders'")
2025-06-06 04:01:58.749 | INFO     | DejaVu.models.interface.callbacks:on_train_epoch_end:41 - epoch=250   loss=0.0259    A@1=85.58% A@2=99.04% A@3=99.04% A@5=100.00% MAR=1.16  
2025-06-06 04:02:04.870 | INFO     | DejaVu.models.interface.callbacks:on_train_epoch_end:41 - epoch=252   loss=0.0194    A@1=89.42% A@2=97.12% A@3=98.08% A@5=99.04% MAR=1.18  
2025-06-06 04:02:10.771 | INFO     | DejaVu.models.interface.callbacks:on_train_epoch_end:41 - epoch=254   loss=0.0345    A@1=85.58% A@2=98.08% A@3=98.08% A@5=98.08% MAR=1.23  
2025-06-06 04:02:17.186 | INFO     | DejaVu.models.interface.callbacks:on_train_epoch_end:41 - epoch=256   loss=0.1015    A@1=88.46% A@2=96.15% A@3=98.08% A@5=99.04% MAR=1.20  
2025-06-06 04:02:23.719 | INFO     | DejaVu.models.interface.callbacks:on_train_epoch_end:41 - epoch=258   loss=0.0617    A@1=87.50% A@2=96.15% A@3=99.04% A@5=100.00% MAR=1.17  
2025-06-06 04:02:27.308 | INFO     | DejaVu.models.interface.callbacks:on_validation_epoch_end:52 - epoch=259   val_loss=0.5006     A@1=75.00% A@2=75.00% A@3=75.00% A@5=75.00% MAR=8.25  
2025-06-06 04:02:27.324 | INFO     | DejaVu.models.interface.callbacks:on_validation_epoch_end:133 - 
=======================Start Test at Epoch 259 ======================
2025-06-06 04:02:27.324 | INFO     | DejaVu.models.interface.callbacks:on_validation_epoch_end:136 - load model from /SSF/output/run_GAT_node_classification.py.2025-06-06T03:50:05.862676/lightning_logs/version_0/checkpoints/epoch=29-A@1=0.750000-val_loss=0.406023-MAR=7.150000.ckpt
2025-06-06 04:02:27.325 | ERROR    | DejaVu.models.interface.callbacks:on_validation_epoch_end:145 - Encounter Exception during test: TypeError("test() got an unexpected keyword argument 'test_dataloaders'")
2025-06-06 04:02:30.475 | INFO     | DejaVu.models.interface.callbacks:on_train_epoch_end:41 - epoch=260   loss=0.2963    A@1=88.46% A@2=95.19% A@3=98.08% A@5=99.04% MAR=1.30  
2025-06-06 04:02:37.224 | INFO     | DejaVu.models.interface.callbacks:on_train_epoch_end:41 - epoch=262   loss=0.0140    A@1=88.46% A@2=98.08% A@3=99.04% A@5=99.04% MAR=1.17  
2025-06-06 04:02:43.193 | INFO     | DejaVu.models.interface.callbacks:on_train_epoch_end:41 - epoch=264   loss=0.0218    A@1=91.35% A@2=98.08% A@3=98.08% A@5=100.00% MAR=1.14  
2025-06-06 04:02:49.123 | INFO     | DejaVu.models.interface.callbacks:on_train_epoch_end:41 - epoch=266   loss=0.1105    A@1=91.35% A@2=97.12% A@3=98.08% A@5=100.00% MAR=1.13  
2025-06-06 04:02:55.054 | INFO     | DejaVu.models.interface.callbacks:on_train_epoch_end:41 - epoch=268   loss=0.0424    A@1=90.38% A@2=96.15% A@3=97.12% A@5=100.00% MAR=1.16  
2025-06-06 04:02:58.283 | INFO     | DejaVu.models.interface.callbacks:on_validation_epoch_end:52 - epoch=269   val_loss=0.5402     A@1=75.00% A@2=75.00% A@3=75.00% A@5=75.00% MAR=8.50  
2025-06-06 04:02:58.298 | INFO     | DejaVu.models.interface.callbacks:on_validation_epoch_end:133 - 
=======================Start Test at Epoch 269 ======================
2025-06-06 04:02:58.298 | INFO     | DejaVu.models.interface.callbacks:on_validation_epoch_end:136 - load model from /SSF/output/run_GAT_node_classification.py.2025-06-06T03:50:05.862676/lightning_logs/version_0/checkpoints/epoch=29-A@1=0.750000-val_loss=0.406023-MAR=7.150000.ckpt
2025-06-06 04:02:58.299 | ERROR    | DejaVu.models.interface.callbacks:on_validation_epoch_end:145 - Encounter Exception during test: TypeError("test() got an unexpected keyword argument 'test_dataloaders'")
2025-06-06 04:03:01.173 | INFO     | DejaVu.models.interface.callbacks:on_train_epoch_end:41 - epoch=270   loss=0.0221    A@1=89.42% A@2=95.19% A@3=99.04% A@5=100.00% MAR=1.16  
2025-06-06 04:03:06.943 | INFO     | DejaVu.models.interface.callbacks:on_train_epoch_end:41 - epoch=272   loss=0.0545    A@1=87.50% A@2=93.27% A@3=96.15% A@5=99.04% MAR=1.28  
2025-06-06 04:03:12.771 | INFO     | DejaVu.models.interface.callbacks:on_train_epoch_end:41 - epoch=274   loss=0.0361    A@1=88.46% A@2=97.12% A@3=100.00% A@5=100.00% MAR=1.14  
2025-06-06 04:03:18.583 | INFO     | DejaVu.models.interface.callbacks:on_train_epoch_end:41 - epoch=276   loss=0.0741    A@1=81.73% A@2=94.23% A@3=96.15% A@5=99.04% MAR=1.42  
2025-06-06 04:03:24.524 | INFO     | DejaVu.models.interface.callbacks:on_train_epoch_end:41 - epoch=278   loss=0.0205    A@1=88.46% A@2=94.23% A@3=97.12% A@5=98.08% MAR=1.24  
2025-06-06 04:03:27.858 | INFO     | DejaVu.models.interface.callbacks:on_validation_epoch_end:52 - epoch=279   val_loss=0.5666     A@1=75.00% A@2=75.00% A@3=75.00% A@5=75.00% MAR=8.60  
2025-06-06 04:03:30.728 | INFO     | DejaVu.models.interface.callbacks:on_train_epoch_end:41 - epoch=280   loss=0.0294    A@1=92.31% A@2=98.08% A@3=98.08% A@5=100.00% MAR=1.12  
2025-06-06 04:03:37.075 | INFO     | DejaVu.models.interface.callbacks:on_train_epoch_end:41 - epoch=282   loss=0.0451    A@1=92.31% A@2=96.15% A@3=96.15% A@5=99.04% MAR=1.18  
2025-06-06 04:03:43.031 | INFO     | DejaVu.models.interface.callbacks:on_train_epoch_end:41 - epoch=284   loss=0.0348    A@1=93.27% A@2=98.08% A@3=99.04% A@5=100.00% MAR=1.10  
2025-06-06 04:03:48.885 | INFO     | DejaVu.models.interface.callbacks:on_train_epoch_end:41 - epoch=286   loss=0.0705    A@1=87.50% A@2=95.19% A@3=96.15% A@5=99.04% MAR=1.27  
2025-06-06 04:03:54.727 | INFO     | DejaVu.models.interface.callbacks:on_train_epoch_end:41 - epoch=288   loss=0.0491    A@1=87.50% A@2=96.15% A@3=97.12% A@5=99.04% MAR=1.34  
2025-06-06 04:03:57.931 | INFO     | DejaVu.models.interface.callbacks:on_validation_epoch_end:52 - epoch=289   val_loss=0.6288     A@1=75.00% A@2=75.00% A@3=75.00% A@5=75.00% MAR=8.65  
2025-06-06 04:03:57.946 | INFO     | DejaVu.models.interface.callbacks:on_validation_epoch_end:133 - 
=======================Start Test at Epoch 289 ======================
2025-06-06 04:03:57.947 | INFO     | DejaVu.models.interface.callbacks:on_validation_epoch_end:136 - load model from /SSF/output/run_GAT_node_classification.py.2025-06-06T03:50:05.862676/lightning_logs/version_0/checkpoints/epoch=29-A@1=0.750000-val_loss=0.406023-MAR=7.150000.ckpt
2025-06-06 04:03:57.948 | ERROR    | DejaVu.models.interface.callbacks:on_validation_epoch_end:145 - Encounter Exception during test: TypeError("test() got an unexpected keyword argument 'test_dataloaders'")
2025-06-06 04:04:01.111 | INFO     | DejaVu.models.interface.callbacks:on_train_epoch_end:41 - epoch=290   loss=0.0224    A@1=86.54% A@2=98.08% A@3=99.04% A@5=100.00% MAR=1.16  
2025-06-06 04:04:07.080 | INFO     | DejaVu.models.interface.callbacks:on_train_epoch_end:41 - epoch=292   loss=0.0282    A@1=90.38% A@2=96.15% A@3=99.04% A@5=100.00% MAR=1.14  
2025-06-06 04:04:12.939 | INFO     | DejaVu.models.interface.callbacks:on_train_epoch_end:41 - epoch=294   loss=0.0495    A@1=90.38% A@2=95.19% A@3=98.08% A@5=100.00% MAR=1.16  
2025-06-06 04:04:18.721 | INFO     | DejaVu.models.interface.callbacks:on_train_epoch_end:41 - epoch=296   loss=0.0290    A@1=85.58% A@2=94.23% A@3=96.15% A@5=96.15% MAR=1.37  
2025-06-06 04:04:24.572 | INFO     | DejaVu.models.interface.callbacks:on_train_epoch_end:41 - epoch=298   loss=0.0200    A@1=88.46% A@2=96.15% A@3=99.04% A@5=99.04% MAR=1.18  
2025-06-06 04:04:27.719 | INFO     | DejaVu.models.interface.callbacks:on_validation_epoch_end:52 - epoch=299   val_loss=0.5484     A@1=75.00% A@2=75.00% A@3=75.00% A@5=75.00% MAR=8.40  
2025-06-06 04:04:27.770 | INFO     | utils.callbacks:on_fit_end:106 - Average epoch time: 2.85
2025-06-06 04:04:27.772 | INFO     | DejaVu.workflow:_train_exp_CFL:99 - trainer.checkpoint_callback.best_model_path='/SSF/output/run_GAT_node_classification.py.2025-06-06T03:50:05.862676/lightning_logs/version_0/checkpoints/epoch=29-A@1=0.750000-val_loss=0.406023-MAR=7.150000.ckpt'
2025-06-06 04:04:28.104 | INFO     | DejaVu.workflow:_train_exp_CFL:100 - {'command_line': 'python run_GAT_node_classification.py -H=4 -L=8 -fe=GRU -aug=True -bal=True --data_dir=./data/TrainTicket/gt', 'time': 'Fri Jun  6 04:04:27 2025', 'git_root': '/workspace', 'git_url': 'https://github.com/yijunquan-afk/Dejavu-changed/tree/d99ce0eca31a5fb966cfab615bb0fae5d949140e', 'git_has_uncommitted_changes': True}
2025-06-06 04:04:28.128 | WARNING  | utils.load_model:best_checkpoint:35 - ckpt_path=PosixPath('/SSF/output/run_GAT_node_classification.py.2025-06-06T03:50:05.862676/lightning_logs/version_0/checkpoints/last.ckpt') not match
Restoring states from the checkpoint path at /SSF/output/run_GAT_node_classification.py.2025-06-06T03:50:05.862676/lightning_logs/version_0/checkpoints/epoch=29-A@1=0.750000-val_loss=0.406023-MAR=7.150000.ckpt
Loaded model weights from checkpoint at /SSF/output/run_GAT_node_classification.py.2025-06-06T03:50:05.862676/lightning_logs/version_0/checkpoints/epoch=29-A@1=0.750000-val_loss=0.406023-MAR=7.150000.ckpt
2025-06-06 04:04:29.610 | INFO     | DejaVu.models.interface.callbacks:on_test_epoch_end:107 - 
A@1=96.55% A@2=96.55% A@3=100.00% A@5=100.00% MAR=1.07  
|id  |     |FR |AR |recurring|timestamp                |root cause                                                            |rank-1              |rank-2              |rank-3              |
|3   |✅    |  1|  1|True     |2024-11-01T18:07:00+08:00|ts-contacts-service-6b9f8dcd78-m68rp                                  |ts-contacts-service-6b9f8dcd78-m68rp|ts-cancel-service-7d7f7d6f67-6d258|ts-preserve-other-service-587fd7c476-zpqgr|
|5   |✅    |  1|  1|True     |2024-11-01T18:31:00+08:00|ts-basic-service-5958769c99-mj82d                                     |ts-basic-service-5958769c99-mj82d|ts-station-service-588d557995-4qk9q|ts-contacts-service-6b9f8dcd78-m68rp|
|6   |✅    |  1|  1|True     |2024-11-01T18:43:00+08:00|ts-basic-service-5958769c99-mj82d                                     |ts-basic-service-5958769c99-mj82d|ts-station-service-588d557995-4qk9q|ts-ticketinfo-service-6744c7f6c9-9mlxv|
|8   |✅    |  1|  1|True     |2024-11-01T19:07:00+08:00|ts-basic-service-5958769c99-mj82d                                     |ts-basic-service-5958769c99-mj82d|ts-ticketinfo-service-6744c7f6c9-9mlxv|ts-verification-code-service|
|9   |✅    |  1|  1|True     |2024-11-01T19:20:00+08:00|ts-basic-service-5958769c99-mj82d                                     |ts-basic-service-5958769c99-mj82d|ts-ticketinfo-service-6744c7f6c9-9mlxv|ts-verification-code-service|
|10  |✅    |  1|  1|True     |2024-11-01T19:32:00+08:00|ts-payment-service-6df559d8fd-4wzhd                                   |ts-payment-service-6df559d8fd-4wzhd|ts-basic-service-5958769c99-mj82d|ts-inside-payment-service-6fbbfd7d4d-gbr6z|
|12  |✅    |  1|  1|True     |2024-11-01T19:56:00+08:00|ts-payment-service-6df559d8fd-4wzhd                                   |ts-payment-service-6df559d8fd-4wzhd|ts-inside-payment-service-6fbbfd7d4d-gbr6z|ts-station-service-588d557995-4qk9q|
|14  |✅    |  1|  1|True     |2024-11-01T20:20:00+08:00|ts-payment-service-6df559d8fd-4wzhd                                   |ts-payment-service-6df559d8fd-4wzhd|ts-verification-code-service|ts-auth-service     |
|15  |✅    |  1|  1|True     |2024-11-01T20:33:00+08:00|ts-travel-service-d9d887cd9-cplqf                                     |ts-travel-service-d9d887cd9-cplqf|ts-route-service-5dd59946b-c4qxz|ts-train-service-5c65c844c7-rfrtr|
|23  |✅    |  1|  1|True     |2024-11-01T22:10:00+08:00|ts-travel2-service-749b4bf999-qhltz                                   |ts-travel2-service-749b4bf999-qhltz|ts-seat-service-669f4448bd-rz859|ts-preserve-other-service-587fd7c476-zpqgr|
|29  |✅    |  1|  1|True     |2024-11-02T00:13:00+08:00|ts-food-map-service-66c85b59b-brmrf                                   |ts-food-map-service-66c85b59b-brmrf|ts-verification-code-service|ts-auth-service     |
|33  |✅    |  1|  1|True     |2024-11-02T01:02:00+08:00|ts-route-service-5dd59946b-c4qxz                                      |ts-route-service-5dd59946b-c4qxz|ts-travel2-service-749b4bf999-qhltz|ts-seat-service-669f4448bd-rz859|
|39  |✅    |  1|  1|True     |2024-11-02T14:45:00+08:00|ts-order-service-86b84f56b5-kcmcd                                     |ts-order-service-86b84f56b5-kcmcd|ts-execute-service-c7b547488-qdcvh|ts-preserve-service-56576b74bf-r682r|
|43  |✅    |  1|  1|True     |2024-11-02T15:34:00+08:00|ts-station-service-588d557995-4qk9q                                   |ts-station-service-588d557995-4qk9q|ts-basic-service-5958769c99-mj82d|ts-ticketinfo-service-6744c7f6c9-9mlxv|
|44  |✅    |  1|  1|True     |2024-11-02T15:46:00+08:00|ts-station-service-588d557995-4qk9q                                   |ts-station-service-588d557995-4qk9q|ts-order-other-service-7cd56875dd-vdfzc|ts-basic-service-5958769c99-mj82d|
|46  |✅    |  1|  1|True     |2024-11-02T16:10:00+08:00|ts-station-service-588d557995-4qk9q                                   |ts-station-service-588d557995-4qk9q|ts-basic-service-5958769c99-mj82d|ts-ticketinfo-service-6744c7f6c9-9mlxv|
|50  |✅    |  1|  1|True     |2024-11-02T16:59:00+08:00|ts-contacts-service-6b9f8dcd78-m68rp                                  |ts-contacts-service-6b9f8dcd78-m68rp|ts-station-service-588d557995-4qk9q|ts-order-service-86b84f56b5-kcmcd|
|60  |✅    |  1|  1|True     |2024-11-02T19:01:00+08:00|ts-payment-service-6df559d8fd-4wzhd                                   |ts-payment-service-6df559d8fd-4wzhd|ts-inside-payment-service-6fbbfd7d4d-gbr6z|ts-station-service-588d557995-4qk9q|
|61  |✅    |  1|  1|True     |2024-11-02T19:13:00+08:00|ts-payment-service-6df559d8fd-4wzhd                                   |ts-payment-service-6df559d8fd-4wzhd|ts-inside-payment-service-6fbbfd7d4d-gbr6z|ts-verification-code-service|
|63  |✅    |  1|  1|True     |2024-11-02T19:37:00+08:00|ts-travel-service-d9d887cd9-cplqf                                     |ts-travel-service-d9d887cd9-cplqf|ts-payment-service-6df559d8fd-4wzhd|ts-route-service-5dd59946b-c4qxz|
|67  |✅    |  1|  1|True     |2024-11-02T20:26:00+08:00|ts-travel-service-d9d887cd9-cplqf                                     |ts-travel-service-d9d887cd9-cplqf|ts-seat-service-669f4448bd-rz859|ts-food-service-bc45c695c-4zcvv|
|68  |✅    |  1|  1|True     |2024-11-02T20:38:00+08:00|ts-travel2-service-749b4bf999-qhltz                                   |ts-travel2-service-749b4bf999-qhltz|ts-train-service-5c65c844c7-rfrtr|ts-route-service-5dd59946b-c4qxz|
|70  |✅    |  1|  1|True     |2024-11-02T21:02:00+08:00|ts-travel2-service-749b4bf999-qhltz                                   |ts-travel2-service-749b4bf999-qhltz|ts-seat-service-669f4448bd-rz859|ts-route-service-5dd59946b-c4qxz|
|74  |✅    |  1|  1|True     |2024-11-02T21:51:00+08:00|ts-food-map-service-66c85b59b-brmrf                                   |ts-food-map-service-66c85b59b-brmrf|ts-food-service-bc45c695c-4zcvv|ts-verification-code-service|
|76  |✅    |  1|  1|True     |2024-11-02T22:15:00+08:00|ts-food-map-service-66c85b59b-brmrf                                   |ts-food-map-service-66c85b59b-brmrf|ts-food-service-bc45c695c-4zcvv|ts-verification-code-service|
|80  |✅    |  1|  1|True     |2024-11-02T23:04:00+08:00|ts-route-service-5dd59946b-c4qxz                                      |ts-route-service-5dd59946b-c4qxz|ts-travel-service-d9d887cd9-cplqf|ts-travel2-service-749b4bf999-qhltz|
|87  |✅    |  1|  1|True     |2024-11-03T00:29:00+08:00|ts-order-service-86b84f56b5-kcmcd                                     |ts-order-service-86b84f56b5-kcmcd|ts-execute-service-c7b547488-qdcvh|ts-security-service-7489455857-5qv8w|
|88  |✅    |  1|  1|True     |2024-11-03T00:41:00+08:00|ts-order-service-86b84f56b5-kcmcd                                     |ts-order-service-86b84f56b5-kcmcd|ts-security-service-7489455857-5qv8w|ts-seat-service-669f4448bd-rz859|
|91  |✅    |  1|  1|True     |2024-11-03T01:17:00+08:00|ts-station-service-588d557995-4qk9q                                   |ts-station-service-588d557995-4qk9q|ts-order-other-service-7cd56875dd-vdfzc|ts-basic-service-5958769c99-mj82d|
|100 |✅    |  1|  1|True     |2024-11-03T03:07:00+08:00|ts-contacts-service-6b9f8dcd78-m68rp                                  |ts-contacts-service-6b9f8dcd78-m68rp|ts-verification-code-service|ts-auth-service     |
|103 |✅    |  1|  1|True     |2024-11-03T03:43:00+08:00|ts-basic-service-5958769c99-mj82d                                     |ts-basic-service-5958769c99-mj82d|ts-ticketinfo-service-6744c7f6c9-9mlxv|ts-travel-service-d9d887cd9-cplqf|
|105 |✅    |  1|  1|True     |2024-11-03T04:07:00+08:00|ts-basic-service-5958769c99-mj82d                                     |ts-basic-service-5958769c99-mj82d|ts-ticketinfo-service-6744c7f6c9-9mlxv|ts-verification-code-service|
|110 |✅    |  1|  1|True     |2024-11-03T05:08:00+08:00|ts-payment-service-6df559d8fd-4wzhd                                   |ts-payment-service-6df559d8fd-4wzhd|ts-verification-code-service|ts-auth-service     |
|113 |✅    |  1|  1|True     |2024-11-03T05:45:00+08:00|ts-travel-service-d9d887cd9-cplqf                                     |ts-travel-service-d9d887cd9-cplqf|ts-food-service-bc45c695c-4zcvv|ts-seat-service-669f4448bd-rz859|
|114 |✅    |  1|  1|True     |2024-11-03T05:57:00+08:00|ts-travel-service-d9d887cd9-cplqf                                     |ts-travel-service-d9d887cd9-cplqf|ts-food-service-bc45c695c-4zcvv|ts-seat-service-669f4448bd-rz859|
|117 |✅    |  1|  1|True     |2024-11-03T06:33:00+08:00|ts-travel2-service-749b4bf999-qhltz                                   |ts-travel2-service-749b4bf999-qhltz|ts-route-service-5dd59946b-c4qxz|ts-train-service-5c65c844c7-rfrtr|
|121 |✅    |  1|  1|True     |2024-11-03T07:22:00+08:00|ts-food-map-service-66c85b59b-brmrf                                   |ts-food-map-service-66c85b59b-brmrf|ts-travel2-service-749b4bf999-qhltz|ts-verification-code-service-565bf96697-g4nh4|
|123 |✅    |  1|  1|True     |2024-11-03T07:46:00+08:00|ts-food-map-service-66c85b59b-brmrf                                   |ts-food-map-service-66c85b59b-brmrf|ts-food-service-bc45c695c-4zcvv|ts-verification-code-service-565bf96697-g4nh4|
|126 |✅    |  1|  1|True     |2024-11-03T08:23:00+08:00|ts-route-service-5dd59946b-c4qxz                                      |ts-route-service-5dd59946b-c4qxz|ts-food-map-service-66c85b59b-brmrf|ts-execute-service-c7b547488-qdcvh|
|127 |✅    |  1|  1|True     |2024-11-03T08:35:00+08:00|ts-route-service-5dd59946b-c4qxz                                      |ts-route-service-5dd59946b-c4qxz|ts-payment-service-6df559d8fd-4wzhd|ts-inside-payment-service-6fbbfd7d4d-gbr6z|
|129 |✅    |  1|  1|True     |2024-11-03T08:59:00+08:00|ts-route-service-5dd59946b-c4qxz                                      |ts-route-service-5dd59946b-c4qxz|ts-travel-service-d9d887cd9-cplqf|ts-travel2-service-749b4bf999-qhltz|
|130 |✅    |  1|  1|True     |2024-11-03T09:11:00+08:00|ts-route-service-5dd59946b-c4qxz                                      |ts-route-service-5dd59946b-c4qxz|ts-payment-service-6df559d8fd-4wzhd|ts-inside-payment-service-6fbbfd7d4d-gbr6z|
|131 |❌    |  3|  3|True     |2024-11-03T09:23:00+08:00|ts-preserve-service-56576b74bf-r682r                                  |ts-user-service-5f99d7876b-zjbdc|ts-contacts-service-6b9f8dcd78-m68rp|ts-preserve-service-56576b74bf-r682r|
|136 |✅    |  1|  1|True     |2024-11-03T10:24:00+08:00|ts-order-service-86b84f56b5-kcmcd                                     |ts-order-service-86b84f56b5-kcmcd|ts-security-service-7489455857-5qv8w|ts-seat-service-669f4448bd-rz859|
|145 |✅    |  1|  1|True     |2024-11-03T12:13:00+08:00|ts-contacts-service-6b9f8dcd78-m68rp                                  |ts-contacts-service-6b9f8dcd78-m68rp|ts-cancel-service-7d7f7d6f67-6d258|ts-payment-service-6df559d8fd-4wzhd|
|148 |✅    |  1|  1|True     |2024-11-03T12:50:00+08:00|ts-contacts-service-6b9f8dcd78-m68rp                                  |ts-contacts-service-6b9f8dcd78-m68rp|ts-cancel-service-7d7f7d6f67-6d258|ts-payment-service-6df559d8fd-4wzhd|
|151 |✅    |  1|  1|True     |2024-11-03T13:26:00+08:00|ts-basic-service-5958769c99-mj82d                                     |ts-basic-service-5958769c99-mj82d|ts-ticketinfo-service-6744c7f6c9-9mlxv|ts-travel-service-d9d887cd9-cplqf|
|162 |✅    |  1|  1|True     |2024-11-03T15:40:00+08:00|ts-travel-service-d9d887cd9-cplqf                                     |ts-travel-service-d9d887cd9-cplqf|ts-seat-service-669f4448bd-rz859|ts-food-service-bc45c695c-4zcvv|
|163 |✅    |  1|  1|True     |2024-11-03T15:52:00+08:00|ts-travel-service-d9d887cd9-cplqf                                     |ts-travel-service-d9d887cd9-cplqf|ts-inside-payment-service-6fbbfd7d4d-gbr6z|ts-payment-service-6df559d8fd-4wzhd|
|166 |✅    |  1|  1|True     |2024-11-03T16:28:00+08:00|ts-travel2-service-749b4bf999-qhltz                                   |ts-travel2-service-749b4bf999-qhltz|ts-seat-service-669f4448bd-rz859|ts-route-service-5dd59946b-c4qxz|
|169 |✅    |  1|  1|True     |2024-11-03T17:05:00+08:00|ts-food-map-service-66c85b59b-brmrf                                   |ts-food-map-service-66c85b59b-brmrf|ts-travel2-service-749b4bf999-qhltz|ts-inside-payment-service-6fbbfd7d4d-gbr6z|
|170 |✅    |  1|  1|True     |2024-11-03T17:17:00+08:00|ts-food-map-service-66c85b59b-brmrf                                   |ts-food-map-service-66c85b59b-brmrf|ts-payment-service-6df559d8fd-4wzhd|ts-cancel-service-7d7f7d6f67-6d258|
|172 |✅    |  1|  1|True     |2024-11-03T17:41:00+08:00|ts-food-map-service-66c85b59b-brmrf                                   |ts-food-map-service-66c85b59b-brmrf|ts-food-service-bc45c695c-4zcvv|ts-payment-service-6df559d8fd-4wzhd|
|174 |✅    |  1|  1|True     |2024-11-03T18:06:00+08:00|ts-route-service-5dd59946b-c4qxz                                      |ts-route-service-5dd59946b-c4qxz|ts-food-map-service-66c85b59b-brmrf|ts-cancel-service-7d7f7d6f67-6d258|
|175 |✅    |  1|  1|True     |2024-11-03T18:18:00+08:00|ts-route-service-5dd59946b-c4qxz                                      |ts-route-service-5dd59946b-c4qxz|ts-cancel-service-7d7f7d6f67-6d258|ts-payment-service-6df559d8fd-4wzhd|
|178 |✅    |  1|  1|True     |2024-11-03T18:54:00+08:00|ts-route-service-5dd59946b-c4qxz                                      |ts-route-service-5dd59946b-c4qxz|ts-travel2-service-749b4bf999-qhltz|ts-cancel-service-7d7f7d6f67-6d258|
|179 |❌    |  3|  3|True     |2024-11-03T19:07:00+08:00|ts-preserve-service-56576b74bf-r682r                                  |ts-user-service-5f99d7876b-zjbdc|ts-contacts-service-6b9f8dcd78-m68rp|ts-preserve-service-56576b74bf-r682r|
|181 |✅    |  1|  1|True     |2024-11-03T19:31:00+08:00|ts-preserve-service-56576b74bf-r682r                                  |ts-preserve-service-56576b74bf-r682r|ts-cancel-service-7d7f7d6f67-6d258|ts-payment-service-6df559d8fd-4wzhd|

2025-06-06 04:04:29.711 | INFO     | DejaVu.workflow:<lambda>:27 - Time Report:
|path                                                                                                   |%total     |%parent    |count   |total      |mean(±std)              |min-max              |
|/train_exp_CFL                                                                                         |    100.00%|    100.00%|       1|   863.759s|   863.759(±     0.000)s|   863.759~   863.759|
|/train_exp_CFL/DejaVuDataset.__getitem__                                                               |     11.83%|     11.83%|   63078|   102.195s|     0.002(±     0.001)s|     0.001~     0.202|
|/train_exp_CFL/DejaVuDataset.__getitem__/MetricPreprocessor.__call__                                   |      0.03%|      0.22%|     418|     0.229s|     0.001(±     0.000)s|     0.000~     0.006|
|/train_exp_CFL/DejaVuDataset.__getitem__/_get_global_id_getter                                         |      0.00%|      0.00%|       1|     0.000s|     0.000(±     0.000)s|     0.000~     0.000|
|/train_exp_CFL/DejaVuDataset.__init__                                                                  |      0.00%|      0.00%|       6|     0.010s|     0.002(±     0.004)s|     0.000~     0.010|
|/train_exp_CFL/DejaVuModelInterface.get_collate_fn.<locals>.collate_fn                                 |      0.29%|      0.29%|    3932|     2.535s|     0.001(±     0.001)s|     0.000~     0.040|
|/train_exp_CFL/DejaVuModelInterface.test_step                                                          |      0.01%|      0.01%|       1|     0.092s|     0.092(±     0.000)s|     0.092~     0.092|
|/train_exp_CFL/DejaVuModelInterface.training_step                                                      |     41.00%|     41.00%|    3900|   354.125s|     0.091(±     0.023)s|     0.060~     0.283|
|/train_exp_CFL/DejaVuModelInterface.validation_step                                                    |      0.29%|      0.29%|      31|     2.474s|     0.080(±     0.023)s|     0.054~     0.173|
|/train_exp_CFL/Epoch Time                                                                              |     99.13%|     99.13%|     300|   856.283s|     2.854(±     0.316)s|     2.219~     4.539|
|/train_exp_CFL/FDG.load                                                                                |      0.04%|      0.04%|       1|     0.372s|     0.372(±     0.000)s|     0.372~     0.372|
|/train_exp_CFL/GAT.__init__                                                                            |      0.00%|      0.00%|       1|     0.008s|     0.008(±     0.000)s|     0.008~     0.008|
|/train_exp_CFL/MetricPreprocessor.extract_features                                                     |      0.17%|      0.17%|       1|     1.499s|     1.499(±     0.000)s|     1.499~     1.499|
|/train_exp_CFL/MetricPreprocessor.extract_features/instance type iter                                  |      0.17%|     96.59%|       2|     1.448s|     0.724(±     0.401)s|     0.323~     1.125|
|/train_exp_CFL/MetricPreprocessor.extract_features/instance type iter/fill na                          |      0.01%|      3.24%|       2|     0.047s|     0.023(±     0.013)s|     0.010~     0.037|
|/train_exp_CFL/MetricPreprocessor.extract_features/instance type iter/fill na/metric iter              |      0.00%|     46.62%|     290|     0.022s|     0.000(±     0.000)s|     0.000~     0.001|
|/train_exp_CFL/MetricPreprocessor.extract_features/instance type iter/get idx dict                     |      0.00%|      0.01%|       2|     0.000s|     0.000(±     0.000)s|     0.000~     0.000|
|/train_exp_CFL/MetricPreprocessor.extract_features/instance type iter/get values from df               |      0.16%|     96.35%|       2|     1.395s|     0.698(±     0.387)s|     0.311~     1.084|
|/train_exp_CFL/MetricPreprocessor.extract_features/instance type iter/get values from df/fill into feat|      0.14%|     88.16%|       2|     1.230s|     0.615(±     0.366)s|     0.249~     0.981|
|/train_exp_CFL/MetricPreprocessor.extract_features/instance type iter/get values from df/index         |      0.02%|     11.76%|       2|     0.164s|     0.082(±     0.021)s|     0.061~     0.103|
|/train_exp_CFL/MetricPreprocessor.extract_features/ts select                                           |      0.00%|      2.53%|       1|     0.038s|     0.038(±     0.000)s|     0.038~     0.038|
|/train_exp_CFL/_get_global_id_resolver                                                                 |      0.00%|      0.00%|       1|     0.000s|     0.000(±     0.000)s|     0.000~     0.000|

2025-06-06 04:04:30.467 | INFO     | DejaVu.workflow:<lambda>:124 - command output one-line summary: 96.55,96.55,100.00,100.00,1.07,863.7587257307023,,,/SSF/output/run_GAT_node_classification.py.2025-06-06T03:50:05.862676,,,,python run_GAT_node_classification.py -H=4 -L=8 -fe=GRU -aug=True -bal=True --data_dir=./data/TrainTicket/gt,https://github.com/yijunquan-afk/Dejavu-changed/tree/d99ce0eca31a5fb966cfab615bb0fae5d949140e
────────────────────────────────────────────────────────────────────────────────────────────────────────────────────────
       Test metric             DataLoader 0
────────────────────────────────────────────────────────────────────────────────────────────────────────────────────────
           A@1              0.9655172228813171
           A@2              0.9655172228813171
           A@3                      1.0
           A@5                      1.0
           MAR              1.0689655172413792
────────────────────────────────────────────────────────────────────────────────────────────────────────────────────────
train finished. saved to /SSF/output/run_GAT_node_classification.py.2025-06-06T03:50:05.862676
